==============BoostCF #[3]===============
The initial unexplained part (sum of rating matrix) is 85132.000000
learningRate=[0.000000], dim=[1], lambda=[0.00], lambda_social=[0.00], lambda_item=[0.00], sim_threshold=[1.000000]
-------------------------------------------
Round[1]: Size[2071×1642], Iteration[100], Unexplained part[50171.635016], Percentage[58.933932%], delta%=[41.066068%]
Round[2]: Size[2071×1642], Iteration[100], Unexplained part[37585.534955], Percentage[44.149715%], delta%=[14.784218%]
Round[3]: Size[2071×7], Iteration[100], Unexplained part[37406.845482], Percentage[43.939818%], delta%=[0.209897%]
Round[4]: Size[2071×1642], Iteration[100], Unexplained part[34671.333110], Percentage[40.726558%], delta%=[3.213260%]
Round[5]: Size[2071×1642], Iteration[100], Unexplained part[32839.635147], Percentage[38.574960%], delta%=[2.151597%]
Round[6]: Size[2071×1642], Iteration[100], Unexplained part[31258.510821], Percentage[36.717698%], delta%=[1.857262%]
Round[7]: Size[2071×1642], Iteration[100], Unexplained part[29875.274158], Percentage[35.092884%], delta%=[1.624814%]
Round[8]: Size[2071×1642], Iteration[100], Unexplained part[28676.062701], Percentage[33.684235%], delta%=[1.408649%]
Round[9]: Size[2071×3], Iteration[100], Unexplained part[28636.488174], Percentage[33.637749%], delta%=[0.046486%]
Round[10]: Size[2071×1642], Iteration[100], Unexplained part[27590.043826], Percentage[32.408547%], delta%=[1.229202%]
Round[11]: Size[2071×1642], Iteration[100], Unexplained part[26612.564716], Percentage[31.260354%], delta%=[1.148192%]
Round[12]: Size[2071×1642], Iteration[100], Unexplained part[25674.406060], Percentage[30.158349%], delta%=[1.102005%]
Round[13]: Size[2071×1642], Iteration[100], Unexplained part[24797.012967], Percentage[29.127723%], delta%=[1.030627%]
Round[14]: Size[2071×10], Iteration[100], Unexplained part[24705.074819], Percentage[29.019728%], delta%=[0.107995%]
Round[15]: Size[2071×15], Iteration[100], Unexplained part[24603.391132], Percentage[28.900286%], delta%=[0.119442%]
Round[16]: Size[2071×3], Iteration[100], Unexplained part[24576.670598], Percentage[28.868898%], delta%=[0.031387%]
Round[17]: Size[2071×25], Iteration[100], Unexplained part[24439.451892], Percentage[28.707715%], delta%=[0.161183%]
Round[18]: Size[2071×1642], Iteration[100], Unexplained part[23582.665493], Percentage[27.701294%], delta%=[1.006421%]
Round[19]: Size[2071×1642], Iteration[100], Unexplained part[22767.672927], Percentage[26.743966%], delta%=[0.957328%]
Round[20]: Size[2071×1642], Iteration[100], Unexplained part[21999.311672], Percentage[25.841413%], delta%=[0.902553%]
Round[21]: Size[2071×8], Iteration[100], Unexplained part[21952.563056], Percentage[25.786500%], delta%=[0.054913%]
Round[22]: Size[2071×1642], Iteration[100], Unexplained part[21264.715931], Percentage[24.978523%], delta%=[0.807977%]
Round[23]: Size[2071×1642], Iteration[100], Unexplained part[20567.376003], Percentage[24.159395%], delta%=[0.819128%]
Round[24]: Size[2071×3], Iteration[100], Unexplained part[20526.438658], Percentage[24.111308%], delta%=[0.048087%]
Round[25]: Size[2071×1642], Iteration[100], Unexplained part[19809.262155], Percentage[23.268879%], delta%=[0.842429%]
Round[26]: Size[2071×1642], Iteration[100], Unexplained part[19160.081207], Percentage[22.506321%], delta%=[0.762558%]
Round[27]: Size[2071×1642], Iteration[100], Unexplained part[18517.499855], Percentage[21.751515%], delta%=[0.754806%]
Round[28]: Size[2071×3], Iteration[100], Unexplained part[18484.680622], Percentage[21.712964%], delta%=[0.038551%]
Round[29]: Size[2071×1642], Iteration[100], Unexplained part[17873.877712], Percentage[20.995487%], delta%=[0.717477%]
Round[30]: Size[2071×1642], Iteration[100], Unexplained part[17269.205689], Percentage[20.285211%], delta%=[0.710276%]
Round[31]: Size[2071×1642], Iteration[100], Unexplained part[16667.362057], Percentage[19.578257%], delta%=[0.706953%]
Round[32]: Size[2071×1642], Iteration[100], Unexplained part[16057.149193], Percentage[18.861473%], delta%=[0.716784%]
Round[33]: Size[2071×1642], Iteration[100], Unexplained part[15511.444287], Percentage[18.220463%], delta%=[0.641010%]
Round[34]: Size[2071×22], Iteration[100], Unexplained part[15450.174701], Percentage[18.148493%], delta%=[0.071970%]
Round[35]: Size[2071×1642], Iteration[100], Unexplained part[14884.088712], Percentage[17.483542%], delta%=[0.664951%]
Round[36]: Size[2071×1642], Iteration[100], Unexplained part[14345.704308], Percentage[16.851130%], delta%=[0.632411%]
Round[37]: Size[2071×1642], Iteration[100], Unexplained part[13827.925641], Percentage[16.242924%], delta%=[0.608207%]
Round[38]: Size[2071×1642], Iteration[100], Unexplained part[13316.644064], Percentage[15.642348%], delta%=[0.600575%]
Round[39]: Size[2071×1642], Iteration[100], Unexplained part[12802.744076], Percentage[15.038698%], delta%=[0.603651%]
Round[40]: Size[2071×1642], Iteration[100], Unexplained part[12350.617082], Percentage[14.507608%], delta%=[0.531089%]
Round[41]: Size[2071×3], Iteration[100], Unexplained part[12327.009910], Percentage[14.479878%], delta%=[0.027730%]
Round[42]: Size[2071×1642], Iteration[100], Unexplained part[11866.451442], Percentage[13.938885%], delta%=[0.540993%]
Round[43]: Size[2071×1642], Iteration[100], Unexplained part[11420.687205], Percentage[13.415269%], delta%=[0.523615%]
Round[44]: Size[2071×1642], Iteration[100], Unexplained part[10944.066960], Percentage[12.855409%], delta%=[0.559860%]
Round[45]: Size[2071×1642], Iteration[100], Unexplained part[10541.853724], Percentage[12.382951%], delta%=[0.472458%]
Round[46]: Size[2071×1642], Iteration[100], Unexplained part[10072.950225], Percentage[11.832155%], delta%=[0.550796%]
Round[47]: Size[2071×1642], Iteration[100], Unexplained part[9637.086442], Percentage[11.320169%], delta%=[0.511986%]
Round[48]: Size[2071×1642], Iteration[100], Unexplained part[9226.769666], Percentage[10.838192%], delta%=[0.481977%]
Round[49]: Size[2071×1642], Iteration[100], Unexplained part[8831.086357], Percentage[10.373404%], delta%=[0.464788%]
