==============BoostCF #[3]===============
The initial unexplained part (sum of rating matrix) is 181651.000000
dim=[1], lambda=[0.00], lambda_social=[0.00], lambda_item=[0.00], sim_threshold=[0.200000]
-------------------------------------------
Round[1]: Size[183×44], Iteration[0], Unexplained part[181651.000000], Percentage[100.000000%], delta%=[0.000000%]
Round[2]: Size[158×79], Iteration[5], Unexplained part[179890.245906], Percentage[99.030694%], delta%=[0.969306%]
Round[3]: Size[58×341], Iteration[4], Unexplained part[178825.308147], Percentage[98.444439%], delta%=[0.586255%]
Round[4]: Size[88×181], Iteration[4], Unexplained part[178469.138055], Percentage[98.248365%], delta%=[0.196074%]
Round[5]: Size[117×174], Iteration[50], Unexplained part[178467.138055], Percentage[98.247264%], delta%=[0.001101%]
Round[6]: Size[73×239], Iteration[4], Unexplained part[178039.814205], Percentage[98.012020%], delta%=[0.235244%]
Round[7]: Size[40×45], Iteration[11], Unexplained part[178026.363627], Percentage[98.004615%], delta%=[0.007405%]
Round[8]: Size[23×196], Iteration[10], Unexplained part[177936.958570], Percentage[97.955397%], delta%=[0.049218%]
Round[9]: Size[4×203], Iteration[8], Unexplained part[177912.490458], Percentage[97.941927%], delta%=[0.013470%]
Round[10]: Size[270×91], Iteration[21], Unexplained part[177828.577618], Percentage[97.895733%], delta%=[0.046195%]
Round[11]: Size[85×218], Iteration[5], Unexplained part[177631.280051], Percentage[97.787119%], delta%=[0.108614%]
Round[12]: Size[10×156], Iteration[50], Unexplained part[177624.280051], Percentage[97.783266%], delta%=[0.003854%]
Round[13]: Size[10×174], Iteration[2], Unexplained part[177607.197950], Percentage[97.773862%], delta%=[0.009404%]
Round[14]: Size[29×203], Iteration[7], Unexplained part[177556.412804], Percentage[97.745904%], delta%=[0.027958%]
Round[15]: Size[64×162], Iteration[2], Unexplained part[177506.627887], Percentage[97.718497%], delta%=[0.027407%]
Round[16]: Size[12×392], Iteration[6], Unexplained part[177456.595201], Percentage[97.690954%], delta%=[0.027543%]
Round[17]: Size[75×455], Iteration[5], Unexplained part[177056.440904], Percentage[97.470667%], delta%=[0.220287%]
Round[18]: Size[29×102], Iteration[4], Unexplained part[176921.630226], Percentage[97.396453%], delta%=[0.074214%]
Round[19]: Size[46×329], Iteration[7], Unexplained part[176884.633563], Percentage[97.376086%], delta%=[0.020367%]
Round[20]: Size[5×53], Iteration[50], Unexplained part[176881.633563], Percentage[97.374434%], delta%=[0.001652%]
Round[21]: Size[28×105], Iteration[8], Unexplained part[176871.731518], Percentage[97.368983%], delta%=[0.005451%]
Round[22]: Size[1715×10], Iteration[5], Unexplained part[176092.430941], Percentage[96.939973%], delta%=[0.429010%]
Round[23]: Size[62×66], Iteration[3], Unexplained part[175982.530724], Percentage[96.879473%], delta%=[0.060501%]
Round[24]: Size[198×144], Iteration[0], Unexplained part[175982.530724], Percentage[96.879473%], delta%=[0.000000%]
Round[25]: Size[42×50], Iteration[13], Unexplained part[175954.235924], Percentage[96.863896%], delta%=[0.015576%]
Round[26]: Size[276×74], Iteration[5], Unexplained part[175634.041224], Percentage[96.687627%], delta%=[0.176269%]
Round[27]: Size[1715×94], Iteration[4], Unexplained part[172922.961418], Percentage[95.195161%], delta%=[1.492466%]
Round[28]: Size[4×43], Iteration[50], Unexplained part[172916.172520], Percentage[95.191423%], delta%=[0.003737%]
Round[29]: Size[11×68], Iteration[7], Unexplained part[172892.640854], Percentage[95.178469%], delta%=[0.012954%]
Round[30]: Size[1715×76], Iteration[4], Unexplained part[169146.995096], Percentage[93.116468%], delta%=[2.062001%]
Round[31]: Size[70×92], Iteration[13], Unexplained part[169128.556014], Percentage[93.106317%], delta%=[0.010151%]
Round[32]: Size[255×325], Iteration[5], Unexplained part[168562.769791], Percentage[92.794848%], delta%=[0.311469%]
Round[33]: Size[53×68], Iteration[2], Unexplained part[168551.157097], Percentage[92.788455%], delta%=[0.006393%]
Round[34]: Size[7×38], Iteration[34], Unexplained part[168538.695227], Percentage[92.781595%], delta%=[0.006860%]
Round[35]: Size[27×165], Iteration[14], Unexplained part[168524.505156], Percentage[92.773783%], delta%=[0.007812%]
Round[36]: Size[101×263], Iteration[12], Unexplained part[168435.047422], Percentage[92.724536%], delta%=[0.049247%]
Round[37]: Size[137×282], Iteration[6], Unexplained part[164146.365457], Percentage[90.363590%], delta%=[2.360946%]
Round[38]: Size[25×132], Iteration[2], Unexplained part[164140.704207], Percentage[90.360474%], delta%=[0.003117%]
Round[39]: Size[43×433], Iteration[50], Unexplained part[164129.749475], Percentage[90.354443%], delta%=[0.006031%]
Round[40]: Size[14×226], Iteration[0], Unexplained part[164129.749475], Percentage[90.354443%], delta%=[0.000000%]
Round[41]: Size[6×19], Iteration[0], Unexplained part[164129.749475], Percentage[90.354443%], delta%=[0.000000%]
Round[42]: Size[27×236], Iteration[6], Unexplained part[163870.422709], Percentage[90.211682%], delta%=[0.142761%]
Round[43]: Size[30×231], Iteration[15], Unexplained part[163814.395021], Percentage[90.180839%], delta%=[0.030844%]
Round[44]: Size[68×26], Iteration[7], Unexplained part[163735.243131], Percentage[90.137265%], delta%=[0.043574%]
Round[45]: Size[34×75], Iteration[0], Unexplained part[163735.243131], Percentage[90.137265%], delta%=[0.000000%]
Round[46]: Size[68×31], Iteration[50], Unexplained part[163727.390644], Percentage[90.132942%], delta%=[0.004323%]
Round[47]: Size[42×104], Iteration[6], Unexplained part[163075.366753], Percentage[89.773999%], delta%=[0.358943%]
Round[48]: Size[29×236], Iteration[4], Unexplained part[162984.796320], Percentage[89.724139%], delta%=[0.049860%]
Round[49]: Size[89×163], Iteration[8], Unexplained part[162780.530963], Percentage[89.611690%], delta%=[0.112449%]
Round[50]: Size[185×74], Iteration[50], Unexplained part[162774.530963], Percentage[89.608387%], delta%=[0.003303%]
Round[51]: Size[131×197], Iteration[22], Unexplained part[162678.587628], Percentage[89.555570%], delta%=[0.052817%]
Round[52]: Size[20×123], Iteration[45], Unexplained part[162674.028150], Percentage[89.553060%], delta%=[0.002510%]
Round[53]: Size[26×26], Iteration[50], Unexplained part[162672.028150], Percentage[89.551959%], delta%=[0.001101%]
Round[54]: Size[36×245], Iteration[6], Unexplained part[162463.617406], Percentage[89.437227%], delta%=[0.114731%]
Round[55]: Size[1715×220], Iteration[5], Unexplained part[155695.089435], Percentage[85.711111%], delta%=[3.726117%]
Round[56]: Size[17×124], Iteration[4], Unexplained part[155675.100870], Percentage[85.700107%], delta%=[0.011004%]
Round[57]: Size[49×113], Iteration[4], Unexplained part[155550.825837], Percentage[85.631693%], delta%=[0.068414%]
Round[58]: Size[43×26], Iteration[23], Unexplained part[155523.412863], Percentage[85.616602%], delta%=[0.015091%]
Round[59]: Size[49×114], Iteration[30], Unexplained part[155501.117452], Percentage[85.604328%], delta%=[0.012274%]
Round[60]: Size[38×158], Iteration[17], Unexplained part[155466.508909], Percentage[85.585276%], delta%=[0.019052%]
Round[61]: Size[85×20], Iteration[4], Unexplained part[155449.682549], Percentage[85.576013%], delta%=[0.009263%]
Round[62]: Size[6×53], Iteration[2], Unexplained part[155447.940830], Percentage[85.575054%], delta%=[0.000959%]
Round[63]: Size[169×309], Iteration[6], Unexplained part[147261.321547], Percentage[81.068269%], delta%=[4.506785%]
Round[64]: Size[24×142], Iteration[5], Unexplained part[147155.737234], Percentage[81.010144%], delta%=[0.058125%]
Round[65]: Size[60×5257], Iteration[4], Unexplained part[143226.981497], Percentage[78.847340%], delta%=[2.162804%]
Round[66]: Size[1715×68], Iteration[4], Unexplained part[140979.010549], Percentage[77.609818%], delta%=[1.237522%]
Round[67]: Size[66×35], Iteration[0], Unexplained part[140979.010549], Percentage[77.609818%], delta%=[0.000000%]
Round[68]: Size[85×87], Iteration[4], Unexplained part[140643.855221], Percentage[77.425313%], delta%=[0.184505%]
Round[69]: Size[1715×14], Iteration[8], Unexplained part[140258.239294], Percentage[77.213029%], delta%=[0.212284%]
Round[70]: Size[40×32], Iteration[3], Unexplained part[140144.369778], Percentage[77.150343%], delta%=[0.062686%]
Round[71]: Size[4×84], Iteration[2], Unexplained part[140130.636535], Percentage[77.142783%], delta%=[0.007560%]
Round[72]: Size[106×105], Iteration[4], Unexplained part[139667.942156], Percentage[76.888067%], delta%=[0.254716%]
Round[73]: Size[26×180], Iteration[2], Unexplained part[139650.823768], Percentage[76.878643%], delta%=[0.009424%]
Round[74]: Size[28×105], Iteration[50], Unexplained part[139641.284405], Percentage[76.873392%], delta%=[0.005251%]
Round[75]: Size[5×44], Iteration[0], Unexplained part[139641.284405], Percentage[76.873392%], delta%=[0.000000%]
Round[76]: Size[36×166], Iteration[27], Unexplained part[139614.620134], Percentage[76.858713%], delta%=[0.014679%]
Round[77]: Size[21×112], Iteration[50], Unexplained part[139612.620134], Percentage[76.857612%], delta%=[0.001101%]
Round[78]: Size[81×15], Iteration[50], Unexplained part[139598.110094], Percentage[76.849624%], delta%=[0.007988%]
Round[79]: Size[15×153], Iteration[21], Unexplained part[139588.909463], Percentage[76.844559%], delta%=[0.005065%]
Round[80]: Size[26×114], Iteration[2], Unexplained part[139588.087664], Percentage[76.844106%], delta%=[0.000452%]
Round[81]: Size[88×34], Iteration[22], Unexplained part[139559.532093], Percentage[76.828386%], delta%=[0.015720%]
Round[82]: Size[39×88], Iteration[9], Unexplained part[139516.532485], Percentage[76.804715%], delta%=[0.023672%]
Round[83]: Size[4×145], Iteration[50], Unexplained part[139505.687865], Percentage[76.798745%], delta%=[0.005970%]
Round[84]: Size[50×27], Iteration[6], Unexplained part[139468.450513], Percentage[76.778245%], delta%=[0.020499%]
Round[85]: Size[35×33], Iteration[50], Unexplained part[139463.156669], Percentage[76.775331%], delta%=[0.002914%]
Round[86]: Size[29×175], Iteration[50], Unexplained part[139459.156669], Percentage[76.773129%], delta%=[0.002202%]
Round[87]: Size[35×99], Iteration[25], Unexplained part[139455.556992], Percentage[76.771147%], delta%=[0.001982%]
Round[88]: Size[26×11], Iteration[0], Unexplained part[139455.556992], Percentage[76.771147%], delta%=[0.000000%]
Round[89]: Size[19×168], Iteration[3], Unexplained part[139415.753127], Percentage[76.749235%], delta%=[0.021912%]
Round[90]: Size[1715×23], Iteration[7], Unexplained part[138610.563824], Percentage[76.305973%], delta%=[0.443262%]
Round[91]: Size[61×73], Iteration[50], Unexplained part[138609.563824], Percentage[76.305423%], delta%=[0.000551%]
Round[92]: Size[13×21], Iteration[39], Unexplained part[138598.711315], Percentage[76.299449%], delta%=[0.005974%]
Round[93]: Size[13×148], Iteration[0], Unexplained part[138598.711315], Percentage[76.299449%], delta%=[0.000000%]
Round[94]: Size[76×127], Iteration[24], Unexplained part[138559.819587], Percentage[76.278038%], delta%=[0.021410%]
Round[95]: Size[5×43], Iteration[0], Unexplained part[138559.819587], Percentage[76.278038%], delta%=[0.000000%]
Round[96]: Size[5×29], Iteration[50], Unexplained part[138558.978318], Percentage[76.277575%], delta%=[0.000463%]
Round[97]: Size[12×21], Iteration[26], Unexplained part[138556.577362], Percentage[76.276254%], delta%=[0.001322%]
Round[98]: Size[10×47], Iteration[50], Unexplained part[138552.568134], Percentage[76.274046%], delta%=[0.002207%]
Round[99]: Size[5×5257], Iteration[2], Unexplained part[138503.898158], Percentage[76.247253%], delta%=[0.026793%]
Round[100]: Size[22×180], Iteration[41], Unexplained part[138496.208896], Percentage[76.243020%], delta%=[0.004233%]


==============BoostCF #[4]===============
The initial unexplained part (sum of rating matrix) is 181651.000000
dim=[1], lambda=[0.00], lambda_social=[0.00], lambda_item=[0.00], sim_threshold=[1.000000]
-------------------------------------------
Round[1]: Size[1715×5257], Iteration[5], Unexplained part[62419.913947], Percentage[34.362549%], delta%=[65.637451%]
Round[2]: Size[1715×5257], Iteration[5], Unexplained part[70547.920719], Percentage[38.837067%], delta%=[-4.474518%]
Round[3]: Size[1715×5257], Iteration[9], Unexplained part[68162.429314], Percentage[37.523839%], delta%=[1.313228%]
Round[4]: Size[1715×5257], Iteration[9], Unexplained part[66189.673525], Percentage[36.437825%], delta%=[1.086014%]
Round[5]: Size[1715×5257], Iteration[9], Unexplained part[64490.474611], Percentage[35.502405%], delta%=[0.935420%]
Round[6]: Size[1715×5257], Iteration[9], Unexplained part[62976.702678], Percentage[34.669065%], delta%=[0.833341%]
Round[7]: Size[1715×5257], Iteration[9], Unexplained part[61669.906824], Percentage[33.949665%], delta%=[0.719399%]
Round[8]: Size[1715×5257], Iteration[9], Unexplained part[60405.479367], Percentage[33.253590%], delta%=[0.696075%]
Round[9]: Size[1715×5257], Iteration[9], Unexplained part[59227.910835], Percentage[32.605332%], delta%=[0.648259%]
Round[10]: Size[1715×5257], Iteration[9], Unexplained part[58127.846216], Percentage[31.999739%], delta%=[0.605592%]
Round[11]: Size[1715×5257], Iteration[9], Unexplained part[57044.675004], Percentage[31.403447%], delta%=[0.596292%]
Round[12]: Size[1715×5257], Iteration[9], Unexplained part[56000.149029], Percentage[30.828429%], delta%=[0.575018%]
Round[13]: Size[1715×5257], Iteration[9], Unexplained part[54958.277925], Percentage[30.254872%], delta%=[0.573556%]
Round[14]: Size[1715×5257], Iteration[9], Unexplained part[53994.892340], Percentage[29.724522%], delta%=[0.530350%]
Round[15]: Size[1715×5257], Iteration[9], Unexplained part[53070.905013], Percentage[29.215862%], delta%=[0.508661%]
Round[16]: Size[1715×5257], Iteration[8], Unexplained part[52153.341160], Percentage[28.710737%], delta%=[0.505125%]
Round[17]: Size[1715×5257], Iteration[9], Unexplained part[51282.987625], Percentage[28.231602%], delta%=[0.479135%]
Round[18]: Size[1715×5257], Iteration[9], Unexplained part[50410.448995], Percentage[27.751264%], delta%=[0.480338%]
Round[19]: Size[1715×5257], Iteration[8], Unexplained part[49571.025562], Percentage[27.289156%], delta%=[0.462108%]
Round[20]: Size[1715×5257], Iteration[8], Unexplained part[48766.678293], Percentage[26.846358%], delta%=[0.442798%]
Round[21]: Size[1715×5257], Iteration[9], Unexplained part[47973.967218], Percentage[26.409966%], delta%=[0.436392%]
Round[22]: Size[1715×5257], Iteration[9], Unexplained part[47154.337226], Percentage[25.958755%], delta%=[0.451211%]
Round[23]: Size[1715×5257], Iteration[9], Unexplained part[46337.927855], Percentage[25.509316%], delta%=[0.449438%]
Round[24]: Size[1715×5257], Iteration[9], Unexplained part[45555.065461], Percentage[25.078346%], delta%=[0.430971%]
Round[25]: Size[1715×5257], Iteration[9], Unexplained part[44792.475993], Percentage[24.658535%], delta%=[0.419810%]
Round[26]: Size[1715×5257], Iteration[9], Unexplained part[44058.002252], Percentage[24.254203%], delta%=[0.404332%]
Round[27]: Size[1715×5257], Iteration[9], Unexplained part[43295.552959], Percentage[23.834470%], delta%=[0.419733%]
Round[28]: Size[1715×5257], Iteration[9], Unexplained part[42590.077086], Percentage[23.446101%], delta%=[0.388369%]
Round[29]: Size[1715×5257], Iteration[9], Unexplained part[41852.662480], Percentage[23.040150%], delta%=[0.405951%]
Round[30]: Size[1715×5257], Iteration[9], Unexplained part[41149.022648], Percentage[22.652792%], delta%=[0.387358%]
Round[31]: Size[1715×5257], Iteration[9], Unexplained part[40485.175975], Percentage[22.287340%], delta%=[0.365452%]
Round[32]: Size[1715×5257], Iteration[9], Unexplained part[39766.495306], Percentage[21.891702%], delta%=[0.395638%]
Round[33]: Size[1715×5257], Iteration[9], Unexplained part[39109.490594], Percentage[21.530017%], delta%=[0.361685%]
Round[34]: Size[1715×5257], Iteration[9], Unexplained part[38462.310137], Percentage[21.173740%], delta%=[0.356277%]
Round[35]: Size[1715×5257], Iteration[8], Unexplained part[37859.566187], Percentage[20.841926%], delta%=[0.331814%]
Round[36]: Size[1715×5257], Iteration[9], Unexplained part[37206.187205], Percentage[20.482236%], delta%=[0.359689%]
Round[37]: Size[1715×5257], Iteration[8], Unexplained part[36612.944106], Percentage[20.155652%], delta%=[0.326584%]
Round[38]: Size[1715×5257], Iteration[8], Unexplained part[36016.162973], Percentage[19.827121%], delta%=[0.328532%]
Round[39]: Size[1715×5257], Iteration[8], Unexplained part[35435.500387], Percentage[19.507462%], delta%=[0.319658%]
Round[40]: Size[1715×5257], Iteration[8], Unexplained part[34862.030660], Percentage[19.191764%], delta%=[0.315699%]
Round[41]: Size[1715×5257], Iteration[8], Unexplained part[34288.900304], Percentage[18.876252%], delta%=[0.315512%]
Round[42]: Size[1715×5257], Iteration[9], Unexplained part[33707.683906], Percentage[18.556289%], delta%=[0.319963%]
Round[43]: Size[1715×5257], Iteration[8], Unexplained part[33183.432783], Percentage[18.267685%], delta%=[0.288603%]
Round[44]: Size[1715×5257], Iteration[9], Unexplained part[32642.907147], Percentage[17.970122%], delta%=[0.297563%]
Round[45]: Size[1715×5257], Iteration[8], Unexplained part[32125.945563], Percentage[17.685532%], delta%=[0.284591%]
Round[46]: Size[1715×5257], Iteration[9], Unexplained part[31595.087676], Percentage[17.393291%], delta%=[0.292241%]
Round[47]: Size[1715×5257], Iteration[9], Unexplained part[31087.634522], Percentage[17.113935%], delta%=[0.279356%]
Round[48]: Size[1715×5257], Iteration[9], Unexplained part[30573.230091], Percentage[16.830752%], delta%=[0.283183%]
Round[49]: Size[1715×5257], Iteration[9], Unexplained part[30065.567122], Percentage[16.551281%], delta%=[0.279472%]
Round[50]: Size[1715×5257], Iteration[9], Unexplained part[29551.677048], Percentage[16.268381%], delta%=[0.282900%]
Round[51]: Size[1715×5257], Iteration[9], Unexplained part[29078.457901], Percentage[16.007871%], delta%=[0.260510%]
Round[52]: Size[1715×5257], Iteration[9], Unexplained part[28590.572008], Percentage[15.739287%], delta%=[0.268584%]
Round[53]: Size[1715×5257], Iteration[9], Unexplained part[28124.699261], Percentage[15.482821%], delta%=[0.256466%]
Round[54]: Size[1715×5257], Iteration[8], Unexplained part[27679.082850], Percentage[15.237506%], delta%=[0.245315%]
Round[55]: Size[1715×5257], Iteration[8], Unexplained part[27239.353690], Percentage[14.995433%], delta%=[0.242074%]
Round[56]: Size[1715×5257], Iteration[9], Unexplained part[26800.518674], Percentage[14.753851%], delta%=[0.241581%]
Round[57]: Size[1715×5257], Iteration[8], Unexplained part[26351.854892], Percentage[14.506859%], delta%=[0.246992%]
Round[58]: Size[1715×5257], Iteration[9], Unexplained part[25920.374255], Percentage[14.269326%], delta%=[0.237533%]
Round[59]: Size[1715×5257], Iteration[9], Unexplained part[25506.108130], Percentage[14.041270%], delta%=[0.228056%]
Round[60]: Size[1715×5257], Iteration[9], Unexplained part[25081.361826], Percentage[13.807445%], delta%=[0.233825%]
Round[61]: Size[1715×5257], Iteration[8], Unexplained part[24664.641680], Percentage[13.578038%], delta%=[0.229407%]
Round[62]: Size[1715×5257], Iteration[9], Unexplained part[24257.919798], Percentage[13.354135%], delta%=[0.223903%]
Round[63]: Size[1715×5257], Iteration[9], Unexplained part[23875.767222], Percentage[13.143758%], delta%=[0.210377%]
Round[64]: Size[1715×5257], Iteration[9], Unexplained part[23486.621147], Percentage[12.929530%], delta%=[0.214227%]
Round[65]: Size[1715×5257], Iteration[9], Unexplained part[23105.557423], Percentage[12.719752%], delta%=[0.209778%]
Round[66]: Size[1715×5257], Iteration[9], Unexplained part[22712.244737], Percentage[12.503231%], delta%=[0.216521%]
Round[67]: Size[1715×5257], Iteration[9], Unexplained part[22330.186257], Percentage[12.292906%], delta%=[0.210326%]
Round[68]: Size[1715×5257], Iteration[9], Unexplained part[21970.846928], Percentage[12.095087%], delta%=[0.197819%]
Round[69]: Size[1715×5257], Iteration[9], Unexplained part[21626.130435], Percentage[11.905319%], delta%=[0.189769%]
Round[70]: Size[1715×5257], Iteration[9], Unexplained part[21274.882258], Percentage[11.711954%], delta%=[0.193364%]
Round[71]: Size[1715×5257], Iteration[9], Unexplained part[20932.746662], Percentage[11.523607%], delta%=[0.188348%]
Round[72]: Size[1715×5257], Iteration[8], Unexplained part[20599.489347], Percentage[11.340146%], delta%=[0.183460%]
Round[73]: Size[1715×5257], Iteration[8], Unexplained part[20271.255864], Percentage[11.159452%], delta%=[0.180695%]
Round[74]: Size[1715×5257], Iteration[9], Unexplained part[19945.018497], Percentage[10.979856%], delta%=[0.179596%]
Round[75]: Size[1715×5257], Iteration[8], Unexplained part[19631.929013], Percentage[10.807498%], delta%=[0.172358%]
Round[76]: Size[1715×5257], Iteration[9], Unexplained part[19309.614528], Percentage[10.630062%], delta%=[0.177436%]
Round[77]: Size[1715×5257], Iteration[8], Unexplained part[19004.436212], Percentage[10.462060%], delta%=[0.168003%]
Round[78]: Size[1715×5257], Iteration[9], Unexplained part[18697.750331], Percentage[10.293227%], delta%=[0.168832%]
Round[79]: Size[1715×5257], Iteration[8], Unexplained part[18407.822765], Percentage[10.133620%], delta%=[0.159607%]
Round[80]: Size[1715×5257], Iteration[9], Unexplained part[18111.693762], Percentage[9.970600%], delta%=[0.163021%]
Round[81]: Size[1715×5257], Iteration[9], Unexplained part[17815.286555], Percentage[9.807426%], delta%=[0.163174%]
Round[82]: Size[1715×5257], Iteration[8], Unexplained part[17522.661688], Percentage[9.646334%], delta%=[0.161092%]
Round[83]: Size[1715×5257], Iteration[9], Unexplained part[17251.454753], Percentage[9.497033%], delta%=[0.149301%]
Round[84]: Size[1715×5257], Iteration[8], Unexplained part[16970.276439], Percentage[9.342242%], delta%=[0.154790%]
Round[85]: Size[1715×5257], Iteration[8], Unexplained part[16705.376451], Percentage[9.196413%], delta%=[0.145829%]
Round[86]: Size[1715×5257], Iteration[8], Unexplained part[16443.320513], Percentage[9.052150%], delta%=[0.144263%]
Round[87]: Size[1715×5257], Iteration[8], Unexplained part[16177.661074], Percentage[8.905903%], delta%=[0.146247%]
Round[88]: Size[1715×5257], Iteration[9], Unexplained part[15923.959195], Percentage[8.766238%], delta%=[0.139664%]
Round[89]: Size[1715×5257], Iteration[8], Unexplained part[15668.571204], Percentage[8.625645%], delta%=[0.140593%]
Round[90]: Size[1715×5257], Iteration[8], Unexplained part[15427.515060], Percentage[8.492943%], delta%=[0.132703%]
Round[91]: Size[1715×5257], Iteration[8], Unexplained part[15183.002058], Percentage[8.358337%], delta%=[0.134606%]
Round[92]: Size[1715×5257], Iteration[8], Unexplained part[14948.847931], Percentage[8.229433%], delta%=[0.128903%]
Round[93]: Size[1715×5257], Iteration[8], Unexplained part[14715.760887], Percentage[8.101117%], delta%=[0.128316%]
Round[94]: Size[1715×5257], Iteration[8], Unexplained part[14490.988293], Percentage[7.977379%], delta%=[0.123739%]
Round[95]: Size[1715×5257], Iteration[9], Unexplained part[14261.891811], Percentage[7.851260%], delta%=[0.126119%]
Round[96]: Size[1715×5257], Iteration[8], Unexplained part[14034.682968], Percentage[7.726180%], delta%=[0.125080%]
Round[97]: Size[1715×5257], Iteration[9], Unexplained part[13811.760396], Percentage[7.603460%], delta%=[0.122720%]
Round[98]: Size[1715×5257], Iteration[8], Unexplained part[13586.671829], Percentage[7.479547%], delta%=[0.123913%]
Round[99]: Size[1715×5257], Iteration[9], Unexplained part[13370.390820], Percentage[7.360483%], delta%=[0.119064%]
Round[100]: Size[1715×5257], Iteration[9], Unexplained part[13163.111160], Percentage[7.246374%], delta%=[0.114109%]


==============BoostCF #[5]===============
The initial unexplained part (sum of rating matrix) is 181651.000000
dim=[1], lambda=[0.00], lambda_social=[0.50], lambda_item=[0.50], sim_threshold=[0.200000]
-------------------------------------------
Round[1]: Size[183×44], Iteration[0], Unexplained part[181651.000000], Percentage[100.000000%], delta%=[0.000000%]
Round[2]: Size[158×79], Iteration[2], Unexplained part[180822.231288], Percentage[99.543758%], delta%=[0.456242%]
Round[3]: Size[125×346], Iteration[2], Unexplained part[179616.644032], Percentage[98.880074%], delta%=[0.663683%]
Round[4]: Size[88×77], Iteration[2], Unexplained part[179595.452733], Percentage[98.868409%], delta%=[0.011666%]
Round[5]: Size[193×108], Iteration[2], Unexplained part[179557.135477], Percentage[98.847315%], delta%=[0.021094%]
Round[6]: Size[210×278], Iteration[2], Unexplained part[179532.696858], Percentage[98.833861%], delta%=[0.013454%]
Round[7]: Size[210×278], Iteration[2], Unexplained part[179522.065665], Percentage[98.828008%], delta%=[0.005853%]
Round[8]: Size[210×278], Iteration[2], Unexplained part[179516.503263], Percentage[98.824946%], delta%=[0.003062%]
Round[9]: Size[210×278], Iteration[2], Unexplained part[179513.400063], Percentage[98.823238%], delta%=[0.001708%]
Round[10]: Size[210×278], Iteration[6], Unexplained part[179506.330637], Percentage[98.819346%], delta%=[0.003892%]
Round[11]: Size[210×278], Iteration[2], Unexplained part[179504.126043], Percentage[98.818133%], delta%=[0.001214%]
Round[12]: Size[49×325], Iteration[2], Unexplained part[179088.383633], Percentage[98.589264%], delta%=[0.228869%]
Round[13]: Size[28×211], Iteration[2], Unexplained part[179064.913285], Percentage[98.576343%], delta%=[0.012921%]
Round[14]: Size[120×294], Iteration[2], Unexplained part[177181.019451], Percentage[97.539248%], delta%=[1.037095%]
Round[15]: Size[5×271], Iteration[2], Unexplained part[177131.335450], Percentage[97.511897%], delta%=[0.027351%]
Round[16]: Size[75×166], Iteration[2], Unexplained part[176110.950915], Percentage[96.950169%], delta%=[0.561728%]
Round[17]: Size[1715×225], Iteration[2], Unexplained part[172505.140300], Percentage[94.965148%], delta%=[1.985021%]
Round[18]: Size[39×263], Iteration[2], Unexplained part[172500.041509], Percentage[94.962341%], delta%=[0.002807%]
Round[19]: Size[7×167], Iteration[2], Unexplained part[172467.323381], Percentage[94.944329%], delta%=[0.018012%]
Round[20]: Size[24×89], Iteration[2], Unexplained part[172446.771608], Percentage[94.933015%], delta%=[0.011314%]
Round[21]: Size[145×256], Iteration[2], Unexplained part[172427.744917], Percentage[94.922541%], delta%=[0.010474%]
Round[22]: Size[25×154], Iteration[2], Unexplained part[172426.755838], Percentage[94.921996%], delta%=[0.000544%]
Round[23]: Size[27×138], Iteration[2], Unexplained part[172365.811268], Percentage[94.888446%], delta%=[0.033550%]
Round[24]: Size[49×86], Iteration[2], Unexplained part[172348.915968], Percentage[94.879145%], delta%=[0.009301%]
Round[25]: Size[34×100], Iteration[2], Unexplained part[172320.474996], Percentage[94.863488%], delta%=[0.015657%]
Round[26]: Size[27×325], Iteration[2], Unexplained part[172319.563242], Percentage[94.862986%], delta%=[0.000502%]
Round[27]: Size[27×137], Iteration[2], Unexplained part[172297.393806], Percentage[94.850782%], delta%=[0.012204%]
Round[28]: Size[49×84], Iteration[2], Unexplained part[172290.798025], Percentage[94.847151%], delta%=[0.003631%]
Round[29]: Size[34×91], Iteration[2], Unexplained part[172283.440450], Percentage[94.843100%], delta%=[0.004050%]
Round[30]: Size[82×94], Iteration[2], Unexplained part[172267.635500], Percentage[94.834400%], delta%=[0.008701%]
Round[31]: Size[61×277], Iteration[0], Unexplained part[172267.635500], Percentage[94.834400%], delta%=[0.000000%]
Round[32]: Size[62×242], Iteration[2], Unexplained part[171997.739085], Percentage[94.685820%], delta%=[0.148580%]
Round[33]: Size[47×56], Iteration[2], Unexplained part[171882.849933], Percentage[94.622573%], delta%=[0.063247%]
Round[34]: Size[96×235], Iteration[2], Unexplained part[171844.668271], Percentage[94.601554%], delta%=[0.021019%]
Round[35]: Size[19×262], Iteration[2], Unexplained part[171130.479979], Percentage[94.208389%], delta%=[0.393165%]
Round[36]: Size[5×254], Iteration[2], Unexplained part[171109.038841], Percentage[94.196585%], delta%=[0.011803%]
Round[37]: Size[24×39], Iteration[2], Unexplained part[171098.233513], Percentage[94.190637%], delta%=[0.005948%]
Round[38]: Size[15×180], Iteration[2], Unexplained part[171084.026525], Percentage[94.182816%], delta%=[0.007821%]
Round[39]: Size[27×129], Iteration[2], Unexplained part[171070.188399], Percentage[94.175198%], delta%=[0.007618%]
Round[40]: Size[14×143], Iteration[2], Unexplained part[171068.578938], Percentage[94.174312%], delta%=[0.000886%]
Round[41]: Size[117×69], Iteration[2], Unexplained part[170835.417141], Percentage[94.045955%], delta%=[0.128357%]
Round[42]: Size[155×232], Iteration[2], Unexplained part[168648.916153], Percentage[92.842272%], delta%=[1.203682%]
Round[43]: Size[43×71], Iteration[2], Unexplained part[168642.819473], Percentage[92.838916%], delta%=[0.003356%]
Round[44]: Size[26×37], Iteration[2], Unexplained part[168640.637400], Percentage[92.837715%], delta%=[0.001201%]
Round[45]: Size[25×141], Iteration[2], Unexplained part[168504.771311], Percentage[92.762920%], delta%=[0.074795%]
Round[46]: Size[25×11], Iteration[2], Unexplained part[168489.498979], Percentage[92.754512%], delta%=[0.008408%]
Round[47]: Size[58×68], Iteration[2], Unexplained part[168183.885904], Percentage[92.586270%], delta%=[0.168242%]
Round[48]: Size[47×45], Iteration[2], Unexplained part[168179.471480], Percentage[92.583840%], delta%=[0.002430%]
Round[49]: Size[63×54], Iteration[2], Unexplained part[168168.361430], Percentage[92.577724%], delta%=[0.006116%]
Round[50]: Size[44×98], Iteration[2], Unexplained part[168025.442588], Percentage[92.499046%], delta%=[0.078678%]
Round[51]: Size[70×50], Iteration[3], Unexplained part[168023.865591], Percentage[92.498178%], delta%=[0.000868%]
Round[52]: Size[102×110], Iteration[2], Unexplained part[167969.350536], Percentage[92.468167%], delta%=[0.030011%]
Round[53]: Size[45×229], Iteration[2], Unexplained part[167932.078501], Percentage[92.447649%], delta%=[0.020518%]
Round[54]: Size[20×106], Iteration[2], Unexplained part[167919.630738], Percentage[92.440796%], delta%=[0.006853%]
Round[55]: Size[7×114], Iteration[2], Unexplained part[167918.312078], Percentage[92.440070%], delta%=[0.000726%]
Round[56]: Size[20×40], Iteration[2], Unexplained part[167857.562654], Percentage[92.406627%], delta%=[0.033443%]
Round[57]: Size[18×20], Iteration[2], Unexplained part[167853.056148], Percentage[92.404146%], delta%=[0.002481%]
Round[58]: Size[1715×57], Iteration[2], Unexplained part[167650.254113], Percentage[92.292503%], delta%=[0.111644%]
Round[59]: Size[192×68], Iteration[2], Unexplained part[166772.826809], Percentage[91.809474%], delta%=[0.483029%]
Round[60]: Size[40×54], Iteration[2], Unexplained part[166768.825884], Percentage[91.807271%], delta%=[0.002203%]
Round[61]: Size[40×117], Iteration[2], Unexplained part[166767.514793], Percentage[91.806549%], delta%=[0.000722%]
Round[62]: Size[42×78], Iteration[2], Unexplained part[166765.624419], Percentage[91.805509%], delta%=[0.001041%]
Round[63]: Size[81×41], Iteration[2], Unexplained part[166738.776733], Percentage[91.790729%], delta%=[0.014780%]
Round[64]: Size[42×41], Iteration[2], Unexplained part[166689.099992], Percentage[91.763381%], delta%=[0.027347%]
Round[65]: Size[49×82], Iteration[2], Unexplained part[166678.085795], Percentage[91.757318%], delta%=[0.006063%]
Round[66]: Size[139×38], Iteration[0], Unexplained part[166678.085795], Percentage[91.757318%], delta%=[0.000000%]
Round[67]: Size[14×45], Iteration[2], Unexplained part[166645.740672], Percentage[91.739512%], delta%=[0.017806%]
Round[68]: Size[58×16], Iteration[2], Unexplained part[166640.053949], Percentage[91.736381%], delta%=[0.003131%]
Round[69]: Size[8×33], Iteration[0], Unexplained part[166640.053949], Percentage[91.736381%], delta%=[0.000000%]
Round[70]: Size[20×324], Iteration[2], Unexplained part[166632.872849], Percentage[91.732428%], delta%=[0.003953%]
Round[71]: Size[34×46], Iteration[2], Unexplained part[166614.078312], Percentage[91.722082%], delta%=[0.010347%]
Round[72]: Size[62×15], Iteration[2], Unexplained part[166587.997820], Percentage[91.707724%], delta%=[0.014357%]
Round[73]: Size[39×105], Iteration[2], Unexplained part[166476.948723], Percentage[91.646591%], delta%=[0.061133%]
Round[74]: Size[20×79], Iteration[0], Unexplained part[166476.948723], Percentage[91.646591%], delta%=[0.000000%]
Round[75]: Size[139×52], Iteration[2], Unexplained part[166473.615515], Percentage[91.644756%], delta%=[0.001835%]
Round[76]: Size[8×263], Iteration[3], Unexplained part[166467.952021], Percentage[91.641638%], delta%=[0.003118%]
Round[77]: Size[29×115], Iteration[2], Unexplained part[166465.181194], Percentage[91.640113%], delta%=[0.001525%]
Round[78]: Size[107×20], Iteration[2], Unexplained part[166431.686676], Percentage[91.621674%], delta%=[0.018439%]
Round[79]: Size[64×40], Iteration[2], Unexplained part[166428.985751], Percentage[91.620187%], delta%=[0.001487%]
Round[80]: Size[26×65], Iteration[2], Unexplained part[166422.202713], Percentage[91.616453%], delta%=[0.003734%]
Round[81]: Size[8×8], Iteration[2], Unexplained part[166422.013921], Percentage[91.616349%], delta%=[0.000104%]
Round[82]: Size[39×72], Iteration[2], Unexplained part[166402.798797], Percentage[91.605771%], delta%=[0.010578%]
Round[83]: Size[13×35], Iteration[2], Unexplained part[166380.811022], Percentage[91.593666%], delta%=[0.012104%]
Round[84]: Size[136×208], Iteration[4], Unexplained part[166379.522645], Percentage[91.592957%], delta%=[0.000709%]
Round[85]: Size[52×111], Iteration[2], Unexplained part[166304.823771], Percentage[91.551835%], delta%=[0.041122%]
Round[86]: Size[1715×112], Iteration[2], Unexplained part[164628.795713], Percentage[90.629171%], delta%=[0.922664%]
Round[87]: Size[9×60], Iteration[0], Unexplained part[164628.795713], Percentage[90.629171%], delta%=[0.000000%]
Round[88]: Size[65×67], Iteration[2], Unexplained part[164616.250767], Percentage[90.622265%], delta%=[0.006906%]
Round[89]: Size[6×33], Iteration[2], Unexplained part[164610.404754], Percentage[90.619047%], delta%=[0.003218%]
Round[90]: Size[26×177], Iteration[2], Unexplained part[164599.813492], Percentage[90.613216%], delta%=[0.005831%]
Round[91]: Size[19×208], Iteration[2], Unexplained part[164568.022894], Percentage[90.595715%], delta%=[0.017501%]
Round[92]: Size[58×44], Iteration[0], Unexplained part[164568.022894], Percentage[90.595715%], delta%=[0.000000%]
Round[93]: Size[27×69], Iteration[2], Unexplained part[164544.928993], Percentage[90.583002%], delta%=[0.012713%]
Round[94]: Size[39×32], Iteration[2], Unexplained part[164535.985863], Percentage[90.578079%], delta%=[0.004923%]
Round[95]: Size[19×168], Iteration[3], Unexplained part[164533.139264], Percentage[90.576512%], delta%=[0.001567%]
Round[96]: Size[6×21], Iteration[0], Unexplained part[164533.139264], Percentage[90.576512%], delta%=[0.000000%]
Round[97]: Size[14×41], Iteration[2], Unexplained part[164464.410979], Percentage[90.538676%], delta%=[0.037835%]
Round[98]: Size[41×9], Iteration[0], Unexplained part[164464.410979], Percentage[90.538676%], delta%=[0.000000%]
Round[99]: Size[58×50], Iteration[2], Unexplained part[164304.709765], Percentage[90.450760%], delta%=[0.087917%]
Round[100]: Size[9×97], Iteration[2], Unexplained part[164297.751322], Percentage[90.446929%], delta%=[0.003831%]


==============BoostCF #[6]===============
The initial unexplained part (sum of rating matrix) is 181651.000000
dim=[1], lambda=[0.00], lambda_social=[0.50], lambda_item=[0.50], sim_threshold=[1.000000]
-------------------------------------------
Round[1]: Size[1715×5257], Iteration[2], Unexplained part[165171.761282], Percentage[90.928077%], delta%=[9.071923%]
Round[2]: Size[1715×5257], Iteration[2], Unexplained part[154412.231130], Percentage[85.004889%], delta%=[5.923188%]
Round[3]: Size[1715×5257], Iteration[2], Unexplained part[146369.564446], Percentage[80.577351%], delta%=[4.427538%]
Round[4]: Size[1715×5257], Iteration[3], Unexplained part[139683.848123], Percentage[76.896823%], delta%=[3.680528%]
Round[5]: Size[1715×5257], Iteration[3], Unexplained part[134308.848258], Percentage[73.937852%], delta%=[2.958971%]
Round[6]: Size[1715×5257], Iteration[9], Unexplained part[129309.784840], Percentage[71.185837%], delta%=[2.752015%]
Round[7]: Size[1715×5257], Iteration[13], Unexplained part[125191.014376], Percentage[68.918428%], delta%=[2.267409%]
Round[8]: Size[1715×5257], Iteration[12], Unexplained part[121821.038913], Percentage[67.063236%], delta%=[1.855192%]
Round[9]: Size[1715×5257], Iteration[17], Unexplained part[118463.560572], Percentage[65.214923%], delta%=[1.848313%]
Round[10]: Size[1715×5257], Iteration[14], Unexplained part[115808.712955], Percentage[63.753413%], delta%=[1.461510%]
Round[11]: Size[1715×5257], Iteration[22], Unexplained part[113187.501884], Percentage[62.310420%], delta%=[1.442993%]
Round[12]: Size[1715×5257], Iteration[15], Unexplained part[110951.840524], Percentage[61.079675%], delta%=[1.230745%]
Round[13]: Size[1715×5257], Iteration[20], Unexplained part[108812.352924], Percentage[59.901874%], delta%=[1.177801%]
Round[14]: Size[1715×5257], Iteration[18], Unexplained part[107190.671544], Percentage[59.009128%], delta%=[0.892746%]
Round[15]: Size[1715×5257], Iteration[17], Unexplained part[105392.027846], Percentage[58.018964%], delta%=[0.990164%]
Round[16]: Size[1715×5257], Iteration[17], Unexplained part[103887.538467], Percentage[57.190733%], delta%=[0.828231%]
Round[17]: Size[1715×5257], Iteration[18], Unexplained part[102419.169797], Percentage[56.382387%], delta%=[0.808346%]
Round[18]: Size[1715×5257], Iteration[18], Unexplained part[101243.422826], Percentage[55.735131%], delta%=[0.647256%]
Round[19]: Size[1715×5257], Iteration[20], Unexplained part[99726.155436], Percentage[54.899866%], delta%=[0.835265%]
Round[20]: Size[1715×5257], Iteration[21], Unexplained part[98505.322166], Percentage[54.227790%], delta%=[0.672076%]
Round[21]: Size[1715×5257], Iteration[17], Unexplained part[97407.864355], Percentage[53.623632%], delta%=[0.604157%]
Round[22]: Size[1715×5257], Iteration[18], Unexplained part[96143.146787], Percentage[52.927397%], delta%=[0.696235%]
Round[23]: Size[1715×5257], Iteration[20], Unexplained part[95229.200711], Percentage[52.424265%], delta%=[0.503133%]
Round[24]: Size[1715×5257], Iteration[16], Unexplained part[94736.304385], Percentage[52.152922%], delta%=[0.271342%]
Round[25]: Size[1715×5257], Iteration[19], Unexplained part[93882.812384], Percentage[51.683069%], delta%=[0.469853%]
Round[26]: Size[1715×5257], Iteration[25], Unexplained part[92680.772252], Percentage[51.021339%], delta%=[0.661731%]
Round[27]: Size[1715×5257], Iteration[24], Unexplained part[91817.716640], Percentage[50.546221%], delta%=[0.475117%]
Round[28]: Size[1715×5257], Iteration[26], Unexplained part[91053.807196], Percentage[50.125685%], delta%=[0.420537%]
Round[29]: Size[1715×5257], Iteration[22], Unexplained part[90433.365554], Percentage[49.784128%], delta%=[0.341557%]
Round[30]: Size[1715×5257], Iteration[26], Unexplained part[89819.116590], Percentage[49.445980%], delta%=[0.338148%]
Round[31]: Size[1715×5257], Iteration[26], Unexplained part[89133.311346], Percentage[49.068440%], delta%=[0.377540%]
Round[32]: Size[1715×5257], Iteration[21], Unexplained part[88724.307685], Percentage[48.843281%], delta%=[0.225159%]
Round[33]: Size[1715×5257], Iteration[24], Unexplained part[88313.744020], Percentage[48.617263%], delta%=[0.226018%]
Round[34]: Size[1715×5257], Iteration[19], Unexplained part[87614.439836], Percentage[48.232292%], delta%=[0.384971%]
Round[35]: Size[1715×5257], Iteration[25], Unexplained part[87092.535938], Percentage[47.944980%], delta%=[0.287311%]
Round[36]: Size[1715×5257], Iteration[32], Unexplained part[86323.758209], Percentage[47.521763%], delta%=[0.423217%]
Round[37]: Size[1715×5257], Iteration[26], Unexplained part[85837.999821], Percentage[47.254350%], delta%=[0.267413%]
Round[38]: Size[1715×5257], Iteration[25], Unexplained part[85599.093124], Percentage[47.122831%], delta%=[0.131520%]
Round[39]: Size[1715×5257], Iteration[29], Unexplained part[85200.815789], Percentage[46.903577%], delta%=[0.219254%]
Round[40]: Size[1715×5257], Iteration[27], Unexplained part[84595.083396], Percentage[46.570117%], delta%=[0.333459%]
Round[41]: Size[1715×5257], Iteration[29], Unexplained part[84058.280211], Percentage[46.274604%], delta%=[0.295513%]
Round[42]: Size[1715×5257], Iteration[19], Unexplained part[83780.831986], Percentage[46.121867%], delta%=[0.152737%]
Round[43]: Size[1715×5257], Iteration[24], Unexplained part[83450.539079], Percentage[45.940038%], delta%=[0.181828%]
Round[44]: Size[1715×5257], Iteration[21], Unexplained part[83164.303440], Percentage[45.782464%], delta%=[0.157574%]
Round[45]: Size[1715×5257], Iteration[27], Unexplained part[82877.465885], Percentage[45.624558%], delta%=[0.157906%]
Round[46]: Size[1715×5257], Iteration[29], Unexplained part[82589.968612], Percentage[45.466289%], delta%=[0.158269%]
Round[47]: Size[1715×5257], Iteration[33], Unexplained part[82195.935169], Percentage[45.249371%], delta%=[0.216918%]
Round[48]: Size[1715×5257], Iteration[25], Unexplained part[81792.791662], Percentage[45.027438%], delta%=[0.221933%]
Round[49]: Size[1715×5257], Iteration[39], Unexplained part[81357.841950], Percentage[44.787996%], delta%=[0.239443%]
Round[50]: Size[1715×5257], Iteration[27], Unexplained part[81012.502751], Percentage[44.597884%], delta%=[0.190111%]
Round[51]: Size[1715×5257], Iteration[33], Unexplained part[80564.415930], Percentage[44.351210%], delta%=[0.246675%]
Round[52]: Size[1715×5257], Iteration[29], Unexplained part[80255.240107], Percentage[44.181006%], delta%=[0.170203%]
Round[53]: Size[1715×5257], Iteration[23], Unexplained part[80024.372562], Percentage[44.053912%], delta%=[0.127094%]
Round[54]: Size[1715×5257], Iteration[25], Unexplained part[79797.366862], Percentage[43.928944%], delta%=[0.124968%]
Round[55]: Size[1715×5257], Iteration[29], Unexplained part[79578.114447], Percentage[43.808245%], delta%=[0.120700%]
Round[56]: Size[1715×5257], Iteration[23], Unexplained part[79355.949298], Percentage[43.685941%], delta%=[0.122303%]
Round[57]: Size[1715×5257], Iteration[25], Unexplained part[79149.898802], Percentage[43.572509%], delta%=[0.113432%]
Round[58]: Size[1715×5257], Iteration[27], Unexplained part[78935.846789], Percentage[43.454672%], delta%=[0.117837%]
Round[59]: Size[1715×5257], Iteration[33], Unexplained part[78706.250265], Percentage[43.328278%], delta%=[0.126394%]
Round[60]: Size[1715×5257], Iteration[27], Unexplained part[78468.404118], Percentage[43.197342%], delta%=[0.130936%]
Round[61]: Size[1715×5257], Iteration[49], Unexplained part[78164.768070], Percentage[43.030189%], delta%=[0.167154%]
Round[62]: Size[1715×5257], Iteration[27], Unexplained part[77885.150102], Percentage[42.876257%], delta%=[0.153931%]
Round[63]: Size[1715×5257], Iteration[19], Unexplained part[77684.651123], Percentage[42.765881%], delta%=[0.110376%]
Round[64]: Size[1715×5257], Iteration[38], Unexplained part[77483.599348], Percentage[42.655201%], delta%=[0.110680%]
Round[65]: Size[1715×5257], Iteration[25], Unexplained part[77276.027749], Percentage[42.540932%], delta%=[0.114269%]
Round[66]: Size[1715×5257], Iteration[25], Unexplained part[77076.791435], Percentage[42.431251%], delta%=[0.109681%]
Round[67]: Size[1715×5257], Iteration[24], Unexplained part[76875.817148], Percentage[42.320613%], delta%=[0.110638%]
Round[68]: Size[1715×5257], Iteration[31], Unexplained part[76670.241769], Percentage[42.207443%], delta%=[0.113171%]
Round[69]: Size[1715×5257], Iteration[21], Unexplained part[76469.404597], Percentage[42.096881%], delta%=[0.110562%]
Round[70]: Size[1715×5257], Iteration[23], Unexplained part[76280.068647], Percentage[41.992650%], delta%=[0.104231%]
Round[71]: Size[1715×5257], Iteration[24], Unexplained part[76084.505122], Percentage[41.884991%], delta%=[0.107659%]
Round[72]: Size[1715×5257], Iteration[27], Unexplained part[75891.857935], Percentage[41.778938%], delta%=[0.106053%]
Round[73]: Size[1715×5257], Iteration[33], Unexplained part[75685.770225], Percentage[41.665485%], delta%=[0.113453%]
Round[74]: Size[1715×5257], Iteration[31], Unexplained part[75474.760558], Percentage[41.549323%], delta%=[0.116162%]
Round[75]: Size[1715×5257], Iteration[23], Unexplained part[75290.637249], Percentage[41.447962%], delta%=[0.101361%]
Round[76]: Size[1715×5257], Iteration[26], Unexplained part[75098.885277], Percentage[41.342401%], delta%=[0.105561%]
Round[77]: Size[1715×5257], Iteration[27], Unexplained part[74901.198302], Percentage[41.233573%], delta%=[0.108828%]
Round[78]: Size[1715×5257], Iteration[31], Unexplained part[74670.194827], Percentage[41.106404%], delta%=[0.127169%]
Round[79]: Size[1715×5257], Iteration[47], Unexplained part[74389.307553], Percentage[40.951774%], delta%=[0.154630%]
Round[80]: Size[1715×5257], Iteration[31], Unexplained part[74155.028519], Percentage[40.822802%], delta%=[0.128972%]
Round[81]: Size[1715×5257], Iteration[50], Unexplained part[73884.118723], Percentage[40.673665%], delta%=[0.149138%]
Round[82]: Size[1715×5257], Iteration[41], Unexplained part[73650.851660], Percentage[40.545250%], delta%=[0.128415%]
Round[83]: Size[1715×5257], Iteration[23], Unexplained part[73486.996647], Percentage[40.455047%], delta%=[0.090203%]
Round[84]: Size[1715×5257], Iteration[31], Unexplained part[73257.891946], Percentage[40.328923%], delta%=[0.126124%]
Round[85]: Size[1715×5257], Iteration[29], Unexplained part[73044.997020], Percentage[40.211723%], delta%=[0.117200%]
Round[86]: Size[1715×5257], Iteration[50], Unexplained part[72785.187519], Percentage[40.068696%], delta%=[0.143027%]
Round[87]: Size[1715×5257], Iteration[33], Unexplained part[72555.531723], Percentage[39.942269%], delta%=[0.126427%]
Round[88]: Size[1715×5257], Iteration[47], Unexplained part[72312.631114], Percentage[39.808551%], delta%=[0.133718%]
Round[89]: Size[1715×5257], Iteration[37], Unexplained part[72110.782878], Percentage[39.697432%], delta%=[0.111119%]
Round[90]: Size[1715×5257], Iteration[50], Unexplained part[71887.813944], Percentage[39.574687%], delta%=[0.122746%]
Round[91]: Size[1715×5257], Iteration[35], Unexplained part[71708.284348], Percentage[39.475854%], delta%=[0.098832%]
Round[92]: Size[1715×5257], Iteration[29], Unexplained part[71549.774960], Percentage[39.388594%], delta%=[0.087260%]
Round[93]: Size[1715×5257], Iteration[29], Unexplained part[71402.089413], Percentage[39.307292%], delta%=[0.081302%]
Round[94]: Size[1715×5257], Iteration[29], Unexplained part[71255.437311], Percentage[39.226559%], delta%=[0.080733%]
Round[95]: Size[1715×5257], Iteration[24], Unexplained part[71110.225382], Percentage[39.146619%], delta%=[0.079940%]
Round[96]: Size[1715×5257], Iteration[23], Unexplained part[70957.344213], Percentage[39.062457%], delta%=[0.084162%]
Round[97]: Size[1715×5257], Iteration[29], Unexplained part[70815.595308], Percentage[38.984424%], delta%=[0.078034%]
Round[98]: Size[1715×5257], Iteration[31], Unexplained part[70666.494473], Percentage[38.902343%], delta%=[0.082081%]
Round[99]: Size[1715×5257], Iteration[29], Unexplained part[70516.984397], Percentage[38.820036%], delta%=[0.082306%]
Round[100]: Size[1715×5257], Iteration[27], Unexplained part[70369.478960], Percentage[38.738834%], delta%=[0.081203%]


==============BoostCF #[7]===============
The initial unexplained part (sum of rating matrix) is 181651.000000
dim=[2], lambda=[0.00], lambda_social=[0.00], lambda_item=[0.00], sim_threshold=[0.200000]
-------------------------------------------
Round[1]: Size[183×44], Iteration[0], Unexplained part[181651.000000], Percentage[100.000000%], delta%=[0.000000%]
Round[2]: Size[158×79], Iteration[11], Unexplained part[179939.921943], Percentage[99.058041%], delta%=[0.941959%]
Round[3]: Size[13×90], Iteration[8], Unexplained part[179924.804808], Percentage[99.049719%], delta%=[0.008322%]
Round[4]: Size[168×87], Iteration[8], Unexplained part[179327.784150], Percentage[98.721055%], delta%=[0.328664%]
Round[5]: Size[35×253], Iteration[5], Unexplained part[179199.395285], Percentage[98.650376%], delta%=[0.070679%]
Round[6]: Size[145×199], Iteration[50], Unexplained part[179192.395285], Percentage[98.646523%], delta%=[0.003854%]
Round[7]: Size[5×205], Iteration[4], Unexplained part[179174.927291], Percentage[98.636907%], delta%=[0.009616%]
Round[8]: Size[91×230], Iteration[50], Unexplained part[179142.999929], Percentage[98.619330%], delta%=[0.017576%]
Round[9]: Size[149×445], Iteration[12], Unexplained part[170289.076264], Percentage[93.745191%], delta%=[4.874140%]
Round[10]: Size[161×14], Iteration[0], Unexplained part[170289.076264], Percentage[93.745191%], delta%=[0.000000%]
Round[11]: Size[28×96], Iteration[45], Unexplained part[170253.142199], Percentage[93.725409%], delta%=[0.019782%]
Round[12]: Size[19×136], Iteration[9], Unexplained part[170193.761192], Percentage[93.692719%], delta%=[0.032690%]
Round[13]: Size[15×122], Iteration[36], Unexplained part[170168.544381], Percentage[93.678837%], delta%=[0.013882%]
Round[14]: Size[66×96], Iteration[10], Unexplained part[170040.455965], Percentage[93.608324%], delta%=[0.070513%]
Round[15]: Size[57×120], Iteration[4], Unexplained part[169920.682731], Percentage[93.542388%], delta%=[0.065936%]
Round[16]: Size[25×22], Iteration[44], Unexplained part[169900.515415], Percentage[93.531285%], delta%=[0.011102%]
Round[17]: Size[9×14], Iteration[50], Unexplained part[169898.515415], Percentage[93.530184%], delta%=[0.001101%]
Round[18]: Size[30×37], Iteration[6], Unexplained part[169818.968481], Percentage[93.486393%], delta%=[0.043791%]
Round[19]: Size[45×48], Iteration[50], Unexplained part[169816.968481], Percentage[93.485292%], delta%=[0.001101%]
Round[20]: Size[30×41], Iteration[3], Unexplained part[169813.422578], Percentage[93.483340%], delta%=[0.001952%]
Round[21]: Size[15×195], Iteration[10], Unexplained part[169719.973520], Percentage[93.431896%], delta%=[0.051444%]
Round[22]: Size[19×59], Iteration[50], Unexplained part[169709.803505], Percentage[93.426297%], delta%=[0.005599%]
Round[23]: Size[34×189], Iteration[6], Unexplained part[169076.577211], Percentage[93.077702%], delta%=[0.348595%]
Round[24]: Size[8×102], Iteration[50], Unexplained part[169068.728739], Percentage[93.073382%], delta%=[0.004321%]
Round[25]: Size[46×114], Iteration[14], Unexplained part[169050.273980], Percentage[93.063222%], delta%=[0.010159%]
Round[26]: Size[9×251], Iteration[8], Unexplained part[168965.907983], Percentage[93.016778%], delta%=[0.046444%]
Round[27]: Size[18×54], Iteration[9], Unexplained part[168939.841068], Percentage[93.002428%], delta%=[0.014350%]
Round[28]: Size[9×29], Iteration[50], Unexplained part[168937.841068], Percentage[93.001327%], delta%=[0.001101%]
Round[29]: Size[4×185], Iteration[3], Unexplained part[168930.841068], Percentage[92.997474%], delta%=[0.003854%]
Round[30]: Size[9×41], Iteration[20], Unexplained part[168833.590001], Percentage[92.943936%], delta%=[0.053537%]
Round[31]: Size[76×42], Iteration[50], Unexplained part[168827.581298], Percentage[92.940629%], delta%=[0.003308%]
Round[32]: Size[8×22], Iteration[50], Unexplained part[168825.279683], Percentage[92.939362%], delta%=[0.001267%]
Round[33]: Size[29×21], Iteration[13], Unexplained part[168718.825768], Percentage[92.880758%], delta%=[0.058604%]
Round[34]: Size[20×99], Iteration[5], Unexplained part[168688.370467], Percentage[92.863992%], delta%=[0.016766%]
Round[35]: Size[27×207], Iteration[5], Unexplained part[168589.256779], Percentage[92.809429%], delta%=[0.054563%]
Round[36]: Size[1715×96], Iteration[3], Unexplained part[164602.519068], Percentage[90.614706%], delta%=[2.194724%]
Round[37]: Size[1715×49], Iteration[5], Unexplained part[163499.799213], Percentage[90.007652%], delta%=[0.607054%]
Round[38]: Size[43×73], Iteration[5], Unexplained part[163444.490932], Percentage[89.977204%], delta%=[0.030448%]
Round[39]: Size[24×66], Iteration[50], Unexplained part[163443.490932], Percentage[89.976654%], delta%=[0.000551%]
Round[40]: Size[123×5257], Iteration[3], Unexplained part[153660.466219], Percentage[84.591038%], delta%=[5.385616%]
Round[41]: Size[1715×125], Iteration[2], Unexplained part[150533.865413], Percentage[82.869825%], delta%=[1.721213%]
Round[42]: Size[19×37], Iteration[50], Unexplained part[150532.865413], Percentage[82.869274%], delta%=[0.000551%]
Round[43]: Size[29×204], Iteration[8], Unexplained part[150429.399192], Percentage[82.812315%], delta%=[0.056959%]
Round[44]: Size[16×74], Iteration[5], Unexplained part[150417.693549], Percentage[82.805871%], delta%=[0.006444%]
Round[45]: Size[34×81], Iteration[0], Unexplained part[150417.693549], Percentage[82.805871%], delta%=[0.000000%]
Round[46]: Size[14×205], Iteration[19], Unexplained part[150379.746750], Percentage[82.784982%], delta%=[0.020890%]
Round[47]: Size[7×57], Iteration[50], Unexplained part[150360.767857], Percentage[82.774534%], delta%=[0.010448%]
Round[48]: Size[14×205], Iteration[13], Unexplained part[150353.536652], Percentage[82.770553%], delta%=[0.003981%]
Round[49]: Size[6×45], Iteration[50], Unexplained part[150339.536653], Percentage[82.762846%], delta%=[0.007707%]
Round[50]: Size[5×290], Iteration[3], Unexplained part[150337.536653], Percentage[82.761745%], delta%=[0.001101%]
Round[51]: Size[9×261], Iteration[50], Unexplained part[150324.908738], Percentage[82.754793%], delta%=[0.006952%]
Round[52]: Size[5×291], Iteration[0], Unexplained part[150324.908738], Percentage[82.754793%], delta%=[0.000000%]
Round[53]: Size[25×163], Iteration[16], Unexplained part[150103.476390], Percentage[82.632893%], delta%=[0.121900%]
Round[54]: Size[32×276], Iteration[50], Unexplained part[150093.476390], Percentage[82.627388%], delta%=[0.005505%]
Round[55]: Size[13×20], Iteration[20], Unexplained part[150059.601670], Percentage[82.608740%], delta%=[0.018648%]
Round[56]: Size[1715×104], Iteration[4], Unexplained part[147697.158357], Percentage[81.308200%], delta%=[1.300540%]
Round[57]: Size[1715×22], Iteration[8], Unexplained part[146567.368959], Percentage[80.686244%], delta%=[0.621956%]
Round[58]: Size[31×240], Iteration[7], Unexplained part[146418.103815], Percentage[80.604073%], delta%=[0.082171%]
Round[59]: Size[1715×111], Iteration[9], Unexplained part[145166.552534], Percentage[79.915086%], delta%=[0.688987%]
Round[60]: Size[31×22], Iteration[50], Unexplained part[145165.552534], Percentage[79.914535%], delta%=[0.000551%]
Round[61]: Size[25×134], Iteration[50], Unexplained part[145137.128895], Percentage[79.898888%], delta%=[0.015647%]
Round[62]: Size[8×319], Iteration[50], Unexplained part[145136.128895], Percentage[79.898337%], delta%=[0.000551%]
Round[63]: Size[25×134], Iteration[50], Unexplained part[145135.716093], Percentage[79.898110%], delta%=[0.000227%]
Round[64]: Size[21×59], Iteration[50], Unexplained part[145124.056072], Percentage[79.891691%], delta%=[0.006419%]
Round[65]: Size[7×71], Iteration[18], Unexplained part[145105.764534], Percentage[79.881622%], delta%=[0.010070%]
Round[66]: Size[1715×63], Iteration[29], Unexplained part[144688.401563], Percentage[79.651861%], delta%=[0.229761%]
Round[67]: Size[75×100], Iteration[5], Unexplained part[144677.914737], Percentage[79.646088%], delta%=[0.005773%]
Round[68]: Size[5×69], Iteration[5], Unexplained part[144657.244620], Percentage[79.634709%], delta%=[0.011379%]
Round[69]: Size[1715×46], Iteration[3], Unexplained part[143310.825046], Percentage[78.893496%], delta%=[0.741212%]
Round[70]: Size[14×240], Iteration[5], Unexplained part[143274.037353], Percentage[78.873244%], delta%=[0.020252%]
Round[71]: Size[1715×37], Iteration[7], Unexplained part[142427.081992], Percentage[78.406990%], delta%=[0.466254%]
Round[72]: Size[16×94], Iteration[10], Unexplained part[142379.776167], Percentage[78.380948%], delta%=[0.026042%]
Round[73]: Size[7×51], Iteration[0], Unexplained part[142379.776167], Percentage[78.380948%], delta%=[0.000000%]
Round[74]: Size[59×73], Iteration[50], Unexplained part[142355.673734], Percentage[78.367680%], delta%=[0.013269%]
Round[75]: Size[28×173], Iteration[31], Unexplained part[142282.059725], Percentage[78.327155%], delta%=[0.040525%]
Round[76]: Size[40×147], Iteration[7], Unexplained part[142191.470912], Percentage[78.277285%], delta%=[0.049870%]
Round[77]: Size[19×66], Iteration[18], Unexplained part[142168.514331], Percentage[78.264647%], delta%=[0.012638%]
Round[78]: Size[13×36], Iteration[3], Unexplained part[142158.382224], Percentage[78.259069%], delta%=[0.005578%]
Round[79]: Size[162×204], Iteration[50], Unexplained part[142155.382224], Percentage[78.257418%], delta%=[0.001652%]
Round[80]: Size[4×148], Iteration[14], Unexplained part[142145.220479], Percentage[78.251824%], delta%=[0.005594%]
Round[81]: Size[1715×171], Iteration[3], Unexplained part[136360.570847], Percentage[75.067338%], delta%=[3.184485%]
Round[82]: Size[85×5257], Iteration[11], Unexplained part[130328.928076], Percentage[71.746882%], delta%=[3.320457%]
Round[83]: Size[19×5257], Iteration[3], Unexplained part[129278.196744], Percentage[71.168448%], delta%=[0.578434%]
Round[84]: Size[1715×15], Iteration[3], Unexplained part[128997.958407], Percentage[71.014175%], delta%=[0.154273%]
Round[85]: Size[7×30], Iteration[0], Unexplained part[128997.958407], Percentage[71.014175%], delta%=[0.000000%]
Round[86]: Size[28×114], Iteration[0], Unexplained part[128997.958407], Percentage[71.014175%], delta%=[0.000000%]
Round[87]: Size[31×27], Iteration[7], Unexplained part[128881.961577], Percentage[70.950318%], delta%=[0.063857%]
Round[88]: Size[34×42], Iteration[4], Unexplained part[128869.939139], Percentage[70.943699%], delta%=[0.006618%]
Round[89]: Size[1715×29], Iteration[10], Unexplained part[127993.837914], Percentage[70.461400%], delta%=[0.482299%]
Round[90]: Size[1715×25], Iteration[3], Unexplained part[127279.617720], Percentage[70.068217%], delta%=[0.393183%]
Round[91]: Size[32×56], Iteration[42], Unexplained part[127260.955247], Percentage[70.057944%], delta%=[0.010274%]
Round[92]: Size[13×4], Iteration[0], Unexplained part[127260.955247], Percentage[70.057944%], delta%=[0.000000%]
Round[93]: Size[61×4], Iteration[0], Unexplained part[127260.955247], Percentage[70.057944%], delta%=[0.000000%]
Round[94]: Size[6×41], Iteration[50], Unexplained part[127258.644584], Percentage[70.056672%], delta%=[0.001272%]
Round[95]: Size[46×30], Iteration[50], Unexplained part[127257.644584], Percentage[70.056121%], delta%=[0.000551%]
Round[96]: Size[43×70], Iteration[6], Unexplained part[127187.543970], Percentage[70.017530%], delta%=[0.038591%]
Round[97]: Size[21×55], Iteration[50], Unexplained part[127151.033611], Percentage[69.997431%], delta%=[0.020099%]
Round[98]: Size[9×40], Iteration[0], Unexplained part[127151.033611], Percentage[69.997431%], delta%=[0.000000%]
Round[99]: Size[21×108], Iteration[50], Unexplained part[127141.033611], Percentage[69.991926%], delta%=[0.005505%]
Round[100]: Size[36×36], Iteration[41], Unexplained part[127093.224346], Percentage[69.965607%], delta%=[0.026319%]


==============BoostCF #[8]===============
The initial unexplained part (sum of rating matrix) is 181651.000000
dim=[2], lambda=[0.00], lambda_social=[0.00], lambda_item=[0.00], sim_threshold=[1.000000]
-------------------------------------------
Round[1]: Size[1715×5257], Iteration[9], Unexplained part[67110.363280], Percentage[36.944670%], delta%=[63.055330%]
Round[2]: Size[1715×5257], Iteration[4], Unexplained part[70411.167409], Percentage[38.761784%], delta%=[-1.817113%]
Round[3]: Size[1715×5257], Iteration[2], Unexplained part[70847.896436], Percentage[39.002206%], delta%=[-0.240422%]
Round[4]: Size[1715×5257], Iteration[2], Unexplained part[70803.765776], Percentage[38.977911%], delta%=[0.024294%]
Round[5]: Size[1715×5257], Iteration[2], Unexplained part[70555.919765], Percentage[38.841471%], delta%=[0.136441%]
Round[6]: Size[1715×5257], Iteration[2], Unexplained part[71083.492796], Percentage[39.131903%], delta%=[-0.290432%]
Round[7]: Size[1715×5257], Iteration[2], Unexplained part[71529.313280], Percentage[39.377330%], delta%=[-0.245427%]
Round[8]: Size[1715×5257], Iteration[2], Unexplained part[71786.116971], Percentage[39.518702%], delta%=[-0.141372%]
Round[9]: Size[1715×5257], Iteration[2], Unexplained part[71561.164517], Percentage[39.394864%], delta%=[0.123838%]
Round[10]: Size[1715×5257], Iteration[2], Unexplained part[71809.797360], Percentage[39.531738%], delta%=[-0.136874%]
Round[11]: Size[1715×5257], Iteration[2], Unexplained part[71636.608953], Percentage[39.436397%], delta%=[0.095341%]
Round[12]: Size[1715×5257], Iteration[2], Unexplained part[71167.447245], Percentage[39.178120%], delta%=[0.258276%]
Round[13]: Size[1715×5257], Iteration[2], Unexplained part[71439.929757], Percentage[39.328124%], delta%=[-0.150003%]
Round[14]: Size[1715×5257], Iteration[2], Unexplained part[71592.139138], Percentage[39.411916%], delta%=[-0.083792%]
Round[15]: Size[1715×5257], Iteration[2], Unexplained part[71274.026549], Percentage[39.236793%], delta%=[0.175123%]
Round[16]: Size[1715×5257], Iteration[2], Unexplained part[71045.254635], Percentage[39.110852%], delta%=[0.125940%]
Round[17]: Size[1715×5257], Iteration[2], Unexplained part[71192.235163], Percentage[39.191766%], delta%=[-0.080914%]
Round[18]: Size[1715×5257], Iteration[2], Unexplained part[71281.189574], Percentage[39.240736%], delta%=[-0.048970%]
Round[19]: Size[1715×5257], Iteration[2], Unexplained part[71477.327646], Percentage[39.348711%], delta%=[-0.107975%]
Round[20]: Size[1715×5257], Iteration[5], Unexplained part[70811.810937], Percentage[38.982340%], delta%=[0.366371%]
Round[21]: Size[1715×5257], Iteration[4], Unexplained part[70883.736673], Percentage[39.021936%], delta%=[-0.039596%]
Round[22]: Size[1715×5257], Iteration[2], Unexplained part[70816.189976], Percentage[38.984751%], delta%=[0.037185%]
Round[23]: Size[1715×5257], Iteration[2], Unexplained part[70521.215922], Percentage[38.822366%], delta%=[0.162385%]
Round[24]: Size[1715×5257], Iteration[2], Unexplained part[70185.056106], Percentage[38.637308%], delta%=[0.185058%]
Round[25]: Size[1715×5257], Iteration[2], Unexplained part[69934.999526], Percentage[38.499650%], delta%=[0.137658%]
Round[26]: Size[1715×5257], Iteration[2], Unexplained part[69823.196278], Percentage[38.438102%], delta%=[0.061548%]
Round[27]: Size[1715×5257], Iteration[2], Unexplained part[69671.805462], Percentage[38.354760%], delta%=[0.083342%]
Round[28]: Size[1715×5257], Iteration[2], Unexplained part[69526.712089], Percentage[38.274885%], delta%=[0.079875%]
Round[29]: Size[1715×5257], Iteration[2], Unexplained part[69521.692920], Percentage[38.272122%], delta%=[0.002763%]
Round[30]: Size[1715×5257], Iteration[3], Unexplained part[69101.723695], Percentage[38.040927%], delta%=[0.231196%]
Round[31]: Size[1715×5257], Iteration[2], Unexplained part[68868.675884], Percentage[37.912632%], delta%=[0.128294%]
Round[32]: Size[1715×5257], Iteration[3], Unexplained part[68352.938841], Percentage[37.628716%], delta%=[0.283916%]
Round[33]: Size[1715×5257], Iteration[2], Unexplained part[68240.399073], Percentage[37.566762%], delta%=[0.061954%]
Round[34]: Size[1715×5257], Iteration[2], Unexplained part[67954.865808], Percentage[37.409574%], delta%=[0.157188%]
Round[35]: Size[1715×5257], Iteration[3], Unexplained part[67906.872188], Percentage[37.383154%], delta%=[0.026421%]
Round[36]: Size[1715×5257], Iteration[2], Unexplained part[67706.019571], Percentage[37.272583%], delta%=[0.110571%]
Round[37]: Size[1715×5257], Iteration[2], Unexplained part[67604.060325], Percentage[37.216454%], delta%=[0.056129%]
Round[38]: Size[1715×5257], Iteration[2], Unexplained part[67973.734374], Percentage[37.419962%], delta%=[-0.203508%]
Round[39]: Size[1715×5257], Iteration[2], Unexplained part[68192.031962], Percentage[37.540136%], delta%=[-0.120174%]
Round[40]: Size[1715×5257], Iteration[3], Unexplained part[68063.616260], Percentage[37.469442%], delta%=[0.070694%]
Round[41]: Size[1715×5257], Iteration[2], Unexplained part[68016.538311], Percentage[37.443525%], delta%=[0.025917%]
Round[42]: Size[1715×5257], Iteration[6], Unexplained part[66815.548844], Percentage[36.782373%], delta%=[0.661152%]
Round[43]: Size[1715×5257], Iteration[4], Unexplained part[67023.329350], Percentage[36.896758%], delta%=[-0.114384%]
Round[44]: Size[1715×5257], Iteration[2], Unexplained part[67255.452932], Percentage[37.024543%], delta%=[-0.127785%]
Round[45]: Size[1715×5257], Iteration[2], Unexplained part[67827.499071], Percentage[37.339458%], delta%=[-0.314915%]
Round[46]: Size[1715×5257], Iteration[3], Unexplained part[67847.320284], Percentage[37.350370%], delta%=[-0.010912%]
Round[47]: Size[1715×5257], Iteration[2], Unexplained part[68306.669348], Percentage[37.603244%], delta%=[-0.252875%]
Round[48]: Size[1715×5257], Iteration[2], Unexplained part[68504.088863], Percentage[37.711925%], delta%=[-0.108681%]
Round[49]: Size[1715×5257], Iteration[2], Unexplained part[68611.068035], Percentage[37.770818%], delta%=[-0.058893%]
Round[50]: Size[1715×5257], Iteration[2], Unexplained part[68934.503995], Percentage[37.948871%], delta%=[-0.178053%]
Round[51]: Size[1715×5257], Iteration[2], Unexplained part[68680.460443], Percentage[37.809019%], delta%=[0.139853%]
Round[52]: Size[1715×5257], Iteration[3], Unexplained part[68464.951091], Percentage[37.690379%], delta%=[0.118639%]
Round[53]: Size[1715×5257], Iteration[2], Unexplained part[68432.228343], Percentage[37.672365%], delta%=[0.018014%]
Round[54]: Size[1715×5257], Iteration[2], Unexplained part[69386.694638], Percentage[38.197805%], delta%=[-0.525440%]
Round[55]: Size[1715×5257], Iteration[2], Unexplained part[69263.932041], Percentage[38.130223%], delta%=[0.067582%]
Round[56]: Size[1715×5257], Iteration[2], Unexplained part[68606.580047], Percentage[37.768347%], delta%=[0.361876%]
Round[57]: Size[1715×5257], Iteration[3], Unexplained part[68619.656743], Percentage[37.775546%], delta%=[-0.007199%]
Round[58]: Size[1715×5257], Iteration[2], Unexplained part[68397.841376], Percentage[37.653435%], delta%=[0.122111%]
Round[59]: Size[1715×5257], Iteration[3], Unexplained part[67973.427678], Percentage[37.419793%], delta%=[0.233642%]
Round[60]: Size[1715×5257], Iteration[3], Unexplained part[67932.029005], Percentage[37.397002%], delta%=[0.022790%]
Round[61]: Size[1715×5257], Iteration[2], Unexplained part[67797.026976], Percentage[37.322683%], delta%=[0.074319%]
Round[62]: Size[1715×5257], Iteration[4], Unexplained part[67718.895674], Percentage[37.279671%], delta%=[0.043012%]
Round[63]: Size[1715×5257], Iteration[2], Unexplained part[67900.504768], Percentage[37.379648%], delta%=[-0.099977%]
Round[64]: Size[1715×5257], Iteration[2], Unexplained part[67529.922231], Percentage[37.175640%], delta%=[0.204008%]
Round[65]: Size[1715×5257], Iteration[2], Unexplained part[66996.375405], Percentage[36.881919%], delta%=[0.293721%]
Round[66]: Size[1715×5257], Iteration[2], Unexplained part[67089.217565], Percentage[36.933030%], delta%=[-0.051110%]
Round[67]: Size[1715×5257], Iteration[2], Unexplained part[66667.060295], Percentage[36.700629%], delta%=[0.232400%]
Round[68]: Size[1715×5257], Iteration[2], Unexplained part[66512.279327], Percentage[36.615422%], delta%=[0.085208%]
Round[69]: Size[1715×5257], Iteration[2], Unexplained part[66361.994068], Percentage[36.532689%], delta%=[0.082733%]
Round[70]: Size[1715×5257], Iteration[3], Unexplained part[66138.683131], Percentage[36.409754%], delta%=[0.122934%]
Round[71]: Size[1715×5257], Iteration[2], Unexplained part[65976.919169], Percentage[36.320702%], delta%=[0.089052%]
Round[72]: Size[1715×5257], Iteration[2], Unexplained part[65982.390746], Percentage[36.323715%], delta%=[-0.003012%]
Round[73]: Size[1715×5257], Iteration[3], Unexplained part[66122.624706], Percentage[36.400914%], delta%=[-0.077200%]
Round[74]: Size[1715×5257], Iteration[2], Unexplained part[66210.146973], Percentage[36.449096%], delta%=[-0.048182%]
Round[75]: Size[1715×5257], Iteration[2], Unexplained part[66416.455367], Percentage[36.562670%], delta%=[-0.113574%]
Round[76]: Size[1715×5257], Iteration[2], Unexplained part[66573.715226], Percentage[36.649242%], delta%=[-0.086573%]
Round[77]: Size[1715×5257], Iteration[3], Unexplained part[66778.303818], Percentage[36.761870%], delta%=[-0.112627%]
Round[78]: Size[1715×5257], Iteration[3], Unexplained part[66736.823727], Percentage[36.739035%], delta%=[0.022835%]
Round[79]: Size[1715×5257], Iteration[2], Unexplained part[66765.023392], Percentage[36.754559%], delta%=[-0.015524%]
Round[80]: Size[1715×5257], Iteration[2], Unexplained part[66796.649018], Percentage[36.771969%], delta%=[-0.017410%]
Round[81]: Size[1715×5257], Iteration[2], Unexplained part[66680.012885], Percentage[36.707760%], delta%=[0.064209%]
Round[82]: Size[1715×5257], Iteration[2], Unexplained part[67001.044059], Percentage[36.884490%], delta%=[-0.176730%]
Round[83]: Size[1715×5257], Iteration[2], Unexplained part[66834.601552], Percentage[36.792862%], delta%=[0.091628%]
Round[84]: Size[1715×5257], Iteration[2], Unexplained part[66633.707244], Percentage[36.682268%], delta%=[0.110594%]
Round[85]: Size[1715×5257], Iteration[2], Unexplained part[66396.955858], Percentage[36.551935%], delta%=[0.130333%]
Round[86]: Size[1715×5257], Iteration[2], Unexplained part[66120.583460], Percentage[36.399791%], delta%=[0.152145%]
Round[87]: Size[1715×5257], Iteration[2], Unexplained part[66071.792113], Percentage[36.372931%], delta%=[0.026860%]
Round[88]: Size[1715×5257], Iteration[2], Unexplained part[66784.911607], Percentage[36.765507%], delta%=[-0.392577%]
Round[89]: Size[1715×5257], Iteration[2], Unexplained part[67440.664209], Percentage[37.126503%], delta%=[-0.360996%]
Round[90]: Size[1715×5257], Iteration[3], Unexplained part[67794.086654], Percentage[37.321064%], delta%=[-0.194561%]
Round[91]: Size[1715×5257], Iteration[3], Unexplained part[67191.471962], Percentage[36.989321%], delta%=[0.331743%]
Round[92]: Size[1715×5257], Iteration[3], Unexplained part[67025.802221], Percentage[36.898119%], delta%=[0.091202%]
Round[93]: Size[1715×5257], Iteration[4], Unexplained part[66876.377571], Percentage[36.815860%], delta%=[0.082259%]
Round[94]: Size[1715×5257], Iteration[2], Unexplained part[66946.991941], Percentage[36.854733%], delta%=[-0.038874%]
Round[95]: Size[1715×5257], Iteration[2], Unexplained part[66882.995279], Percentage[36.819503%], delta%=[0.035231%]
Round[96]: Size[1715×5257], Iteration[10], Unexplained part[65283.373320], Percentage[35.938901%], delta%=[0.880602%]
Round[97]: Size[1715×5257], Iteration[2], Unexplained part[65827.687521], Percentage[36.238549%], delta%=[-0.299648%]
Round[98]: Size[1715×5257], Iteration[2], Unexplained part[66045.885561], Percentage[36.358669%], delta%=[-0.120119%]
Round[99]: Size[1715×5257], Iteration[2], Unexplained part[66253.649780], Percentage[36.473044%], delta%=[-0.114375%]
Round[100]: Size[1715×5257], Iteration[2], Unexplained part[66325.933542], Percentage[36.512837%], delta%=[-0.039793%]


==============BoostCF #[9]===============
The initial unexplained part (sum of rating matrix) is 181651.000000
dim=[2], lambda=[0.00], lambda_social=[0.50], lambda_item=[0.50], sim_threshold=[0.200000]
-------------------------------------------
Round[1]: Size[183×44], Iteration[0], Unexplained part[181651.000000], Percentage[100.000000%], delta%=[0.000000%]
Round[2]: Size[158×79], Iteration[2], Unexplained part[180597.548377], Percentage[99.420068%], delta%=[0.579932%]
Round[3]: Size[13×91], Iteration[6], Unexplained part[180588.350978], Percentage[99.415005%], delta%=[0.005063%]
Round[4]: Size[193×77], Iteration[2], Unexplained part[180521.653799], Percentage[99.378288%], delta%=[0.036717%]
Round[5]: Size[1715×205], Iteration[2], Unexplained part[176398.971867], Percentage[97.108726%], delta%=[2.269562%]
Round[6]: Size[46×190], Iteration[2], Unexplained part[176365.664994], Percentage[97.090390%], delta%=[0.018336%]
Round[7]: Size[150×49], Iteration[2], Unexplained part[176287.167421], Percentage[97.047177%], delta%=[0.043213%]
Round[8]: Size[27×130], Iteration[2], Unexplained part[176212.544466], Percentage[97.006097%], delta%=[0.041080%]
Round[9]: Size[227×197], Iteration[2], Unexplained part[171383.503022], Percentage[94.347679%], delta%=[2.658417%]
Round[10]: Size[165×173], Iteration[2], Unexplained part[171223.531040], Percentage[94.259614%], delta%=[0.088066%]
Round[11]: Size[154×17], Iteration[2], Unexplained part[171165.885152], Percentage[94.227879%], delta%=[0.031734%]
Round[12]: Size[62×35], Iteration[2], Unexplained part[171153.269645], Percentage[94.220934%], delta%=[0.006945%]
Round[13]: Size[125×11], Iteration[2], Unexplained part[171058.855871], Percentage[94.168959%], delta%=[0.051975%]
Round[14]: Size[1715×151], Iteration[2], Unexplained part[167428.978848], Percentage[92.170689%], delta%=[1.998270%]
Round[15]: Size[78×138], Iteration[2], Unexplained part[166402.739140], Percentage[91.605738%], delta%=[0.564951%]
Round[16]: Size[46×57], Iteration[2], Unexplained part[166369.958240], Percentage[91.587692%], delta%=[0.018046%]
Round[17]: Size[7×95], Iteration[5], Unexplained part[166366.489277], Percentage[91.585782%], delta%=[0.001910%]
Round[18]: Size[93×341], Iteration[2], Unexplained part[163803.789987], Percentage[90.175000%], delta%=[1.410782%]
Round[19]: Size[67×62], Iteration[2], Unexplained part[163692.822721], Percentage[90.113912%], delta%=[0.061088%]
Round[20]: Size[88×92], Iteration[2], Unexplained part[163673.001742], Percentage[90.103001%], delta%=[0.010912%]
Round[21]: Size[45×41], Iteration[2], Unexplained part[163557.195840], Percentage[90.039249%], delta%=[0.063752%]
Round[22]: Size[43×98], Iteration[20], Unexplained part[163551.691212], Percentage[90.036218%], delta%=[0.003030%]
Round[23]: Size[59×38], Iteration[0], Unexplained part[163551.691212], Percentage[90.036218%], delta%=[0.000000%]
Round[24]: Size[15×9], Iteration[7], Unexplained part[163549.011255], Percentage[90.034743%], delta%=[0.001475%]
Round[25]: Size[47×145], Iteration[2], Unexplained part[163536.657151], Percentage[90.027942%], delta%=[0.006801%]
Round[26]: Size[1715×14], Iteration[2], Unexplained part[162863.307639], Percentage[89.657259%], delta%=[0.370683%]
Round[27]: Size[73×52], Iteration[2], Unexplained part[162811.298573], Percentage[89.628628%], delta%=[0.028631%]
Round[28]: Size[26×20], Iteration[5], Unexplained part[162805.367708], Percentage[89.625363%], delta%=[0.003265%]
Round[29]: Size[46×235], Iteration[2], Unexplained part[162501.526387], Percentage[89.458096%], delta%=[0.167267%]
Round[30]: Size[27×115], Iteration[8], Unexplained part[162500.860925], Percentage[89.457730%], delta%=[0.000366%]
Round[31]: Size[41×63], Iteration[2], Unexplained part[162492.060573], Percentage[89.452885%], delta%=[0.004845%]
Round[32]: Size[30×47], Iteration[8], Unexplained part[162491.395111], Percentage[89.452519%], delta%=[0.000366%]
Round[33]: Size[41×63], Iteration[5], Unexplained part[162486.492470], Percentage[89.449820%], delta%=[0.002699%]
Round[34]: Size[30×47], Iteration[2], Unexplained part[162486.286686], Percentage[89.449707%], delta%=[0.000113%]
Round[35]: Size[41×63], Iteration[3], Unexplained part[162484.308150], Percentage[89.448617%], delta%=[0.001089%]
Round[36]: Size[5×177], Iteration[8], Unexplained part[162483.617892], Percentage[89.448237%], delta%=[0.000380%]
Round[37]: Size[16×72], Iteration[2], Unexplained part[162478.048066], Percentage[89.445171%], delta%=[0.003066%]
Round[38]: Size[41×217], Iteration[8], Unexplained part[162477.382604], Percentage[89.444805%], delta%=[0.000366%]
Round[39]: Size[41×63], Iteration[2], Unexplained part[162475.861044], Percentage[89.443967%], delta%=[0.000838%]
Round[40]: Size[22×124], Iteration[13], Unexplained part[162435.782356], Percentage[89.421904%], delta%=[0.022064%]
Round[41]: Size[28×214], Iteration[2], Unexplained part[162326.169814], Percentage[89.361561%], delta%=[0.060342%]
Round[42]: Size[30×149], Iteration[2], Unexplained part[162284.140833], Percentage[89.338424%], delta%=[0.023137%]
Round[43]: Size[67×77], Iteration[2], Unexplained part[162207.266423], Percentage[89.296104%], delta%=[0.042320%]
Round[44]: Size[27×6], Iteration[14], Unexplained part[162204.625669], Percentage[89.294651%], delta%=[0.001454%]
Round[45]: Size[41×49], Iteration[2], Unexplained part[162192.641031], Percentage[89.288053%], delta%=[0.006598%]
Round[46]: Size[1715×71], Iteration[2], Unexplained part[161203.155728], Percentage[88.743335%], delta%=[0.544718%]
Round[47]: Size[5×60], Iteration[26], Unexplained part[161198.135512], Percentage[88.740571%], delta%=[0.002764%]
Round[48]: Size[29×95], Iteration[2], Unexplained part[161009.946682], Percentage[88.636972%], delta%=[0.103599%]
Round[49]: Size[1715×47], Iteration[2], Unexplained part[159683.997150], Percentage[87.907029%], delta%=[0.729943%]
Round[50]: Size[19×25], Iteration[2], Unexplained part[159632.730649], Percentage[87.878806%], delta%=[0.028223%]
Round[51]: Size[10×20], Iteration[10], Unexplained part[159620.847966], Percentage[87.872265%], delta%=[0.006541%]
Round[52]: Size[52×96], Iteration[2], Unexplained part[159610.405805], Percentage[87.866516%], delta%=[0.005748%]
Round[53]: Size[23×21], Iteration[13], Unexplained part[159606.037816], Percentage[87.864112%], delta%=[0.002405%]
Round[54]: Size[27×38], Iteration[5], Unexplained part[159602.624385], Percentage[87.862233%], delta%=[0.001879%]
Round[55]: Size[18×74], Iteration[6], Unexplained part[159599.942279], Percentage[87.860756%], delta%=[0.001477%]
Round[56]: Size[11×47], Iteration[8], Unexplained part[159599.276817], Percentage[87.860390%], delta%=[0.000366%]
Round[57]: Size[42×103], Iteration[2], Unexplained part[159581.954531], Percentage[87.850854%], delta%=[0.009536%]
Round[58]: Size[64×112], Iteration[2], Unexplained part[159531.641055], Percentage[87.823156%], delta%=[0.027698%]
Round[59]: Size[26×113], Iteration[2], Unexplained part[159512.609369], Percentage[87.812679%], delta%=[0.010477%]
Round[60]: Size[64×49], Iteration[2], Unexplained part[159410.718607], Percentage[87.756587%], delta%=[0.056091%]
Round[61]: Size[42×63], Iteration[2], Unexplained part[159377.587231], Percentage[87.738348%], delta%=[0.018239%]
Round[62]: Size[6×14], Iteration[0], Unexplained part[159377.587231], Percentage[87.738348%], delta%=[0.000000%]
Round[63]: Size[8×21], Iteration[10], Unexplained part[159373.259887], Percentage[87.735966%], delta%=[0.002382%]
Round[64]: Size[14×13], Iteration[8], Unexplained part[159372.594425], Percentage[87.735600%], delta%=[0.000366%]
Round[65]: Size[42×103], Iteration[2], Unexplained part[159364.838795], Percentage[87.731330%], delta%=[0.004270%]
Round[66]: Size[65×39], Iteration[3], Unexplained part[159362.444293], Percentage[87.730012%], delta%=[0.001318%]
Round[67]: Size[39×36], Iteration[0], Unexplained part[159362.444293], Percentage[87.730012%], delta%=[0.000000%]
Round[68]: Size[27×30], Iteration[17], Unexplained part[159356.382367], Percentage[87.726675%], delta%=[0.003337%]
Round[69]: Size[19×12], Iteration[6], Unexplained part[159351.794015], Percentage[87.724149%], delta%=[0.002526%]
Round[70]: Size[15×113], Iteration[2], Unexplained part[159305.049355], Percentage[87.698416%], delta%=[0.025733%]
Round[71]: Size[41×49], Iteration[2], Unexplained part[159134.348941], Percentage[87.604444%], delta%=[0.093972%]
Round[72]: Size[13×183], Iteration[2], Unexplained part[159114.037481], Percentage[87.593263%], delta%=[0.011182%]
Round[73]: Size[46×168], Iteration[2], Unexplained part[158620.020940], Percentage[87.321303%], delta%=[0.271959%]
Round[74]: Size[4×226], Iteration[15], Unexplained part[158571.906377], Percentage[87.294816%], delta%=[0.026487%]
Round[75]: Size[10×8], Iteration[0], Unexplained part[158571.906377], Percentage[87.294816%], delta%=[0.000000%]
Round[76]: Size[6×5257], Iteration[2], Unexplained part[158378.544373], Percentage[87.188369%], delta%=[0.106447%]
Round[77]: Size[1715×26], Iteration[2], Unexplained part[157794.041719], Percentage[86.866597%], delta%=[0.321772%]
Round[78]: Size[10×80], Iteration[11], Unexplained part[157773.560106], Percentage[86.855322%], delta%=[0.011275%]
Round[79]: Size[13×40], Iteration[8], Unexplained part[157772.894644], Percentage[86.854955%], delta%=[0.000366%]
Round[80]: Size[39×10], Iteration[8], Unexplained part[157765.026022], Percentage[86.850623%], delta%=[0.004332%]
Round[81]: Size[4×9], Iteration[8], Unexplained part[157764.360560], Percentage[86.850257%], delta%=[0.000366%]
Round[82]: Size[39×8], Iteration[5], Unexplained part[157761.894878], Percentage[86.848900%], delta%=[0.001357%]
Round[83]: Size[40×109], Iteration[2], Unexplained part[157746.465484], Percentage[86.840406%], delta%=[0.008494%]
Round[84]: Size[1715×138], Iteration[2], Unexplained part[155169.952569], Percentage[85.422019%], delta%=[1.418386%]
Round[85]: Size[11×10], Iteration[0], Unexplained part[155169.952569], Percentage[85.422019%], delta%=[0.000000%]
Round[86]: Size[4×11], Iteration[0], Unexplained part[155169.952569], Percentage[85.422019%], delta%=[0.000000%]
Round[87]: Size[34×115], Iteration[2], Unexplained part[155118.737071], Percentage[85.393825%], delta%=[0.028194%]
Round[88]: Size[7×157], Iteration[5], Unexplained part[155115.877399], Percentage[85.392251%], delta%=[0.001574%]
Round[89]: Size[29×29], Iteration[8], Unexplained part[155113.314942], Percentage[85.390840%], delta%=[0.001411%]
Round[90]: Size[13×125], Iteration[2], Unexplained part[155051.606142], Percentage[85.356869%], delta%=[0.033971%]
Round[91]: Size[8×20], Iteration[0], Unexplained part[155051.606142], Percentage[85.356869%], delta%=[0.000000%]
Round[92]: Size[39×188], Iteration[2], Unexplained part[154970.248334], Percentage[85.312081%], delta%=[0.044788%]
Round[93]: Size[17×62], Iteration[2], Unexplained part[154968.749831], Percentage[85.311256%], delta%=[0.000825%]
Round[94]: Size[41×226], Iteration[2], Unexplained part[154880.463382], Percentage[85.262654%], delta%=[0.048602%]
Round[95]: Size[36×32], Iteration[18], Unexplained part[154862.045635], Percentage[85.252515%], delta%=[0.010139%]
Round[96]: Size[14×125], Iteration[8], Unexplained part[154861.380173], Percentage[85.252148%], delta%=[0.000366%]
Round[97]: Size[40×4], Iteration[15], Unexplained part[154858.981976], Percentage[85.250828%], delta%=[0.001320%]
Round[98]: Size[27×96], Iteration[2], Unexplained part[154835.083673], Percentage[85.237672%], delta%=[0.013156%]
Round[99]: Size[30×55], Iteration[16], Unexplained part[154826.760659], Percentage[85.233090%], delta%=[0.004582%]
Round[100]: Size[23×5257], Iteration[2], Unexplained part[153811.474626], Percentage[84.674169%], delta%=[0.558921%]


==============BoostCF #[10]===============
The initial unexplained part (sum of rating matrix) is 181651.000000
dim=[2], lambda=[0.00], lambda_social=[0.50], lambda_item=[0.50], sim_threshold=[1.000000]
-------------------------------------------
Round[1]: Size[1715×5257], Iteration[2], Unexplained part[156112.492077], Percentage[85.940893%], delta%=[14.059107%]
Round[2]: Size[1715×5257], Iteration[8], Unexplained part[141179.346269], Percentage[77.720104%], delta%=[8.220789%]
Round[3]: Size[1715×5257], Iteration[7], Unexplained part[130859.317997], Percentage[72.038865%], delta%=[5.681239%]
Round[4]: Size[1715×5257], Iteration[3], Unexplained part[124270.923881], Percentage[68.411913%], delta%=[3.626952%]
Round[5]: Size[1715×5257], Iteration[3], Unexplained part[118687.925911], Percentage[65.338438%], delta%=[3.073475%]
Round[6]: Size[1715×5257], Iteration[3], Unexplained part[117757.824203], Percentage[64.826411%], delta%=[0.512027%]
Round[7]: Size[1715×5257], Iteration[3], Unexplained part[113875.704892], Percentage[62.689280%], delta%=[2.137131%]
Round[8]: Size[1715×5257], Iteration[6], Unexplained part[110784.453015], Percentage[60.987527%], delta%=[1.701753%]
Round[9]: Size[1715×5257], Iteration[8], Unexplained part[108572.334460], Percentage[59.769742%], delta%=[1.217785%]
Round[10]: Size[1715×5257], Iteration[4], Unexplained part[105607.717889], Percentage[58.137702%], delta%=[1.632040%]
Round[11]: Size[1715×5257], Iteration[6], Unexplained part[104844.656845], Percentage[57.717633%], delta%=[0.420070%]
Round[12]: Size[1715×5257], Iteration[6], Unexplained part[104455.677253], Percentage[57.503497%], delta%=[0.214136%]
Round[13]: Size[1715×5257], Iteration[5], Unexplained part[103118.206665], Percentage[56.767211%], delta%=[0.736286%]
Round[14]: Size[1715×5257], Iteration[6], Unexplained part[102299.824373], Percentage[56.316687%], delta%=[0.450525%]
Round[15]: Size[1715×5257], Iteration[2], Unexplained part[101007.034935], Percentage[55.604998%], delta%=[0.711689%]
Round[16]: Size[1715×5257], Iteration[5], Unexplained part[100673.721767], Percentage[55.421507%], delta%=[0.183491%]
Round[17]: Size[1715×5257], Iteration[5], Unexplained part[99694.887610], Percentage[54.882653%], delta%=[0.538854%]
Round[18]: Size[1715×5257], Iteration[6], Unexplained part[99434.462723], Percentage[54.739287%], delta%=[0.143366%]
Round[19]: Size[1715×5257], Iteration[4], Unexplained part[99300.707917], Percentage[54.665654%], delta%=[0.073633%]
Round[20]: Size[1715×5257], Iteration[3], Unexplained part[98282.390851], Percentage[54.105065%], delta%=[0.560590%]
Round[21]: Size[1715×5257], Iteration[4], Unexplained part[98147.705411], Percentage[54.030919%], delta%=[0.074145%]
Round[22]: Size[1715×5257], Iteration[3], Unexplained part[97665.604024], Percentage[53.765520%], delta%=[0.265400%]
Round[23]: Size[1715×5257], Iteration[3], Unexplained part[97060.952054], Percentage[53.432655%], delta%=[0.332865%]
Round[24]: Size[1715×5257], Iteration[4], Unexplained part[97059.555538], Percentage[53.431886%], delta%=[0.000769%]
Round[25]: Size[1715×5257], Iteration[4], Unexplained part[96803.702440], Percentage[53.291037%], delta%=[0.140849%]
Round[26]: Size[1715×5257], Iteration[6], Unexplained part[96312.073586], Percentage[53.020393%], delta%=[0.270645%]
Round[27]: Size[1715×5257], Iteration[3], Unexplained part[95319.231904], Percentage[52.473827%], delta%=[0.546565%]
Round[28]: Size[1715×5257], Iteration[7], Unexplained part[94778.212886], Percentage[52.175993%], delta%=[0.297834%]
Round[29]: Size[1715×5257], Iteration[6], Unexplained part[94455.898164], Percentage[51.998557%], delta%=[0.177436%]
Round[30]: Size[1715×5257], Iteration[3], Unexplained part[93884.161850], Percentage[51.683812%], delta%=[0.314744%]
Round[31]: Size[1715×5257], Iteration[5], Unexplained part[93732.884222], Percentage[51.600533%], delta%=[0.083279%]
Round[32]: Size[1715×5257], Iteration[4], Unexplained part[93425.677233], Percentage[51.431414%], delta%=[0.169119%]
Round[33]: Size[1715×5257], Iteration[3], Unexplained part[92771.600455], Percentage[51.071340%], delta%=[0.360073%]
Round[34]: Size[1715×5257], Iteration[3], Unexplained part[92647.527284], Percentage[51.003037%], delta%=[0.068303%]
Round[35]: Size[1715×5257], Iteration[5], Unexplained part[92449.215872], Percentage[50.893866%], delta%=[0.109172%]
Round[36]: Size[1715×5257], Iteration[6], Unexplained part[92153.538277], Percentage[50.731093%], delta%=[0.162772%]
Round[37]: Size[1715×5257], Iteration[6], Unexplained part[91245.579812], Percentage[50.231257%], delta%=[0.499837%]
Round[38]: Size[1715×5257], Iteration[5], Unexplained part[91177.952602], Percentage[50.194027%], delta%=[0.037229%]
Round[39]: Size[1715×5257], Iteration[3], Unexplained part[90757.766771], Percentage[49.962712%], delta%=[0.231315%]
Round[40]: Size[1715×5257], Iteration[4], Unexplained part[90614.170349], Percentage[49.883662%], delta%=[0.079051%]
Round[41]: Size[1715×5257], Iteration[6], Unexplained part[90389.435861], Percentage[49.759944%], delta%=[0.123718%]
Round[42]: Size[1715×5257], Iteration[7], Unexplained part[90134.129123], Percentage[49.619396%], delta%=[0.140548%]
Round[43]: Size[1715×5257], Iteration[3], Unexplained part[89795.000332], Percentage[49.432704%], delta%=[0.186692%]
Round[44]: Size[1715×5257], Iteration[3], Unexplained part[89477.138829], Percentage[49.257719%], delta%=[0.174985%]
Round[45]: Size[1715×5257], Iteration[3], Unexplained part[89143.744425], Percentage[49.074183%], delta%=[0.183536%]
Round[46]: Size[1715×5257], Iteration[6], Unexplained part[88977.546494], Percentage[48.982690%], delta%=[0.091493%]
Round[47]: Size[1715×5257], Iteration[4], Unexplained part[88702.690548], Percentage[48.831380%], delta%=[0.151310%]
Round[48]: Size[1715×5257], Iteration[6], Unexplained part[88216.816289], Percentage[48.563903%], delta%=[0.267477%]
Round[49]: Size[1715×5257], Iteration[2], Unexplained part[87412.875164], Percentage[48.121329%], delta%=[0.442575%]
Round[50]: Size[1715×5257], Iteration[3], Unexplained part[87090.392340], Percentage[47.943800%], delta%=[0.177529%]
Round[51]: Size[1715×5257], Iteration[2], Unexplained part[86709.507352], Percentage[47.734121%], delta%=[0.209680%]
Round[52]: Size[1715×5257], Iteration[2], Unexplained part[86519.180672], Percentage[47.629345%], delta%=[0.104776%]
Round[53]: Size[1715×5257], Iteration[4], Unexplained part[86209.218325], Percentage[47.458708%], delta%=[0.170636%]
Round[54]: Size[1715×5257], Iteration[4], Unexplained part[85776.317997], Percentage[47.220394%], delta%=[0.238314%]
Round[55]: Size[1715×5257], Iteration[3], Unexplained part[85666.229400], Percentage[47.159790%], delta%=[0.060604%]
Round[56]: Size[1715×5257], Iteration[7], Unexplained part[85492.612308], Percentage[47.064212%], delta%=[0.095577%]
Round[57]: Size[1715×5257], Iteration[3], Unexplained part[85101.056678], Percentage[46.848659%], delta%=[0.215554%]
Round[58]: Size[1715×5257], Iteration[3], Unexplained part[85036.011078], Percentage[46.812851%], delta%=[0.035808%]
Round[59]: Size[1715×5257], Iteration[3], Unexplained part[84841.917062], Percentage[46.706001%], delta%=[0.106850%]
Round[60]: Size[1715×5257], Iteration[4], Unexplained part[84591.719688], Percentage[46.568265%], delta%=[0.137735%]
Round[61]: Size[1715×5257], Iteration[4], Unexplained part[84468.554123], Percentage[46.500462%], delta%=[0.067803%]
Round[62]: Size[1715×5257], Iteration[4], Unexplained part[84325.647716], Percentage[46.421791%], delta%=[0.078671%]
Round[63]: Size[1715×5257], Iteration[3], Unexplained part[84246.794351], Percentage[46.378382%], delta%=[0.043409%]
Round[64]: Size[1715×5257], Iteration[4], Unexplained part[84155.363613], Percentage[46.328049%], delta%=[0.050333%]
Round[65]: Size[1715×5257], Iteration[3], Unexplained part[84045.505605], Percentage[46.267571%], delta%=[0.060478%]
Round[66]: Size[1715×5257], Iteration[3], Unexplained part[84038.873800], Percentage[46.263920%], delta%=[0.003651%]
Round[67]: Size[1715×5257], Iteration[3], Unexplained part[83741.205455], Percentage[46.100052%], delta%=[0.163868%]
Round[68]: Size[1715×5257], Iteration[4], Unexplained part[83707.818710], Percentage[46.081672%], delta%=[0.018380%]
Round[69]: Size[1715×5257], Iteration[4], Unexplained part[83687.577553], Percentage[46.070530%], delta%=[0.011143%]
Round[70]: Size[1715×5257], Iteration[3], Unexplained part[83456.290567], Percentage[45.943205%], delta%=[0.127325%]
Round[71]: Size[1715×5257], Iteration[3], Unexplained part[83289.861796], Percentage[45.851585%], delta%=[0.091620%]
Round[72]: Size[1715×5257], Iteration[4], Unexplained part[83264.510926], Percentage[45.837629%], delta%=[0.013956%]
Round[73]: Size[1715×5257], Iteration[4], Unexplained part[83232.521262], Percentage[45.820018%], delta%=[0.017611%]
Round[74]: Size[1715×5257], Iteration[4], Unexplained part[83128.189237], Percentage[45.762583%], delta%=[0.057435%]
Round[75]: Size[1715×5257], Iteration[3], Unexplained part[82922.246657], Percentage[45.649210%], delta%=[0.113373%]
Round[76]: Size[1715×5257], Iteration[3], Unexplained part[82799.596980], Percentage[45.581691%], delta%=[0.067519%]
Round[77]: Size[1715×5257], Iteration[3], Unexplained part[82710.694617], Percentage[45.532749%], delta%=[0.048941%]
Round[78]: Size[1715×5257], Iteration[3], Unexplained part[82544.736608], Percentage[45.441388%], delta%=[0.091361%]
Round[79]: Size[1715×5257], Iteration[4], Unexplained part[82560.617925], Percentage[45.450131%], delta%=[-0.008743%]
Round[80]: Size[1715×5257], Iteration[6], Unexplained part[82344.083002], Percentage[45.330927%], delta%=[0.119204%]
Round[81]: Size[1715×5257], Iteration[4], Unexplained part[82063.516827], Percentage[45.176474%], delta%=[0.154453%]
Round[82]: Size[1715×5257], Iteration[6], Unexplained part[81950.738605], Percentage[45.114389%], delta%=[0.062085%]
Round[83]: Size[1715×5257], Iteration[8], Unexplained part[81769.840801], Percentage[45.014804%], delta%=[0.099585%]
Round[84]: Size[1715×5257], Iteration[4], Unexplained part[81645.826022], Percentage[44.946533%], delta%=[0.068271%]
Round[85]: Size[1715×5257], Iteration[3], Unexplained part[81499.786642], Percentage[44.866137%], delta%=[0.080396%]
Round[86]: Size[1715×5257], Iteration[3], Unexplained part[81505.067781], Percentage[44.869044%], delta%=[-0.002907%]
Round[87]: Size[1715×5257], Iteration[3], Unexplained part[81429.311116], Percentage[44.827340%], delta%=[0.041705%]
Round[88]: Size[1715×5257], Iteration[5], Unexplained part[81305.219203], Percentage[44.759026%], delta%=[0.068313%]
Round[89]: Size[1715×5257], Iteration[6], Unexplained part[81126.470930], Percentage[44.660624%], delta%=[0.098402%]
Round[90]: Size[1715×5257], Iteration[2], Unexplained part[80893.607902], Percentage[44.532432%], delta%=[0.128193%]
Round[91]: Size[1715×5257], Iteration[2], Unexplained part[80684.678476], Percentage[44.417415%], delta%=[0.115017%]
Round[92]: Size[1715×5257], Iteration[2], Unexplained part[80587.583863], Percentage[44.363964%], delta%=[0.053451%]
Round[93]: Size[1715×5257], Iteration[5], Unexplained part[80555.243038], Percentage[44.346160%], delta%=[0.017804%]
Round[94]: Size[1715×5257], Iteration[4], Unexplained part[80506.103712], Percentage[44.319108%], delta%=[0.027052%]
Round[95]: Size[1715×5257], Iteration[3], Unexplained part[80363.303108], Percentage[44.240496%], delta%=[0.078613%]
Round[96]: Size[1715×5257], Iteration[3], Unexplained part[80344.000087], Percentage[44.229869%], delta%=[0.010626%]
Round[97]: Size[1715×5257], Iteration[3], Unexplained part[80245.101629], Percentage[44.175425%], delta%=[0.054444%]
Round[98]: Size[1715×5257], Iteration[3], Unexplained part[80121.402240], Percentage[44.107328%], delta%=[0.068097%]
Round[99]: Size[1715×5257], Iteration[7], Unexplained part[80075.783710], Percentage[44.082215%], delta%=[0.025113%]
Round[100]: Size[1715×5257], Iteration[2], Unexplained part[79886.926164], Percentage[43.978247%], delta%=[0.103967%]


