==============BoostCF #[3]===============
The initial unexplained part (sum of rating matrix) is 181651.000000
dim=[1], lambda=[0.00], lambda_social=[0.00], lambda_item=[0.00], sim_threshold=[0.800000]
-------------------------------------------
Round[1]: Size[4×5257], Iteration[50], Unexplained part[NaN], Percentage[NaN%], delta%=[NaN%]
Sample fail, the weight has some NaN, break!
-------------------------------------------


==============BoostCF #[4]===============
The initial unexplained part (sum of rating matrix) is 181651.000000
dim=[1], lambda=[0.00], lambda_social=[0.00], lambda_item=[0.00], sim_threshold=[0.500000]
-------------------------------------------
Round[1]: Size[4×5257], Iteration[50], Unexplained part[NaN], Percentage[NaN%], delta%=[NaN%]
Sample fail, the weight has some NaN, break!
-------------------------------------------


==============BoostCF #[5]===============
The initial unexplained part (sum of rating matrix) is 181651.000000
dim=[1], lambda=[0.00], lambda_social=[0.00], lambda_item=[0.00], sim_threshold=[0.200000]
-------------------------------------------
Round[1]: Size[110×33], Iteration[50], Unexplained part[181113.565551], Percentage[99.704139%], delta%=[0.295861%]
Round[2]: Size[84×258], Iteration[50], Unexplained part[179183.069569], Percentage[98.641389%], delta%=[1.062750%]
Round[3]: Size[28×188], Iteration[50], Unexplained part[178972.189768], Percentage[98.525298%], delta%=[0.116091%]
Round[4]: Size[80×108], Iteration[50], Unexplained part[178700.276478], Percentage[98.375608%], delta%=[0.149690%]
Round[5]: Size[48×143], Iteration[50], Unexplained part[178618.395127], Percentage[98.330532%], delta%=[0.045076%]
Round[6]: Size[15×74], Iteration[50], Unexplained part[178616.256544], Percentage[98.329355%], delta%=[0.001177%]
Round[7]: Size[173×41], Iteration[50], Unexplained part[178568.360929], Percentage[98.302988%], delta%=[0.026367%]
Round[8]: Size[58×146], Iteration[50], Unexplained part[178103.695152], Percentage[98.047187%], delta%=[0.255801%]
Round[9]: Size[153×78], Iteration[50], Unexplained part[178054.922969], Percentage[98.020337%], delta%=[0.026849%]
Round[10]: Size[1715×126], Iteration[50], Unexplained part[174206.744007], Percentage[95.901891%], delta%=[2.118446%]
Round[11]: Size[105×213], Iteration[50], Unexplained part[173155.319030], Percentage[95.323075%], delta%=[0.578816%]
Round[12]: Size[31×291], Iteration[50], Unexplained part[172569.336172], Percentage[95.000488%], delta%=[0.322587%]
Round[13]: Size[25×56], Iteration[50], Unexplained part[172543.973122], Percentage[94.986525%], delta%=[0.013963%]
Round[14]: Size[41×195], Iteration[50], Unexplained part[172434.523040], Percentage[94.926272%], delta%=[0.060253%]
Round[15]: Size[88×201], Iteration[50], Unexplained part[172087.825894], Percentage[94.735413%], delta%=[0.190859%]
Round[16]: Size[226×178], Iteration[50], Unexplained part[171544.799517], Percentage[94.436474%], delta%=[0.298939%]
Round[17]: Size[9×32], Iteration[0], Unexplained part[171544.799517], Percentage[94.436474%], delta%=[0.000000%]
Round[18]: Size[19×89], Iteration[50], Unexplained part[171537.002848], Percentage[94.432182%], delta%=[0.004292%]
Round[19]: Size[14×178], Iteration[50], Unexplained part[171490.689584], Percentage[94.406686%], delta%=[0.025496%]
Round[20]: Size[35×238], Iteration[50], Unexplained part[171407.092256], Percentage[94.360665%], delta%=[0.046021%]
Round[21]: Size[144×5257], Iteration[50], Unexplained part[163373.288292], Percentage[89.938007%], delta%=[4.422659%]
Round[22]: Size[34×138], Iteration[50], Unexplained part[163265.337391], Percentage[89.878579%], delta%=[0.059428%]
Round[23]: Size[25×131], Iteration[0], Unexplained part[163265.337391], Percentage[89.878579%], delta%=[0.000000%]
Round[24]: Size[32×82], Iteration[50], Unexplained part[163187.321663], Percentage[89.835631%], delta%=[0.042948%]
Round[25]: Size[148×64], Iteration[50], Unexplained part[162135.994257], Percentage[89.256869%], delta%=[0.578762%]
Round[26]: Size[24×128], Iteration[50], Unexplained part[162037.315105], Percentage[89.202545%], delta%=[0.054323%]
Round[27]: Size[35×94], Iteration[50], Unexplained part[161444.569795], Percentage[88.876235%], delta%=[0.326310%]
Round[28]: Size[24×331], Iteration[0], Unexplained part[161444.569795], Percentage[88.876235%], delta%=[0.000000%]
Round[29]: Size[66×206], Iteration[50], Unexplained part[158647.333708], Percentage[87.336339%], delta%=[1.539896%]
Round[30]: Size[37×110], Iteration[50], Unexplained part[158626.968738], Percentage[87.325128%], delta%=[0.011211%]
Round[31]: Size[43×13], Iteration[50], Unexplained part[158622.741653], Percentage[87.322801%], delta%=[0.002327%]
Round[32]: Size[5×29], Iteration[50], Unexplained part[158605.171951], Percentage[87.313129%], delta%=[0.009672%]
Round[33]: Size[61×222], Iteration[50], Unexplained part[158527.724528], Percentage[87.270494%], delta%=[0.042635%]
Round[34]: Size[19×4], Iteration[50], Unexplained part[158520.724947], Percentage[87.266640%], delta%=[0.003853%]
Round[35]: Size[52×118], Iteration[50], Unexplained part[158463.115459], Percentage[87.234926%], delta%=[0.031714%]
Round[36]: Size[49×5257], Iteration[50], Unexplained part[NaN], Percentage[NaN%], delta%=[NaN%]
Sample fail, the weight has some NaN, break!
-------------------------------------------


==============BoostCF #[6]===============
The initial unexplained part (sum of rating matrix) is 181651.000000
dim=[1], lambda=[0.00], lambda_social=[0.10], lambda_item=[0.10], sim_threshold=[0.800000]
-------------------------------------------
Round[1]: Size[4×5257], Iteration[50], Unexplained part[181345.264376], Percentage[99.831691%], delta%=[0.168309%]
Round[2]: Size[4×5257], Iteration[50], Unexplained part[181232.615279], Percentage[99.769677%], delta%=[0.062014%]
Round[3]: Size[1715×5257], Iteration[50], Unexplained part[150517.874739], Percentage[82.861022%], delta%=[16.908655%]
Round[4]: Size[4×5257], Iteration[50], Unexplained part[150342.240735], Percentage[82.764334%], delta%=[0.096688%]
Round[5]: Size[3×5257], Iteration[50], Unexplained part[150246.651172], Percentage[82.711712%], delta%=[0.052623%]
Round[6]: Size[3×5257], Iteration[50], Unexplained part[150170.022452], Percentage[82.669527%], delta%=[0.042185%]
Round[7]: Size[4×5257], Iteration[50], Unexplained part[150079.252676], Percentage[82.619558%], delta%=[0.049969%]
Round[8]: Size[1715×5257], Iteration[50], Unexplained part[134667.414358], Percentage[74.135245%], delta%=[8.484312%]
Round[9]: Size[1715×5257], Iteration[50], Unexplained part[124000.572161], Percentage[68.263083%], delta%=[5.872163%]
Round[10]: Size[1715×5257], Iteration[50], Unexplained part[116184.037444], Percentage[63.960032%], delta%=[4.303051%]
Round[11]: Size[1715×5257], Iteration[50], Unexplained part[110188.179307], Percentage[60.659275%], delta%=[3.300757%]
Round[12]: Size[1715×5257], Iteration[50], Unexplained part[105402.313050], Percentage[58.024626%], delta%=[2.634649%]
Round[13]: Size[1715×5257], Iteration[50], Unexplained part[101854.889084], Percentage[56.071747%], delta%=[1.952879%]
Round[14]: Size[1715×5257], Iteration[50], Unexplained part[98046.498994], Percentage[53.975205%], delta%=[2.096542%]
Round[15]: Size[1715×5257], Iteration[50], Unexplained part[95244.814661], Percentage[52.432860%], delta%=[1.542345%]
Round[16]: Size[1715×5257], Iteration[50], Unexplained part[92711.180062], Percentage[51.038079%], delta%=[1.394782%]
Round[17]: Size[1715×5257], Iteration[50], Unexplained part[90870.213183], Percentage[50.024615%], delta%=[1.013464%]
Round[18]: Size[1715×5257], Iteration[50], Unexplained part[88737.406648], Percentage[48.850492%], delta%=[1.174123%]
Round[19]: Size[4×5257], Iteration[50], Unexplained part[88500.245557], Percentage[48.719933%], delta%=[0.130559%]
Round[20]: Size[1715×5257], Iteration[50], Unexplained part[87145.355866], Percentage[47.974058%], delta%=[0.745875%]
Round[21]: Size[380×5257], Iteration[50], Unexplained part[86161.384579], Percentage[47.432376%], delta%=[0.541682%]
Round[22]: Size[4×5257], Iteration[50], Unexplained part[86109.806444], Percentage[47.403982%], delta%=[0.028394%]
Round[23]: Size[1715×5257], Iteration[50], Unexplained part[84612.471665], Percentage[46.579689%], delta%=[0.824292%]
Round[24]: Size[4×5257], Iteration[50], Unexplained part[84566.376867], Percentage[46.554314%], delta%=[0.025375%]
Round[25]: Size[1715×5257], Iteration[50], Unexplained part[83411.113974], Percentage[45.918335%], delta%=[0.635979%]
Round[26]: Size[1715×5257], Iteration[50], Unexplained part[82302.485963], Percentage[45.308028%], delta%=[0.610307%]
Round[27]: Size[4×5257], Iteration[50], Unexplained part[82037.712455], Percentage[45.162269%], delta%=[0.145759%]
Round[28]: Size[1715×5257], Iteration[50], Unexplained part[81699.982226], Percentage[44.976346%], delta%=[0.185923%]
Round[29]: Size[1715×5257], Iteration[50], Unexplained part[80688.213297], Percentage[44.419361%], delta%=[0.556985%]
Round[30]: Size[3×5257], Iteration[50], Unexplained part[80644.088298], Percentage[44.395070%], delta%=[0.024291%]
Round[31]: Size[4×5257], Iteration[50], Unexplained part[80589.221070], Percentage[44.364865%], delta%=[0.030205%]
Round[32]: Size[1715×5257], Iteration[50], Unexplained part[79790.460641], Percentage[43.925143%], delta%=[0.439723%]
Round[33]: Size[1715×5257], Iteration[50], Unexplained part[78944.906969], Percentage[43.459660%], delta%=[0.465483%]
Round[34]: Size[4×5257], Iteration[50], Unexplained part[78899.605328], Percentage[43.434721%], delta%=[0.024939%]
Round[35]: Size[1715×5257], Iteration[50], Unexplained part[78299.870617], Percentage[43.104563%], delta%=[0.330158%]
Round[36]: Size[4×5257], Iteration[50], Unexplained part[78264.504723], Percentage[43.085094%], delta%=[0.019469%]
Round[37]: Size[1715×5257], Iteration[50], Unexplained part[77623.821616], Percentage[42.732394%], delta%=[0.352700%]
Round[38]: Size[1715×5257], Iteration[50], Unexplained part[76988.810001], Percentage[42.382817%], delta%=[0.349578%]
Round[39]: Size[3×5257], Iteration[50], Unexplained part[76953.537761], Percentage[42.363399%], delta%=[0.019418%]
Round[40]: Size[4×5257], Iteration[50], Unexplained part[76922.165446], Percentage[42.346128%], delta%=[0.017271%]
Round[41]: Size[1715×5257], Iteration[50], Unexplained part[76248.301498], Percentage[41.975162%], delta%=[0.370966%]
Round[42]: Size[4×5257], Iteration[50], Unexplained part[76221.173873], Percentage[41.960228%], delta%=[0.014934%]
Round[43]: Size[1715×5257], Iteration[50], Unexplained part[75621.287881], Percentage[41.629987%], delta%=[0.330241%]
Round[44]: Size[1715×5257], Iteration[50], Unexplained part[75045.156972], Percentage[41.312823%], delta%=[0.317164%]
Round[45]: Size[1715×5257], Iteration[50], Unexplained part[74506.833554], Percentage[41.016473%], delta%=[0.296350%]
Round[46]: Size[1715×5257], Iteration[50], Unexplained part[73954.315257], Percentage[40.712308%], delta%=[0.304165%]
Round[47]: Size[1715×5257], Iteration[50], Unexplained part[73440.838111], Percentage[40.429636%], delta%=[0.282672%]
Round[48]: Size[3×5257], Iteration[50], Unexplained part[73358.074060], Percentage[40.384074%], delta%=[0.045562%]
Round[49]: Size[1715×5257], Iteration[50], Unexplained part[72838.509687], Percentage[40.098050%], delta%=[0.286023%]
Round[50]: Size[1715×5257], Iteration[50], Unexplained part[72316.704243], Percentage[39.810793%], delta%=[0.287257%]
Round[51]: Size[1715×5257], Iteration[50], Unexplained part[71800.144557], Percentage[39.526424%], delta%=[0.284369%]
Round[52]: Size[1715×5257], Iteration[50], Unexplained part[71307.102175], Percentage[39.255001%], delta%=[0.271423%]
Round[53]: Size[1715×5257], Iteration[50], Unexplained part[70815.816543], Percentage[38.984545%], delta%=[0.270456%]
Round[54]: Size[1715×5257], Iteration[50], Unexplained part[70335.592523], Percentage[38.720179%], delta%=[0.264366%]
Round[55]: Size[4×5257], Iteration[50], Unexplained part[70293.243276], Percentage[38.696866%], delta%=[0.023314%]
Round[56]: Size[4×5257], Iteration[50], Unexplained part[70237.608812], Percentage[38.666238%], delta%=[0.030627%]
Round[57]: Size[1715×5257], Iteration[50], Unexplained part[69775.480252], Percentage[38.411834%], delta%=[0.254405%]
Round[58]: Size[1715×5257], Iteration[50], Unexplained part[69316.865642], Percentage[38.159364%], delta%=[0.252470%]
Round[59]: Size[1715×5257], Iteration[50], Unexplained part[68793.524264], Percentage[37.871261%], delta%=[0.288103%]
Round[60]: Size[1715×5257], Iteration[50], Unexplained part[68327.557665], Percentage[37.614743%], delta%=[0.256517%]
Round[61]: Size[1715×5257], Iteration[50], Unexplained part[67858.903120], Percentage[37.356746%], delta%=[0.257997%]
Round[62]: Size[4×5257], Iteration[50], Unexplained part[67765.501856], Percentage[37.305328%], delta%=[0.051418%]
Round[63]: Size[3×5257], Iteration[50], Unexplained part[67709.460392], Percentage[37.274477%], delta%=[0.030851%]
Round[64]: Size[3×5257], Iteration[50], Unexplained part[67645.506993], Percentage[37.239270%], delta%=[0.035207%]
Round[65]: Size[4×5257], Iteration[50], Unexplained part[67622.899815], Percentage[37.226825%], delta%=[0.012445%]
Round[66]: Size[1715×5257], Iteration[50], Unexplained part[67200.173344], Percentage[36.994111%], delta%=[0.232714%]
Round[67]: Size[4×5257], Iteration[50], Unexplained part[67164.334847], Percentage[36.974382%], delta%=[0.019729%]
Round[68]: Size[1715×5257], Iteration[50], Unexplained part[66699.562409], Percentage[36.718522%], delta%=[0.255860%]
Round[69]: Size[1715×5257], Iteration[50], Unexplained part[66273.367524], Percentage[36.483899%], delta%=[0.234623%]
Round[70]: Size[1715×5257], Iteration[50], Unexplained part[65854.585124], Percentage[36.253357%], delta%=[0.230542%]
Round[71]: Size[1715×5257], Iteration[50], Unexplained part[65439.328713], Percentage[36.024756%], delta%=[0.228601%]
Round[72]: Size[4×5257], Iteration[50], Unexplained part[65406.983829], Percentage[36.006949%], delta%=[0.017806%]
Round[73]: Size[1715×5257], Iteration[50], Unexplained part[65003.629029], Percentage[35.784900%], delta%=[0.222049%]
Round[74]: Size[3×5257], Iteration[50], Unexplained part[64974.115729], Percentage[35.768653%], delta%=[0.016247%]
Round[75]: Size[1715×5257], Iteration[50], Unexplained part[64564.373570], Percentage[35.543087%], delta%=[0.225566%]
Round[76]: Size[4×5257], Iteration[50], Unexplained part[64536.257399], Percentage[35.527609%], delta%=[0.015478%]
Round[77]: Size[1715×5257], Iteration[50], Unexplained part[64121.667385], Percentage[35.299375%], delta%=[0.228234%]
Round[78]: Size[4×5257], Iteration[50], Unexplained part[64087.813974], Percentage[35.280738%], delta%=[0.018637%]
Round[79]: Size[4×5257], Iteration[50], Unexplained part[64061.545964], Percentage[35.266278%], delta%=[0.014461%]
Round[80]: Size[1715×5257], Iteration[50], Unexplained part[63653.678146], Percentage[35.041744%], delta%=[0.224534%]
Round[81]: Size[3×5257], Iteration[50], Unexplained part[63590.913421], Percentage[35.007191%], delta%=[0.034552%]
Round[82]: Size[1715×5257], Iteration[50], Unexplained part[63184.298569], Percentage[34.783348%], delta%=[0.223844%]
Round[83]: Size[1715×5257], Iteration[50], Unexplained part[62785.178570], Percentage[34.563629%], delta%=[0.219718%]
Round[84]: Size[4×5257], Iteration[50], Unexplained part[62730.070987], Percentage[34.533292%], delta%=[0.030337%]
Round[85]: Size[1715×5257], Iteration[50], Unexplained part[62335.330311], Percentage[34.315985%], delta%=[0.217307%]
Round[86]: Size[4×5257], Iteration[50], Unexplained part[62314.805669], Percentage[34.304686%], delta%=[0.011299%]
Round[87]: Size[4×5257], Iteration[50], Unexplained part[62294.031984], Percentage[34.293250%], delta%=[0.011436%]
Round[88]: Size[3×5257], Iteration[50], Unexplained part[62259.841680], Percentage[34.274428%], delta%=[0.018822%]
Round[89]: Size[1715×5257], Iteration[50], Unexplained part[61880.831664], Percentage[34.065781%], delta%=[0.208647%]
Round[90]: Size[4×5257], Iteration[50], Unexplained part[61828.642978], Percentage[34.037051%], delta%=[0.028730%]
Round[91]: Size[1715×5257], Iteration[50], Unexplained part[61440.074951], Percentage[33.823142%], delta%=[0.213909%]
Round[92]: Size[1715×5257], Iteration[50], Unexplained part[61051.530618], Percentage[33.609246%], delta%=[0.213896%]
Round[93]: Size[1715×5257], Iteration[50], Unexplained part[60678.167327], Percentage[33.403707%], delta%=[0.205539%]
Round[94]: Size[1715×5257], Iteration[50], Unexplained part[60306.035390], Percentage[33.198846%], delta%=[0.204861%]
Round[95]: Size[1715×5257], Iteration[50], Unexplained part[59931.173888], Percentage[32.992482%], delta%=[0.206364%]
Round[96]: Size[4×5257], Iteration[50], Unexplained part[59906.107656], Percentage[32.978683%], delta%=[0.013799%]
Round[97]: Size[4×5257], Iteration[50], Unexplained part[59876.090316], Percentage[32.962158%], delta%=[0.016525%]
Round[98]: Size[1715×5257], Iteration[50], Unexplained part[59513.096345], Percentage[32.762328%], delta%=[0.199830%]
Round[99]: Size[1715×5257], Iteration[50], Unexplained part[59138.649989], Percentage[32.556193%], delta%=[0.206135%]
Round[100]: Size[1715×5257], Iteration[50], Unexplained part[58770.698343], Percentage[32.353633%], delta%=[0.202560%]


==============BoostCF #[7]===============
The initial unexplained part (sum of rating matrix) is 181651.000000
dim=[1], lambda=[0.00], lambda_social=[0.10], lambda_item=[0.10], sim_threshold=[0.500000]
-------------------------------------------
Round[1]: Size[4×5257], Iteration[50], Unexplained part[181345.264376], Percentage[99.831691%], delta%=[0.168309%]
Round[2]: Size[4×5257], Iteration[50], Unexplained part[181232.615279], Percentage[99.769677%], delta%=[0.062014%]
Round[3]: Size[1715×5257], Iteration[50], Unexplained part[150517.874739], Percentage[82.861022%], delta%=[16.908655%]
Round[4]: Size[4×5257], Iteration[50], Unexplained part[150342.240735], Percentage[82.764334%], delta%=[0.096688%]
Round[5]: Size[3×5257], Iteration[50], Unexplained part[150246.651172], Percentage[82.711712%], delta%=[0.052623%]
Round[6]: Size[3×5257], Iteration[50], Unexplained part[150170.022452], Percentage[82.669527%], delta%=[0.042185%]
Round[7]: Size[4×5257], Iteration[50], Unexplained part[150079.252676], Percentage[82.619558%], delta%=[0.049969%]
Round[8]: Size[1715×5257], Iteration[50], Unexplained part[134667.414358], Percentage[74.135245%], delta%=[8.484312%]
Round[9]: Size[8×5257], Iteration[50], Unexplained part[134445.617207], Percentage[74.013145%], delta%=[0.122101%]
Round[10]: Size[5×5257], Iteration[50], Unexplained part[134285.450745], Percentage[73.924972%], delta%=[0.088173%]
Round[11]: Size[1715×5257], Iteration[50], Unexplained part[123643.343950], Percentage[68.066426%], delta%=[5.858546%]
Round[12]: Size[3×5257], Iteration[50], Unexplained part[123517.869182], Percentage[67.997352%], delta%=[0.069075%]
Round[13]: Size[4×5257], Iteration[50], Unexplained part[123457.451581], Percentage[67.964091%], delta%=[0.033260%]
Round[14]: Size[4×5257], Iteration[50], Unexplained part[123396.853925], Percentage[67.930732%], delta%=[0.033359%]
Round[15]: Size[1715×5257], Iteration[50], Unexplained part[115624.114458], Percentage[63.651791%], delta%=[4.278941%]
Round[16]: Size[1715×5257], Iteration[50], Unexplained part[109663.505646], Percentage[60.370439%], delta%=[3.281352%]
Round[17]: Size[4×5257], Iteration[50], Unexplained part[109613.892942], Percentage[60.343127%], delta%=[0.027312%]
Round[18]: Size[1715×5257], Iteration[50], Unexplained part[104854.707649], Percentage[57.723166%], delta%=[2.619961%]
Round[19]: Size[3×5257], Iteration[50], Unexplained part[104771.940453], Percentage[57.677602%], delta%=[0.045564%]
Round[20]: Size[1715×5257], Iteration[50], Unexplained part[101301.101336], Percentage[55.766883%], delta%=[1.910718%]
Round[21]: Size[4×5257], Iteration[50], Unexplained part[101250.450431], Percentage[55.739000%], delta%=[0.027884%]
Round[22]: Size[4×5257], Iteration[50], Unexplained part[101159.618938], Percentage[55.688996%], delta%=[0.050003%]
