==============BoostCF #[3]===============
The initial unexplained part (sum of rating matrix) is 725640.000000
learningRate=[0.000000], dim=[1], lambda=[0.00], lambda_social=[0.00], lambda_item=[0.00], sim_threshold=[0.800000]
-------------------------------------------
Round[1]: Size[22×45], Iteration[50], Unexplained part[725627.000000], Percentage[99.998208%], delta%=[0.001792%]
Round[2]: Size[13×84], Iteration[50], Unexplained part[725611.000000], Percentage[99.996004%], delta%=[0.002205%]
Round[3]: Size[22×13], Iteration[50], Unexplained part[725560.924874], Percentage[99.989103%], delta%=[0.006901%]
Round[4]: Size[5014×23], Iteration[50], Unexplained part[719792.583389], Percentage[99.194171%], delta%=[0.794932%]
Round[5]: Size[11×8], Iteration[50], Unexplained part[719770.583390], Percentage[99.191139%], delta%=[0.003032%]
Round[6]: Size[10×19], Iteration[50], Unexplained part[719753.584608], Percentage[99.188797%], delta%=[0.002343%]
Round[7]: Size[21×35], Iteration[50], Unexplained part[719752.584608], Percentage[99.188659%], delta%=[0.000138%]
Round[8]: Size[12×15], Iteration[0], Unexplained part[719752.584608], Percentage[99.188659%], delta%=[0.000000%]
Round[9]: Size[22×72], Iteration[50], Unexplained part[719742.584608], Percentage[99.187281%], delta%=[0.001378%]
Round[10]: Size[16×20], Iteration[50], Unexplained part[719708.280302], Percentage[99.182553%], delta%=[0.004727%]
Round[11]: Size[14×13], Iteration[0], Unexplained part[719708.280302], Percentage[99.182553%], delta%=[0.000000%]
Round[12]: Size[18×3890], Iteration[50], Unexplained part[717544.695280], Percentage[98.884391%], delta%=[0.298162%]
Round[13]: Size[20×3], Iteration[0], Unexplained part[717544.695280], Percentage[98.884391%], delta%=[0.000000%]
Round[14]: Size[13×70], Iteration[50], Unexplained part[717542.530284], Percentage[98.884093%], delta%=[0.000298%]
Round[15]: Size[5×202], Iteration[50], Unexplained part[717520.044456], Percentage[98.880994%], delta%=[0.003099%]
Round[16]: Size[22×372], Iteration[50], Unexplained part[717304.610677], Percentage[98.851305%], delta%=[0.029689%]
Round[17]: Size[22×3], Iteration[50], Unexplained part[717302.610677], Percentage[98.851030%], delta%=[0.000276%]
Round[18]: Size[21×43], Iteration[50], Unexplained part[717243.912098], Percentage[98.842940%], delta%=[0.008089%]
Round[19]: Size[22×73], Iteration[50], Unexplained part[717142.917814], Percentage[98.829022%], delta%=[0.013918%]
Round[20]: Size[19×184], Iteration[50], Unexplained part[717124.836577], Percentage[98.826531%], delta%=[0.002492%]
Round[21]: Size[5×149], Iteration[0], Unexplained part[717124.836577], Percentage[98.826531%], delta%=[0.000000%]
Round[22]: Size[5014×17], Iteration[50], Unexplained part[715481.065773], Percentage[98.600004%], delta%=[0.226527%]
Round[23]: Size[18×99], Iteration[0], Unexplained part[715481.065773], Percentage[98.600004%], delta%=[0.000000%]
Round[24]: Size[15×94], Iteration[50], Unexplained part[715473.321315], Percentage[98.598936%], delta%=[0.001067%]
Round[25]: Size[13×210], Iteration[50], Unexplained part[715473.321315], Percentage[98.598936%], delta%=[0.000000%]
Round[26]: Size[16×12], Iteration[0], Unexplained part[715473.321315], Percentage[98.598936%], delta%=[0.000000%]
Round[27]: Size[22×5], Iteration[0], Unexplained part[715473.321315], Percentage[98.598936%], delta%=[0.000000%]
Round[28]: Size[18×42], Iteration[50], Unexplained part[715402.254190], Percentage[98.589143%], delta%=[0.009794%]
Round[29]: Size[5×37], Iteration[0], Unexplained part[715402.254190], Percentage[98.589143%], delta%=[0.000000%]
Round[30]: Size[15×3], Iteration[50], Unexplained part[715398.254190], Percentage[98.588591%], delta%=[0.000551%]
Round[31]: Size[22×23], Iteration[50], Unexplained part[715376.644354], Percentage[98.585613%], delta%=[0.002978%]
Round[32]: Size[5014×7], Iteration[50], Unexplained part[713771.270586], Percentage[98.364378%], delta%=[0.221236%]
Round[33]: Size[13×156], Iteration[50], Unexplained part[713680.335110], Percentage[98.351846%], delta%=[0.012532%]
Round[34]: Size[20×97], Iteration[50], Unexplained part[713585.598131], Percentage[98.338790%], delta%=[0.013056%]
Round[35]: Size[19×5], Iteration[50], Unexplained part[713581.560371], Percentage[98.338234%], delta%=[0.000556%]
Round[36]: Size[22×26], Iteration[50], Unexplained part[713551.124219], Percentage[98.334039%], delta%=[0.004194%]
Round[37]: Size[22×13], Iteration[0], Unexplained part[713551.124219], Percentage[98.334039%], delta%=[0.000000%]
Round[38]: Size[16×260], Iteration[50], Unexplained part[713503.167546], Percentage[98.327431%], delta%=[0.006609%]
Round[39]: Size[4×149], Iteration[0], Unexplained part[713503.167546], Percentage[98.327431%], delta%=[0.000000%]
Round[40]: Size[4×91], Iteration[0], Unexplained part[713503.167546], Percentage[98.327431%], delta%=[0.000000%]
Round[41]: Size[5×4], Iteration[0], Unexplained part[713503.167546], Percentage[98.327431%], delta%=[0.000000%]
Round[42]: Size[22×87], Iteration[50], Unexplained part[713494.096020], Percentage[98.326180%], delta%=[0.001250%]
Round[43]: Size[22×9], Iteration[50], Unexplained part[713476.422480], Percentage[98.323745%], delta%=[0.002436%]
Round[44]: Size[5014×17], Iteration[50], Unexplained part[711787.800157], Percentage[98.091037%], delta%=[0.232708%]
Round[45]: Size[7×300], Iteration[50], Unexplained part[711781.543368], Percentage[98.090175%], delta%=[0.000862%]
Round[46]: Size[13×50], Iteration[50], Unexplained part[711747.884891], Percentage[98.085536%], delta%=[0.004638%]
Round[47]: Size[16×7], Iteration[50], Unexplained part[711745.082895], Percentage[98.085150%], delta%=[0.000386%]
Round[48]: Size[22×9], Iteration[50], Unexplained part[711730.813181], Percentage[98.083184%], delta%=[0.001967%]
Round[49]: Size[22×5], Iteration[50], Unexplained part[711730.803870], Percentage[98.083182%], delta%=[0.000001%]
Round[50]: Size[7×29], Iteration[50], Unexplained part[711726.721485], Percentage[98.082620%], delta%=[0.000563%]
Round[51]: Size[6×19], Iteration[0], Unexplained part[711726.721485], Percentage[98.082620%], delta%=[0.000000%]
Round[52]: Size[18×101], Iteration[50], Unexplained part[711726.721484], Percentage[98.082620%], delta%=[0.000000%]
Round[53]: Size[22×42], Iteration[50], Unexplained part[711706.134596], Percentage[98.079783%], delta%=[0.002837%]
Round[54]: Size[22×24], Iteration[50], Unexplained part[711700.252024], Percentage[98.078972%], delta%=[0.000811%]
Round[55]: Size[19×19], Iteration[50], Unexplained part[711685.175698], Percentage[98.076894%], delta%=[0.002078%]
Round[56]: Size[4×9], Iteration[0], Unexplained part[711685.175698], Percentage[98.076894%], delta%=[0.000000%]
Round[57]: Size[22×13], Iteration[50], Unexplained part[711673.435065], Percentage[98.075276%], delta%=[0.001618%]
Round[58]: Size[22×9], Iteration[50], Unexplained part[711673.427910], Percentage[98.075275%], delta%=[0.000001%]
Round[59]: Size[20×7], Iteration[0], Unexplained part[711673.427910], Percentage[98.075275%], delta%=[0.000000%]
Round[60]: Size[22×94], Iteration[50], Unexplained part[711595.107589], Percentage[98.064482%], delta%=[0.010793%]
Round[61]: Size[5014×20], Iteration[50], Unexplained part[710512.473066], Percentage[97.915285%], delta%=[0.149197%]
Round[62]: Size[20×32], Iteration[0], Unexplained part[710512.473066], Percentage[97.915285%], delta%=[0.000000%]
Round[63]: Size[20×545], Iteration[50], Unexplained part[710471.905133], Percentage[97.909694%], delta%=[0.005591%]
Round[64]: Size[22×28], Iteration[0], Unexplained part[710471.905133], Percentage[97.909694%], delta%=[0.000000%]
Round[65]: Size[22×70], Iteration[50], Unexplained part[710467.905133], Percentage[97.909143%], delta%=[0.000551%]
Round[66]: Size[13×7], Iteration[0], Unexplained part[710467.905133], Percentage[97.909143%], delta%=[0.000000%]
Round[67]: Size[22×4], Iteration[50], Unexplained part[710467.873757], Percentage[97.909139%], delta%=[0.000004%]
Round[68]: Size[9×71], Iteration[50], Unexplained part[710417.291711], Percentage[97.902168%], delta%=[0.006971%]
Round[69]: Size[17×32], Iteration[0], Unexplained part[710417.291711], Percentage[97.902168%], delta%=[0.000000%]
Round[70]: Size[21×13], Iteration[50], Unexplained part[710417.079233], Percentage[97.902139%], delta%=[0.000029%]
Round[71]: Size[5014×193], Iteration[50], Unexplained part[682417.138510], Percentage[94.043484%], delta%=[3.858655%]
Round[72]: Size[19×16], Iteration[50], Unexplained part[682417.138491], Percentage[94.043484%], delta%=[0.000000%]
Round[73]: Size[15×189], Iteration[50], Unexplained part[682404.709705], Percentage[94.041771%], delta%=[0.001713%]
Round[74]: Size[13×220], Iteration[50], Unexplained part[682395.494001], Percentage[94.040501%], delta%=[0.001270%]
Round[75]: Size[13×11], Iteration[0], Unexplained part[682395.494001], Percentage[94.040501%], delta%=[0.000000%]
Round[76]: Size[21×531], Iteration[50], Unexplained part[682026.578021], Percentage[93.989661%], delta%=[0.050840%]
Round[77]: Size[5014×25], Iteration[50], Unexplained part[679251.813505], Percentage[93.607273%], delta%=[0.382389%]
Round[78]: Size[5×153], Iteration[0], Unexplained part[679251.813505], Percentage[93.607273%], delta%=[0.000000%]
Round[79]: Size[17×3890], Iteration[50], Unexplained part[678690.904843], Percentage[93.529974%], delta%=[0.077298%]
Round[80]: Size[22×136], Iteration[50], Unexplained part[678592.506704], Percentage[93.516414%], delta%=[0.013560%]
Round[81]: Size[10×13], Iteration[0], Unexplained part[678592.506704], Percentage[93.516414%], delta%=[0.000000%]
Round[82]: Size[18×9], Iteration[0], Unexplained part[678592.506704], Percentage[93.516414%], delta%=[0.000000%]
Round[83]: Size[22×33], Iteration[50], Unexplained part[678579.680531], Percentage[93.514646%], delta%=[0.001768%]
Round[84]: Size[4×11], Iteration[0], Unexplained part[678579.680531], Percentage[93.514646%], delta%=[0.000000%]
Round[85]: Size[13×39], Iteration[50], Unexplained part[678577.726397], Percentage[93.514377%], delta%=[0.000269%]
Round[86]: Size[7×49], Iteration[50], Unexplained part[678571.786369], Percentage[93.513559%], delta%=[0.000819%]
Round[87]: Size[8×436], Iteration[50], Unexplained part[678497.415277], Percentage[93.503310%], delta%=[0.010249%]
Round[88]: Size[20×99], Iteration[50], Unexplained part[678496.415277], Percentage[93.503172%], delta%=[0.000138%]
Round[89]: Size[5×36], Iteration[0], Unexplained part[678496.415277], Percentage[93.503172%], delta%=[0.000000%]
Round[90]: Size[22×10], Iteration[0], Unexplained part[678496.415277], Percentage[93.503172%], delta%=[0.000000%]
Round[91]: Size[13×48], Iteration[50], Unexplained part[678496.284919], Percentage[93.503154%], delta%=[0.000018%]
Round[92]: Size[20×91], Iteration[0], Unexplained part[678496.284919], Percentage[93.503154%], delta%=[0.000000%]
Round[93]: Size[19×93], Iteration[0], Unexplained part[678496.284919], Percentage[93.503154%], delta%=[0.000000%]
Round[94]: Size[19×24], Iteration[50], Unexplained part[678494.215107], Percentage[93.502869%], delta%=[0.000285%]
Round[95]: Size[18×16], Iteration[0], Unexplained part[678494.215107], Percentage[93.502869%], delta%=[0.000000%]
Round[96]: Size[19×60], Iteration[0], Unexplained part[678494.215107], Percentage[93.502869%], delta%=[0.000000%]
Round[97]: Size[20×58], Iteration[0], Unexplained part[678494.215107], Percentage[93.502869%], delta%=[0.000000%]
Round[98]: Size[20×46], Iteration[50], Unexplained part[678474.762817], Percentage[93.500188%], delta%=[0.002681%]
Round[99]: Size[5014×32], Iteration[50], Unexplained part[674489.915029], Percentage[92.951038%], delta%=[0.549149%]
Round[100]: Size[5014×19], Iteration[50], Unexplained part[670609.070188], Percentage[92.416222%], delta%=[0.534817%]


==============BoostCF #[4]===============
The initial unexplained part (sum of rating matrix) is 725640.000000
learningRate=[0.000000], dim=[1], lambda=[0.00], lambda_social=[0.00], lambda_item=[0.00], sim_threshold=[0.500000]
-------------------------------------------
Round[1]: Size[22×45], Iteration[50], Unexplained part[725627.000000], Percentage[99.998208%], delta%=[0.001792%]
Round[2]: Size[13×84], Iteration[50], Unexplained part[725611.000000], Percentage[99.996004%], delta%=[0.002205%]
Round[3]: Size[22×13], Iteration[50], Unexplained part[725560.924874], Percentage[99.989103%], delta%=[0.006901%]
Round[4]: Size[5014×23], Iteration[50], Unexplained part[719792.583389], Percentage[99.194171%], delta%=[0.794932%]
Round[5]: Size[11×8], Iteration[50], Unexplained part[719770.583390], Percentage[99.191139%], delta%=[0.003032%]
Round[6]: Size[10×19], Iteration[50], Unexplained part[719753.584608], Percentage[99.188797%], delta%=[0.002343%]
Round[7]: Size[21×35], Iteration[50], Unexplained part[719752.584608], Percentage[99.188659%], delta%=[0.000138%]
Round[8]: Size[12×15], Iteration[0], Unexplained part[719752.584608], Percentage[99.188659%], delta%=[0.000000%]
Round[9]: Size[22×72], Iteration[50], Unexplained part[719742.584608], Percentage[99.187281%], delta%=[0.001378%]
Round[10]: Size[16×20], Iteration[50], Unexplained part[719708.280302], Percentage[99.182553%], delta%=[0.004727%]
Round[11]: Size[14×13], Iteration[0], Unexplained part[719708.280302], Percentage[99.182553%], delta%=[0.000000%]
Round[12]: Size[18×3890], Iteration[50], Unexplained part[717544.695280], Percentage[98.884391%], delta%=[0.298162%]
Round[13]: Size[20×3], Iteration[0], Unexplained part[717544.695280], Percentage[98.884391%], delta%=[0.000000%]
Round[14]: Size[13×70], Iteration[50], Unexplained part[717542.530284], Percentage[98.884093%], delta%=[0.000298%]
Round[15]: Size[5×202], Iteration[50], Unexplained part[717520.044456], Percentage[98.880994%], delta%=[0.003099%]
Round[16]: Size[22×372], Iteration[50], Unexplained part[717304.610677], Percentage[98.851305%], delta%=[0.029689%]
Round[17]: Size[22×3], Iteration[50], Unexplained part[717302.610677], Percentage[98.851030%], delta%=[0.000276%]
Round[18]: Size[21×43], Iteration[50], Unexplained part[717243.912098], Percentage[98.842940%], delta%=[0.008089%]
Round[19]: Size[22×73], Iteration[50], Unexplained part[717142.917814], Percentage[98.829022%], delta%=[0.013918%]
Round[20]: Size[19×184], Iteration[50], Unexplained part[717124.836577], Percentage[98.826531%], delta%=[0.002492%]
Round[21]: Size[5×149], Iteration[0], Unexplained part[717124.836577], Percentage[98.826531%], delta%=[0.000000%]
Round[22]: Size[5014×17], Iteration[50], Unexplained part[715481.065773], Percentage[98.600004%], delta%=[0.226527%]
Round[23]: Size[18×99], Iteration[0], Unexplained part[715481.065773], Percentage[98.600004%], delta%=[0.000000%]
Round[24]: Size[15×94], Iteration[50], Unexplained part[715473.321315], Percentage[98.598936%], delta%=[0.001067%]
Round[25]: Size[13×210], Iteration[50], Unexplained part[715473.321315], Percentage[98.598936%], delta%=[0.000000%]
Round[26]: Size[16×12], Iteration[0], Unexplained part[715473.321315], Percentage[98.598936%], delta%=[0.000000%]
Round[27]: Size[22×5], Iteration[0], Unexplained part[715473.321315], Percentage[98.598936%], delta%=[0.000000%]
Round[28]: Size[18×42], Iteration[50], Unexplained part[715402.254190], Percentage[98.589143%], delta%=[0.009794%]
Round[29]: Size[5×37], Iteration[0], Unexplained part[715402.254190], Percentage[98.589143%], delta%=[0.000000%]
Round[30]: Size[15×3], Iteration[50], Unexplained part[715398.254190], Percentage[98.588591%], delta%=[0.000551%]
Round[31]: Size[22×23], Iteration[50], Unexplained part[715376.644354], Percentage[98.585613%], delta%=[0.002978%]
Round[32]: Size[5014×7], Iteration[50], Unexplained part[713771.270586], Percentage[98.364378%], delta%=[0.221236%]
Round[33]: Size[13×156], Iteration[50], Unexplained part[713680.335110], Percentage[98.351846%], delta%=[0.012532%]
Round[34]: Size[20×97], Iteration[50], Unexplained part[713585.598131], Percentage[98.338790%], delta%=[0.013056%]
Round[35]: Size[19×5], Iteration[50], Unexplained part[713581.560371], Percentage[98.338234%], delta%=[0.000556%]
Round[36]: Size[22×26], Iteration[50], Unexplained part[713551.124219], Percentage[98.334039%], delta%=[0.004194%]
Round[37]: Size[22×13], Iteration[0], Unexplained part[713551.124219], Percentage[98.334039%], delta%=[0.000000%]
Round[38]: Size[16×260], Iteration[50], Unexplained part[713503.167546], Percentage[98.327431%], delta%=[0.006609%]
Round[39]: Size[4×149], Iteration[0], Unexplained part[713503.167546], Percentage[98.327431%], delta%=[0.000000%]
Round[40]: Size[4×91], Iteration[0], Unexplained part[713503.167546], Percentage[98.327431%], delta%=[0.000000%]
Round[41]: Size[5×4], Iteration[0], Unexplained part[713503.167546], Percentage[98.327431%], delta%=[0.000000%]
Round[42]: Size[22×87], Iteration[50], Unexplained part[713494.096020], Percentage[98.326180%], delta%=[0.001250%]
Round[43]: Size[22×9], Iteration[50], Unexplained part[713476.422480], Percentage[98.323745%], delta%=[0.002436%]
Round[44]: Size[5014×17], Iteration[50], Unexplained part[711787.800157], Percentage[98.091037%], delta%=[0.232708%]
Round[45]: Size[7×300], Iteration[50], Unexplained part[711781.543368], Percentage[98.090175%], delta%=[0.000862%]
Round[46]: Size[13×50], Iteration[50], Unexplained part[711747.884891], Percentage[98.085536%], delta%=[0.004638%]
Round[47]: Size[16×7], Iteration[50], Unexplained part[711745.082895], Percentage[98.085150%], delta%=[0.000386%]
Round[48]: Size[22×9], Iteration[50], Unexplained part[711730.813181], Percentage[98.083184%], delta%=[0.001967%]
Round[49]: Size[22×5], Iteration[50], Unexplained part[711730.803870], Percentage[98.083182%], delta%=[0.000001%]
Round[50]: Size[7×29], Iteration[50], Unexplained part[711726.721485], Percentage[98.082620%], delta%=[0.000563%]
Round[51]: Size[6×19], Iteration[0], Unexplained part[711726.721485], Percentage[98.082620%], delta%=[0.000000%]
Round[52]: Size[18×101], Iteration[50], Unexplained part[711726.721484], Percentage[98.082620%], delta%=[0.000000%]
Round[53]: Size[22×42], Iteration[50], Unexplained part[711706.134596], Percentage[98.079783%], delta%=[0.002837%]
Round[54]: Size[22×24], Iteration[50], Unexplained part[711700.252024], Percentage[98.078972%], delta%=[0.000811%]
Round[55]: Size[19×19], Iteration[50], Unexplained part[711685.175698], Percentage[98.076894%], delta%=[0.002078%]
Round[56]: Size[4×9], Iteration[0], Unexplained part[711685.175698], Percentage[98.076894%], delta%=[0.000000%]
Round[57]: Size[22×13], Iteration[50], Unexplained part[711673.435065], Percentage[98.075276%], delta%=[0.001618%]
Round[58]: Size[22×9], Iteration[50], Unexplained part[711673.427910], Percentage[98.075275%], delta%=[0.000001%]
Round[59]: Size[20×7], Iteration[0], Unexplained part[711673.427910], Percentage[98.075275%], delta%=[0.000000%]
Round[60]: Size[22×94], Iteration[50], Unexplained part[711595.107589], Percentage[98.064482%], delta%=[0.010793%]
Round[61]: Size[5014×20], Iteration[50], Unexplained part[710512.473066], Percentage[97.915285%], delta%=[0.149197%]
Round[62]: Size[20×32], Iteration[0], Unexplained part[710512.473066], Percentage[97.915285%], delta%=[0.000000%]
Round[63]: Size[20×545], Iteration[50], Unexplained part[710471.905133], Percentage[97.909694%], delta%=[0.005591%]
Round[64]: Size[22×28], Iteration[0], Unexplained part[710471.905133], Percentage[97.909694%], delta%=[0.000000%]
Round[65]: Size[22×70], Iteration[50], Unexplained part[710467.905133], Percentage[97.909143%], delta%=[0.000551%]
Round[66]: Size[13×7], Iteration[0], Unexplained part[710467.905133], Percentage[97.909143%], delta%=[0.000000%]
Round[67]: Size[22×4], Iteration[50], Unexplained part[710467.873757], Percentage[97.909139%], delta%=[0.000004%]
Round[68]: Size[9×71], Iteration[50], Unexplained part[710417.291711], Percentage[97.902168%], delta%=[0.006971%]
Round[69]: Size[17×32], Iteration[0], Unexplained part[710417.291711], Percentage[97.902168%], delta%=[0.000000%]
Round[70]: Size[21×13], Iteration[50], Unexplained part[710417.079233], Percentage[97.902139%], delta%=[0.000029%]
Round[71]: Size[5014×193], Iteration[50], Unexplained part[682417.138510], Percentage[94.043484%], delta%=[3.858655%]
Round[72]: Size[19×16], Iteration[50], Unexplained part[682417.138491], Percentage[94.043484%], delta%=[0.000000%]
Round[73]: Size[15×189], Iteration[50], Unexplained part[682404.709705], Percentage[94.041771%], delta%=[0.001713%]
Round[74]: Size[13×220], Iteration[50], Unexplained part[682395.494001], Percentage[94.040501%], delta%=[0.001270%]
Round[75]: Size[13×11], Iteration[0], Unexplained part[682395.494001], Percentage[94.040501%], delta%=[0.000000%]
Round[76]: Size[21×531], Iteration[50], Unexplained part[682026.578021], Percentage[93.989661%], delta%=[0.050840%]
Round[77]: Size[5014×25], Iteration[50], Unexplained part[679251.813505], Percentage[93.607273%], delta%=[0.382389%]
Round[78]: Size[5×153], Iteration[0], Unexplained part[679251.813505], Percentage[93.607273%], delta%=[0.000000%]
Round[79]: Size[17×3890], Iteration[50], Unexplained part[678690.904843], Percentage[93.529974%], delta%=[0.077298%]
Round[80]: Size[22×136], Iteration[50], Unexplained part[678592.506704], Percentage[93.516414%], delta%=[0.013560%]
Round[81]: Size[10×13], Iteration[0], Unexplained part[678592.506704], Percentage[93.516414%], delta%=[0.000000%]
Round[82]: Size[18×10], Iteration[0], Unexplained part[678592.506704], Percentage[93.516414%], delta%=[0.000000%]
Round[83]: Size[22×33], Iteration[50], Unexplained part[678579.680531], Percentage[93.514646%], delta%=[0.001768%]
Round[84]: Size[4×11], Iteration[0], Unexplained part[678579.680531], Percentage[93.514646%], delta%=[0.000000%]
Round[85]: Size[13×39], Iteration[50], Unexplained part[678577.726397], Percentage[93.514377%], delta%=[0.000269%]
Round[86]: Size[7×49], Iteration[50], Unexplained part[678571.786369], Percentage[93.513559%], delta%=[0.000819%]
Round[87]: Size[8×436], Iteration[50], Unexplained part[678497.415277], Percentage[93.503310%], delta%=[0.010249%]
Round[88]: Size[20×99], Iteration[50], Unexplained part[678496.415277], Percentage[93.503172%], delta%=[0.000138%]
Round[89]: Size[5×36], Iteration[0], Unexplained part[678496.415277], Percentage[93.503172%], delta%=[0.000000%]
Round[90]: Size[22×10], Iteration[0], Unexplained part[678496.415277], Percentage[93.503172%], delta%=[0.000000%]
Round[91]: Size[13×48], Iteration[50], Unexplained part[678496.284919], Percentage[93.503154%], delta%=[0.000018%]
Round[92]: Size[20×91], Iteration[0], Unexplained part[678496.284919], Percentage[93.503154%], delta%=[0.000000%]
Round[93]: Size[19×93], Iteration[0], Unexplained part[678496.284919], Percentage[93.503154%], delta%=[0.000000%]
Round[94]: Size[19×24], Iteration[50], Unexplained part[678494.215107], Percentage[93.502869%], delta%=[0.000285%]
Round[95]: Size[18×16], Iteration[0], Unexplained part[678494.215107], Percentage[93.502869%], delta%=[0.000000%]
Round[96]: Size[19×60], Iteration[0], Unexplained part[678494.215107], Percentage[93.502869%], delta%=[0.000000%]
Round[97]: Size[20×58], Iteration[0], Unexplained part[678494.215107], Percentage[93.502869%], delta%=[0.000000%]
Round[98]: Size[20×46], Iteration[50], Unexplained part[678474.762817], Percentage[93.500188%], delta%=[0.002681%]
Round[99]: Size[5014×32], Iteration[50], Unexplained part[674489.915029], Percentage[92.951038%], delta%=[0.549149%]
Round[100]: Size[5014×19], Iteration[50], Unexplained part[670609.070188], Percentage[92.416222%], delta%=[0.534817%]


==============BoostCF #[5]===============
The initial unexplained part (sum of rating matrix) is 725640.000000
learningRate=[0.000000], dim=[1], lambda=[0.00], lambda_social=[0.00], lambda_item=[0.00], sim_threshold=[0.200000]
-------------------------------------------
Round[1]: Size[26×46], Iteration[50], Unexplained part[725613.000325], Percentage[99.996279%], delta%=[0.003721%]
Round[2]: Size[15×95], Iteration[50], Unexplained part[725597.000325], Percentage[99.994074%], delta%=[0.002205%]
Round[3]: Size[29×13], Iteration[50], Unexplained part[725530.983538], Percentage[99.984977%], delta%=[0.009098%]
Round[4]: Size[40×28], Iteration[0], Unexplained part[725530.983538], Percentage[99.984977%], delta%=[0.000000%]
Round[5]: Size[16×203], Iteration[50], Unexplained part[725515.983698], Percentage[99.982909%], delta%=[0.002067%]
Round[6]: Size[14×48], Iteration[50], Unexplained part[725501.985070], Percentage[99.980980%], delta%=[0.001929%]
Round[7]: Size[29×8], Iteration[0], Unexplained part[725501.985070], Percentage[99.980980%], delta%=[0.000000%]
Round[8]: Size[44×15], Iteration[50], Unexplained part[725310.977176], Percentage[99.954658%], delta%=[0.026323%]
Round[9]: Size[51×32], Iteration[0], Unexplained part[725310.977176], Percentage[99.954658%], delta%=[0.000000%]
Round[10]: Size[48×76], Iteration[0], Unexplained part[725310.977176], Percentage[99.954658%], delta%=[0.000000%]
Round[11]: Size[30×14], Iteration[0], Unexplained part[725310.977176], Percentage[99.954658%], delta%=[0.000000%]
Round[12]: Size[28×65], Iteration[50], Unexplained part[725299.553900], Percentage[99.953083%], delta%=[0.001574%]
Round[13]: Size[46×126], Iteration[50], Unexplained part[725278.553900], Percentage[99.950189%], delta%=[0.002894%]
Round[14]: Size[21×82], Iteration[0], Unexplained part[725278.553900], Percentage[99.950189%], delta%=[0.000000%]
Round[15]: Size[28×31], Iteration[50], Unexplained part[725265.553900], Percentage[99.948398%], delta%=[0.001792%]
Round[16]: Size[31×376], Iteration[50], Unexplained part[724809.226338], Percentage[99.885512%], delta%=[0.062886%]
Round[17]: Size[23×6], Iteration[50], Unexplained part[724808.022065], Percentage[99.885346%], delta%=[0.000166%]
Round[18]: Size[24×81], Iteration[50], Unexplained part[724807.022065], Percentage[99.885208%], delta%=[0.000138%]
Round[19]: Size[24×82], Iteration[50], Unexplained part[724663.590204], Percentage[99.865442%], delta%=[0.019766%]
Round[20]: Size[3×189], Iteration[50], Unexplained part[724610.559207], Percentage[99.858133%], delta%=[0.007308%]
Round[21]: Size[8×150], Iteration[0], Unexplained part[724610.559207], Percentage[99.858133%], delta%=[0.000000%]
Round[22]: Size[44×55], Iteration[50], Unexplained part[724597.559207], Percentage[99.856342%], delta%=[0.001792%]
Round[23]: Size[20×99], Iteration[50], Unexplained part[724420.007154], Percentage[99.831874%], delta%=[0.024468%]
Round[24]: Size[20×38], Iteration[0], Unexplained part[724420.007154], Percentage[99.831874%], delta%=[0.000000%]
Round[25]: Size[19×231], Iteration[50], Unexplained part[724420.007138], Percentage[99.831874%], delta%=[0.000000%]
Round[26]: Size[25×14], Iteration[50], Unexplained part[724416.007138], Percentage[99.831322%], delta%=[0.000551%]
Round[27]: Size[27×122], Iteration[0], Unexplained part[724416.007138], Percentage[99.831322%], delta%=[0.000000%]
Round[28]: Size[15×97], Iteration[0], Unexplained part[724416.007138], Percentage[99.831322%], delta%=[0.000000%]
Round[29]: Size[12×94], Iteration[0], Unexplained part[724416.007138], Percentage[99.831322%], delta%=[0.000000%]
Round[30]: Size[24×115], Iteration[50], Unexplained part[724407.116871], Percentage[99.830097%], delta%=[0.001225%]
Round[31]: Size[17×56], Iteration[50], Unexplained part[724395.116871], Percentage[99.828443%], delta%=[0.001654%]
Round[32]: Size[12×12], Iteration[0], Unexplained part[724395.116871], Percentage[99.828443%], delta%=[0.000000%]
Round[33]: Size[27×57], Iteration[0], Unexplained part[724395.116871], Percentage[99.828443%], delta%=[0.000000%]
Round[34]: Size[34×8], Iteration[50], Unexplained part[724390.116871], Percentage[99.827754%], delta%=[0.000689%]
Round[35]: Size[23×25], Iteration[0], Unexplained part[724390.116871], Percentage[99.827754%], delta%=[0.000000%]
Round[36]: Size[21×26], Iteration[0], Unexplained part[724390.116871], Percentage[99.827754%], delta%=[0.000000%]
Round[37]: Size[84×27], Iteration[50], Unexplained part[724379.116871], Percentage[99.826238%], delta%=[0.001516%]
Round[38]: Size[21×262], Iteration[50], Unexplained part[724289.816872], Percentage[99.813932%], delta%=[0.012306%]
Round[39]: Size[28×405], Iteration[50], Unexplained part[724202.031281], Percentage[99.801834%], delta%=[0.012098%]
Round[40]: Size[25×105], Iteration[0], Unexplained part[724202.031281], Percentage[99.801834%], delta%=[0.000000%]
Round[41]: Size[8×5], Iteration[0], Unexplained part[724202.031281], Percentage[99.801834%], delta%=[0.000000%]
Round[42]: Size[31×85], Iteration[50], Unexplained part[724189.937795], Percentage[99.800168%], delta%=[0.001667%]
Round[43]: Size[28×11], Iteration[50], Unexplained part[724166.845340], Percentage[99.796985%], delta%=[0.003182%]
Round[44]: Size[15×187], Iteration[50], Unexplained part[724162.845340], Percentage[99.796434%], delta%=[0.000551%]
Round[45]: Size[57×126], Iteration[50], Unexplained part[724154.845340], Percentage[99.795332%], delta%=[0.001102%]
Round[46]: Size[24×50], Iteration[50], Unexplained part[724154.806582], Percentage[99.795326%], delta%=[0.000005%]
Round[47]: Size[37×108], Iteration[50], Unexplained part[724148.782717], Percentage[99.794496%], delta%=[0.000830%]
Round[48]: Size[26×9], Iteration[50], Unexplained part[724112.301102], Percentage[99.789469%], delta%=[0.005028%]
Round[49]: Size[26×29], Iteration[50], Unexplained part[724103.301102], Percentage[99.788228%], delta%=[0.001240%]
Round[50]: Size[22×131], Iteration[50], Unexplained part[723745.866727], Percentage[99.738971%], delta%=[0.049258%]
Round[51]: Size[96×38], Iteration[50], Unexplained part[723739.866727], Percentage[99.738144%], delta%=[0.000827%]
Round[52]: Size[10×114], Iteration[50], Unexplained part[723711.866727], Percentage[99.734285%], delta%=[0.003859%]
Round[53]: Size[42×8], Iteration[50], Unexplained part[723701.866727], Percentage[99.732907%], delta%=[0.001378%]
Round[54]: Size[24×40], Iteration[50], Unexplained part[723691.793253], Percentage[99.731519%], delta%=[0.001388%]
Round[55]: Size[13×103], Iteration[50], Unexplained part[723686.793253], Percentage[99.730830%], delta%=[0.000689%]
Round[56]: Size[40×72], Iteration[0], Unexplained part[723686.793253], Percentage[99.730830%], delta%=[0.000000%]
Round[57]: Size[59×56], Iteration[0], Unexplained part[723686.793253], Percentage[99.730830%], delta%=[0.000000%]
Round[58]: Size[28×108], Iteration[50], Unexplained part[723537.651871], Percentage[99.710277%], delta%=[0.020553%]
Round[59]: Size[17×45], Iteration[0], Unexplained part[723537.651871], Percentage[99.710277%], delta%=[0.000000%]
Round[60]: Size[5×458], Iteration[0], Unexplained part[723537.651871], Percentage[99.710277%], delta%=[0.000000%]
Round[61]: Size[26×118], Iteration[50], Unexplained part[723396.830269], Percentage[99.690870%], delta%=[0.019407%]
Round[62]: Size[23×8], Iteration[0], Unexplained part[723396.830269], Percentage[99.690870%], delta%=[0.000000%]
Round[63]: Size[24×49], Iteration[50], Unexplained part[723353.487905], Percentage[99.684897%], delta%=[0.005973%]
Round[64]: Size[23×60], Iteration[50], Unexplained part[723265.813668], Percentage[99.672815%], delta%=[0.012082%]
Round[65]: Size[95×9], Iteration[50], Unexplained part[723140.581478], Percentage[99.655557%], delta%=[0.017258%]
Round[66]: Size[28×36], Iteration[50], Unexplained part[723032.535443], Percentage[99.640667%], delta%=[0.014890%]
Round[67]: Size[98×207], Iteration[50], Unexplained part[722935.647706], Percentage[99.627315%], delta%=[0.013352%]
Round[68]: Size[26×271], Iteration[50], Unexplained part[722827.878871], Percentage[99.612463%], delta%=[0.014852%]
Round[69]: Size[30×85], Iteration[50], Unexplained part[722826.845716], Percentage[99.612321%], delta%=[0.000142%]
Round[70]: Size[22×15], Iteration[50], Unexplained part[722814.163441], Percentage[99.610573%], delta%=[0.001748%]
Round[71]: Size[31×193], Iteration[50], Unexplained part[722008.349260], Percentage[99.499524%], delta%=[0.111049%]
Round[72]: Size[69×93], Iteration[50], Unexplained part[721844.158656], Percentage[99.476897%], delta%=[0.022627%]
Round[73]: Size[16×149], Iteration[50], Unexplained part[721445.639498], Percentage[99.421978%], delta%=[0.054920%]
Round[74]: Size[24×123], Iteration[50], Unexplained part[721436.272915], Percentage[99.420687%], delta%=[0.001291%]
Round[75]: Size[23×437], Iteration[50], Unexplained part[720979.576816], Percentage[99.357750%], delta%=[0.062937%]
Round[76]: Size[28×121], Iteration[50], Unexplained part[720975.576816], Percentage[99.357199%], delta%=[0.000551%]
Round[77]: Size[25×86], Iteration[0], Unexplained part[720975.576816], Percentage[99.357199%], delta%=[0.000000%]
Round[78]: Size[34×97], Iteration[0], Unexplained part[720975.576816], Percentage[99.357199%], delta%=[0.000000%]
Round[79]: Size[44×12], Iteration[50], Unexplained part[720924.660142], Percentage[99.350182%], delta%=[0.007017%]
Round[80]: Size[51×32], Iteration[0], Unexplained part[720924.660142], Percentage[99.350182%], delta%=[0.000000%]
Round[81]: Size[36×64], Iteration[50], Unexplained part[720908.426180], Percentage[99.347945%], delta%=[0.002237%]
Round[82]: Size[8×14], Iteration[0], Unexplained part[720908.426180], Percentage[99.347945%], delta%=[0.000000%]
Round[83]: Size[44×20], Iteration[0], Unexplained part[720908.426180], Percentage[99.347945%], delta%=[0.000000%]
Round[84]: Size[60×52], Iteration[0], Unexplained part[720908.426180], Percentage[99.347945%], delta%=[0.000000%]
Round[85]: Size[88×72], Iteration[50], Unexplained part[720867.877948], Percentage[99.342357%], delta%=[0.005588%]
Round[86]: Size[19×45], Iteration[0], Unexplained part[720867.877948], Percentage[99.342357%], delta%=[0.000000%]
Round[87]: Size[21×436], Iteration[50], Unexplained part[720800.911589], Percentage[99.333128%], delta%=[0.009229%]
Round[88]: Size[5×6], Iteration[0], Unexplained part[720800.911589], Percentage[99.333128%], delta%=[0.000000%]
Round[89]: Size[14×60], Iteration[50], Unexplained part[720713.605261], Percentage[99.321097%], delta%=[0.012032%]
Round[90]: Size[27×45], Iteration[0], Unexplained part[720713.605261], Percentage[99.321097%], delta%=[0.000000%]
Round[91]: Size[13×3890], Iteration[50], Unexplained part[719776.086052], Percentage[99.191898%], delta%=[0.129199%]
Round[92]: Size[17×38], Iteration[50], Unexplained part[719769.086052], Percentage[99.190933%], delta%=[0.000965%]
Round[93]: Size[9×180], Iteration[0], Unexplained part[719769.086052], Percentage[99.190933%], delta%=[0.000000%]
Round[94]: Size[27×7], Iteration[50], Unexplained part[719698.054354], Percentage[99.181144%], delta%=[0.009789%]
Round[95]: Size[26×5], Iteration[50], Unexplained part[719673.548250], Percentage[99.177767%], delta%=[0.003377%]
Round[96]: Size[21×16], Iteration[50], Unexplained part[719661.548250], Percentage[99.176113%], delta%=[0.001654%]
Round[97]: Size[22×549], Iteration[50], Unexplained part[719612.723814], Percentage[99.169385%], delta%=[0.006728%]
Round[98]: Size[732×59], Iteration[50], Unexplained part[718932.853606], Percentage[99.075692%], delta%=[0.093692%]
Round[99]: Size[7×170], Iteration[50], Unexplained part[718883.127073], Percentage[99.068840%], delta%=[0.006853%]
Round[100]: Size[22×50], Iteration[50], Unexplained part[718883.127073], Percentage[99.068840%], delta%=[0.000000%]


==============BoostCF #[6]===============
The initial unexplained part (sum of rating matrix) is 725640.000000
learningRate=[0.000000], dim=[1], lambda=[0.00], lambda_social=[0.10], lambda_item=[0.10], sim_threshold=[0.800000]
-------------------------------------------
Round[1]: Size[22×45], Iteration[50], Unexplained part[725629.081940], Percentage[99.998495%], delta%=[0.001505%]
Round[2]: Size[13×84], Iteration[50], Unexplained part[725616.655608], Percentage[99.996783%], delta%=[0.001712%]
Round[3]: Size[22×13], Iteration[50], Unexplained part[725579.443126], Percentage[99.991655%], delta%=[0.005128%]
Round[4]: Size[5014×23], Iteration[50], Unexplained part[722057.545508], Percentage[99.506304%], delta%=[0.485351%]
Round[5]: Size[11×32], Iteration[0], Unexplained part[722057.545508], Percentage[99.506304%], delta%=[0.000000%]
Round[6]: Size[10×19], Iteration[50], Unexplained part[722040.188993], Percentage[99.503912%], delta%=[0.002392%]
Round[7]: Size[21×35], Iteration[50], Unexplained part[722039.279902], Percentage[99.503787%], delta%=[0.000125%]
Round[8]: Size[20×15], Iteration[50], Unexplained part[721994.848292], Percentage[99.497664%], delta%=[0.006123%]
Round[9]: Size[22×47], Iteration[0], Unexplained part[721994.848292], Percentage[99.497664%], delta%=[0.000000%]
Round[10]: Size[14×20], Iteration[50], Unexplained part[721968.976120], Percentage[99.494098%], delta%=[0.003565%]
Round[11]: Size[14×13], Iteration[0], Unexplained part[721968.976120], Percentage[99.494098%], delta%=[0.000000%]
Round[12]: Size[18×3890], Iteration[50], Unexplained part[720009.303387], Percentage[99.224037%], delta%=[0.270061%]
Round[13]: Size[5014×19], Iteration[50], Unexplained part[718115.371268], Percentage[98.963036%], delta%=[0.261002%]
Round[14]: Size[13×70], Iteration[50], Unexplained part[718113.706316], Percentage[98.962806%], delta%=[0.000229%]
Round[15]: Size[8×202], Iteration[50], Unexplained part[718046.648124], Percentage[98.953565%], delta%=[0.009241%]
Round[16]: Size[22×372], Iteration[50], Unexplained part[717891.722440], Percentage[98.932215%], delta%=[0.021350%]
Round[17]: Size[22×7], Iteration[50], Unexplained part[717884.175422], Percentage[98.931175%], delta%=[0.001040%]
Round[18]: Size[19×25], Iteration[50], Unexplained part[717883.266332], Percentage[98.931049%], delta%=[0.000125%]
Round[19]: Size[22×73], Iteration[50], Unexplained part[717810.779636], Percentage[98.921060%], delta%=[0.009989%]
Round[20]: Size[19×184], Iteration[50], Unexplained part[717800.932622], Percentage[98.919703%], delta%=[0.001357%]
Round[21]: Size[5×149], Iteration[0], Unexplained part[717800.932622], Percentage[98.919703%], delta%=[0.000000%]
Round[22]: Size[5014×55], Iteration[50], Unexplained part[711798.822285], Percentage[98.092556%], delta%=[0.827147%]
Round[23]: Size[9×5], Iteration[0], Unexplained part[711798.822285], Percentage[98.092556%], delta%=[0.000000%]
Round[24]: Size[19×19], Iteration[0], Unexplained part[711798.822285], Percentage[98.092556%], delta%=[0.000000%]
Round[25]: Size[14×210], Iteration[50], Unexplained part[711644.737008], Percentage[98.071321%], delta%=[0.021234%]
Round[26]: Size[16×12], Iteration[0], Unexplained part[711644.737008], Percentage[98.071321%], delta%=[0.000000%]
Round[27]: Size[20×83], Iteration[0], Unexplained part[711644.737008], Percentage[98.071321%], delta%=[0.000000%]
Round[28]: Size[14×42], Iteration[0], Unexplained part[711644.737008], Percentage[98.071321%], delta%=[0.000000%]
Round[29]: Size[5×37], Iteration[0], Unexplained part[711644.737008], Percentage[98.071321%], delta%=[0.000000%]
Round[30]: Size[18×83], Iteration[50], Unexplained part[711572.977018], Percentage[98.061432%], delta%=[0.009889%]
Round[31]: Size[22×8], Iteration[0], Unexplained part[711572.977018], Percentage[98.061432%], delta%=[0.000000%]
Round[32]: Size[5×355], Iteration[50], Unexplained part[711565.477017], Percentage[98.060399%], delta%=[0.001034%]
Round[33]: Size[5×9], Iteration[0], Unexplained part[711565.477017], Percentage[98.060399%], delta%=[0.000000%]
Round[34]: Size[20×97], Iteration[50], Unexplained part[711501.066516], Percentage[98.051522%], delta%=[0.008876%]
Round[35]: Size[22×57], Iteration[50], Unexplained part[711500.932418], Percentage[98.051504%], delta%=[0.000018%]
Round[36]: Size[18×52], Iteration[50], Unexplained part[711458.286348], Percentage[98.045627%], delta%=[0.005877%]
Round[37]: Size[22×20], Iteration[0], Unexplained part[711458.286348], Percentage[98.045627%], delta%=[0.000000%]
Round[38]: Size[16×260], Iteration[50], Unexplained part[711409.530800], Percentage[98.038908%], delta%=[0.006719%]
Round[39]: Size[16×8], Iteration[50], Unexplained part[711404.033801], Percentage[98.038150%], delta%=[0.000758%]
Round[40]: Size[5×91], Iteration[0], Unexplained part[711404.033801], Percentage[98.038150%], delta%=[0.000000%]
Round[41]: Size[5×4], Iteration[0], Unexplained part[711404.033801], Percentage[98.038150%], delta%=[0.000000%]
Round[42]: Size[18×102], Iteration[50], Unexplained part[711359.028483], Percentage[98.031948%], delta%=[0.006202%]
Round[43]: Size[22×9], Iteration[50], Unexplained part[711346.169524], Percentage[98.030176%], delta%=[0.001772%]
Round[44]: Size[13×31], Iteration[50], Unexplained part[711345.934590], Percentage[98.030144%], delta%=[0.000032%]
Round[45]: Size[22×300], Iteration[50], Unexplained part[711188.297895], Percentage[98.008420%], delta%=[0.021724%]
Round[46]: Size[22×6], Iteration[50], Unexplained part[711181.390274], Percentage[98.007468%], delta%=[0.000952%]
Round[47]: Size[16×105], Iteration[50], Unexplained part[711173.187680], Percentage[98.006338%], delta%=[0.001130%]
Round[48]: Size[22×160], Iteration[50], Unexplained part[711160.696377], Percentage[98.004616%], delta%=[0.001721%]
Round[49]: Size[22×9], Iteration[50], Unexplained part[711160.644420], Percentage[98.004609%], delta%=[0.000007%]
Round[50]: Size[8×86], Iteration[50], Unexplained part[711118.651003], Percentage[97.998822%], delta%=[0.005787%]
Round[51]: Size[19×19], Iteration[50], Unexplained part[711091.378224], Percentage[97.995063%], delta%=[0.003758%]
Round[52]: Size[5014×84], Iteration[50], Unexplained part[702639.703434], Percentage[96.830343%], delta%=[1.164720%]
Round[53]: Size[7×42], Iteration[0], Unexplained part[702639.703434], Percentage[96.830343%], delta%=[0.000000%]
Round[54]: Size[22×12], Iteration[0], Unexplained part[702639.703434], Percentage[96.830343%], delta%=[0.000000%]
Round[55]: Size[19×15], Iteration[50], Unexplained part[702635.157965], Percentage[96.829717%], delta%=[0.000626%]
Round[56]: Size[4×26], Iteration[0], Unexplained part[702635.157965], Percentage[96.829717%], delta%=[0.000000%]
Round[57]: Size[20×11], Iteration[0], Unexplained part[702635.157965], Percentage[96.829717%], delta%=[0.000000%]
Round[58]: Size[22×3], Iteration[0], Unexplained part[702635.157965], Percentage[96.829717%], delta%=[0.000000%]
Round[59]: Size[20×43], Iteration[50], Unexplained part[702608.626520], Percentage[96.826061%], delta%=[0.003656%]
Round[60]: Size[5×16], Iteration[0], Unexplained part[702608.626520], Percentage[96.826061%], delta%=[0.000000%]
Round[61]: Size[13×9], Iteration[50], Unexplained part[702607.815584], Percentage[96.825949%], delta%=[0.000112%]
Round[62]: Size[20×339], Iteration[50], Unexplained part[702579.613565], Percentage[96.822062%], delta%=[0.003887%]
Round[63]: Size[19×545], Iteration[50], Unexplained part[702557.772249], Percentage[96.819052%], delta%=[0.003010%]
Round[64]: Size[22×46], Iteration[50], Unexplained part[702549.615923], Percentage[96.817928%], delta%=[0.001124%]
Round[65]: Size[22×70], Iteration[50], Unexplained part[702545.979559], Percentage[96.817427%], delta%=[0.000501%]
Round[66]: Size[13×30], Iteration[50], Unexplained part[702536.460149], Percentage[96.816115%], delta%=[0.001312%]
Round[67]: Size[22×260], Iteration[50], Unexplained part[702440.589277], Percentage[96.802904%], delta%=[0.013212%]
Round[68]: Size[18×126], Iteration[50], Unexplained part[702380.613409], Percentage[96.794638%], delta%=[0.008265%]
Round[69]: Size[17×32], Iteration[0], Unexplained part[702380.613409], Percentage[96.794638%], delta%=[0.000000%]
Round[70]: Size[7×28], Iteration[50], Unexplained part[702375.429784], Percentage[96.793924%], delta%=[0.000714%]
Round[71]: Size[15×109], Iteration[0], Unexplained part[702375.429784], Percentage[96.793924%], delta%=[0.000000%]
Round[72]: Size[22×7], Iteration[50], Unexplained part[702374.418022], Percentage[96.793785%], delta%=[0.000139%]
Round[73]: Size[20×189], Iteration[50], Unexplained part[702337.292562], Percentage[96.788668%], delta%=[0.005116%]
Round[74]: Size[21×123], Iteration[50], Unexplained part[702334.670242], Percentage[96.788307%], delta%=[0.000361%]
Round[75]: Size[5014×18], Iteration[50], Unexplained part[698742.519312], Percentage[96.293275%], delta%=[0.495032%]
Round[76]: Size[18×15], Iteration[50], Unexplained part[698738.938463], Percentage[96.292781%], delta%=[0.000493%]
Round[77]: Size[5014×63], Iteration[50], Unexplained part[691234.635371], Percentage[95.258618%], delta%=[1.034163%]
Round[78]: Size[5×30], Iteration[50], Unexplained part[691208.985710], Percentage[95.255083%], delta%=[0.003535%]
Round[79]: Size[14×39], Iteration[50], Unexplained part[691194.423982], Percentage[95.253076%], delta%=[0.002007%]
Round[80]: Size[18×4], Iteration[50], Unexplained part[691193.589826], Percentage[95.252961%], delta%=[0.000115%]
Round[81]: Size[17×54], Iteration[0], Unexplained part[691193.589826], Percentage[95.252961%], delta%=[0.000000%]
Round[82]: Size[10×13], Iteration[0], Unexplained part[691193.589826], Percentage[95.252961%], delta%=[0.000000%]
Round[83]: Size[5×50], Iteration[0], Unexplained part[691193.589826], Percentage[95.252961%], delta%=[0.000000%]
Round[84]: Size[5×68], Iteration[0], Unexplained part[691193.589826], Percentage[95.252961%], delta%=[0.000000%]
Round[85]: Size[9×68], Iteration[50], Unexplained part[691189.202980], Percentage[95.252357%], delta%=[0.000605%]
Round[86]: Size[21×38], Iteration[50], Unexplained part[691188.657468], Percentage[95.252282%], delta%=[0.000075%]
Round[87]: Size[4×36], Iteration[0], Unexplained part[691188.657468], Percentage[95.252282%], delta%=[0.000000%]
Round[88]: Size[21×6], Iteration[50], Unexplained part[691186.471441], Percentage[95.251981%], delta%=[0.000301%]
Round[89]: Size[9×22], Iteration[0], Unexplained part[691186.471441], Percentage[95.251981%], delta%=[0.000000%]
Round[90]: Size[21×82], Iteration[0], Unexplained part[691186.471441], Percentage[95.251981%], delta%=[0.000000%]
Round[91]: Size[13×19], Iteration[50], Unexplained part[691178.813550], Percentage[95.250925%], delta%=[0.001055%]
Round[92]: Size[22×91], Iteration[50], Unexplained part[691172.449914], Percentage[95.250048%], delta%=[0.000877%]
Round[93]: Size[22×89], Iteration[50], Unexplained part[691172.367269], Percentage[95.250037%], delta%=[0.000011%]
Round[94]: Size[4×3], Iteration[0], Unexplained part[691172.367269], Percentage[95.250037%], delta%=[0.000000%]
Round[95]: Size[16×76], Iteration[0], Unexplained part[691172.367269], Percentage[95.250037%], delta%=[0.000000%]
Round[96]: Size[22×14], Iteration[50], Unexplained part[691167.821106], Percentage[95.249410%], delta%=[0.000627%]
Round[97]: Size[17×64], Iteration[50], Unexplained part[691162.642794], Percentage[95.248697%], delta%=[0.000714%]
Round[98]: Size[20×15], Iteration[0], Unexplained part[691162.642794], Percentage[95.248697%], delta%=[0.000000%]
Round[99]: Size[22×170], Iteration[50], Unexplained part[691146.425880], Percentage[95.246462%], delta%=[0.002235%]
Round[100]: Size[22×19], Iteration[50], Unexplained part[691145.516789], Percentage[95.246337%], delta%=[0.000125%]


==============BoostCF #[7]===============
The initial unexplained part (sum of rating matrix) is 725640.000000
learningRate=[0.000000], dim=[1], lambda=[0.00], lambda_social=[0.10], lambda_item=[0.10], sim_threshold=[0.500000]
-------------------------------------------
Round[1]: Size[22×45], Iteration[50], Unexplained part[725629.081940], Percentage[99.998495%], delta%=[0.001505%]
Round[2]: Size[13×84], Iteration[50], Unexplained part[725616.655608], Percentage[99.996783%], delta%=[0.001712%]
Round[3]: Size[22×13], Iteration[50], Unexplained part[725579.443126], Percentage[99.991655%], delta%=[0.005128%]
Round[4]: Size[5014×23], Iteration[50], Unexplained part[722057.545508], Percentage[99.506304%], delta%=[0.485351%]
Round[5]: Size[11×32], Iteration[0], Unexplained part[722057.545508], Percentage[99.506304%], delta%=[0.000000%]
Round[6]: Size[10×19], Iteration[50], Unexplained part[722040.188993], Percentage[99.503912%], delta%=[0.002392%]
Round[7]: Size[21×35], Iteration[50], Unexplained part[722039.279902], Percentage[99.503787%], delta%=[0.000125%]
Round[8]: Size[20×15], Iteration[50], Unexplained part[721994.848292], Percentage[99.497664%], delta%=[0.006123%]
Round[9]: Size[22×47], Iteration[0], Unexplained part[721994.848292], Percentage[99.497664%], delta%=[0.000000%]
Round[10]: Size[14×20], Iteration[50], Unexplained part[721968.976120], Percentage[99.494098%], delta%=[0.003565%]
Round[11]: Size[14×13], Iteration[0], Unexplained part[721968.976120], Percentage[99.494098%], delta%=[0.000000%]
Round[12]: Size[18×3890], Iteration[50], Unexplained part[720009.303387], Percentage[99.224037%], delta%=[0.270061%]
Round[13]: Size[5014×19], Iteration[50], Unexplained part[718115.371268], Percentage[98.963036%], delta%=[0.261002%]
Round[14]: Size[13×70], Iteration[50], Unexplained part[718113.706316], Percentage[98.962806%], delta%=[0.000229%]
Round[15]: Size[8×202], Iteration[50], Unexplained part[718046.648124], Percentage[98.953565%], delta%=[0.009241%]
Round[16]: Size[22×372], Iteration[50], Unexplained part[717891.722440], Percentage[98.932215%], delta%=[0.021350%]
Round[17]: Size[22×7], Iteration[50], Unexplained part[717884.175422], Percentage[98.931175%], delta%=[0.001040%]
Round[18]: Size[19×25], Iteration[50], Unexplained part[717883.266332], Percentage[98.931049%], delta%=[0.000125%]
Round[19]: Size[22×73], Iteration[50], Unexplained part[717810.779636], Percentage[98.921060%], delta%=[0.009989%]
Round[20]: Size[19×184], Iteration[50], Unexplained part[717800.932622], Percentage[98.919703%], delta%=[0.001357%]
Round[21]: Size[5×149], Iteration[0], Unexplained part[717800.932622], Percentage[98.919703%], delta%=[0.000000%]
Round[22]: Size[5014×55], Iteration[50], Unexplained part[711798.822285], Percentage[98.092556%], delta%=[0.827147%]
Round[23]: Size[9×5], Iteration[0], Unexplained part[711798.822285], Percentage[98.092556%], delta%=[0.000000%]
Round[24]: Size[19×19], Iteration[0], Unexplained part[711798.822285], Percentage[98.092556%], delta%=[0.000000%]
Round[25]: Size[14×210], Iteration[50], Unexplained part[711644.737008], Percentage[98.071321%], delta%=[0.021234%]
Round[26]: Size[16×12], Iteration[0], Unexplained part[711644.737008], Percentage[98.071321%], delta%=[0.000000%]
Round[27]: Size[20×83], Iteration[0], Unexplained part[711644.737008], Percentage[98.071321%], delta%=[0.000000%]
Round[28]: Size[14×42], Iteration[0], Unexplained part[711644.737008], Percentage[98.071321%], delta%=[0.000000%]
Round[29]: Size[5×37], Iteration[0], Unexplained part[711644.737008], Percentage[98.071321%], delta%=[0.000000%]
Round[30]: Size[18×83], Iteration[50], Unexplained part[711572.977018], Percentage[98.061432%], delta%=[0.009889%]
Round[31]: Size[22×8], Iteration[0], Unexplained part[711572.977018], Percentage[98.061432%], delta%=[0.000000%]
Round[32]: Size[5×355], Iteration[50], Unexplained part[711565.477017], Percentage[98.060399%], delta%=[0.001034%]
Round[33]: Size[5×9], Iteration[0], Unexplained part[711565.477017], Percentage[98.060399%], delta%=[0.000000%]
Round[34]: Size[20×97], Iteration[50], Unexplained part[711501.066516], Percentage[98.051522%], delta%=[0.008876%]
Round[35]: Size[22×57], Iteration[50], Unexplained part[711500.932418], Percentage[98.051504%], delta%=[0.000018%]
Round[36]: Size[18×52], Iteration[50], Unexplained part[711458.286348], Percentage[98.045627%], delta%=[0.005877%]
Round[37]: Size[22×20], Iteration[0], Unexplained part[711458.286348], Percentage[98.045627%], delta%=[0.000000%]
Round[38]: Size[16×260], Iteration[50], Unexplained part[711409.530800], Percentage[98.038908%], delta%=[0.006719%]
Round[39]: Size[16×8], Iteration[50], Unexplained part[711404.033801], Percentage[98.038150%], delta%=[0.000758%]
Round[40]: Size[5×91], Iteration[0], Unexplained part[711404.033801], Percentage[98.038150%], delta%=[0.000000%]
Round[41]: Size[5×4], Iteration[0], Unexplained part[711404.033801], Percentage[98.038150%], delta%=[0.000000%]
Round[42]: Size[18×102], Iteration[50], Unexplained part[711359.028483], Percentage[98.031948%], delta%=[0.006202%]
Round[43]: Size[22×9], Iteration[50], Unexplained part[711346.169524], Percentage[98.030176%], delta%=[0.001772%]
Round[44]: Size[13×31], Iteration[50], Unexplained part[711345.934590], Percentage[98.030144%], delta%=[0.000032%]
Round[45]: Size[22×300], Iteration[50], Unexplained part[711188.297895], Percentage[98.008420%], delta%=[0.021724%]
Round[46]: Size[22×6], Iteration[50], Unexplained part[711181.390274], Percentage[98.007468%], delta%=[0.000952%]
Round[47]: Size[16×105], Iteration[50], Unexplained part[711173.187680], Percentage[98.006338%], delta%=[0.001130%]
Round[48]: Size[22×160], Iteration[50], Unexplained part[711160.696377], Percentage[98.004616%], delta%=[0.001721%]
Round[49]: Size[22×9], Iteration[50], Unexplained part[711160.644420], Percentage[98.004609%], delta%=[0.000007%]
Round[50]: Size[8×86], Iteration[50], Unexplained part[711118.651003], Percentage[97.998822%], delta%=[0.005787%]
Round[51]: Size[19×19], Iteration[50], Unexplained part[711091.378224], Percentage[97.995063%], delta%=[0.003758%]
Round[52]: Size[5014×84], Iteration[50], Unexplained part[702639.703434], Percentage[96.830343%], delta%=[1.164720%]
Round[53]: Size[7×42], Iteration[0], Unexplained part[702639.703434], Percentage[96.830343%], delta%=[0.000000%]
Round[54]: Size[22×12], Iteration[0], Unexplained part[702639.703434], Percentage[96.830343%], delta%=[0.000000%]
Round[55]: Size[19×15], Iteration[50], Unexplained part[702635.157965], Percentage[96.829717%], delta%=[0.000626%]
Round[56]: Size[4×26], Iteration[0], Unexplained part[702635.157965], Percentage[96.829717%], delta%=[0.000000%]
Round[57]: Size[20×11], Iteration[0], Unexplained part[702635.157965], Percentage[96.829717%], delta%=[0.000000%]
Round[58]: Size[22×3], Iteration[0], Unexplained part[702635.157965], Percentage[96.829717%], delta%=[0.000000%]
Round[59]: Size[20×43], Iteration[50], Unexplained part[702608.626520], Percentage[96.826061%], delta%=[0.003656%]
Round[60]: Size[5×16], Iteration[0], Unexplained part[702608.626520], Percentage[96.826061%], delta%=[0.000000%]
Round[61]: Size[13×9], Iteration[50], Unexplained part[702607.815584], Percentage[96.825949%], delta%=[0.000112%]
Round[62]: Size[20×339], Iteration[50], Unexplained part[702579.613565], Percentage[96.822062%], delta%=[0.003887%]
Round[63]: Size[19×545], Iteration[50], Unexplained part[702557.772249], Percentage[96.819052%], delta%=[0.003010%]
Round[64]: Size[22×46], Iteration[50], Unexplained part[702549.615923], Percentage[96.817928%], delta%=[0.001124%]
Round[65]: Size[22×70], Iteration[50], Unexplained part[702545.979559], Percentage[96.817427%], delta%=[0.000501%]
Round[66]: Size[13×30], Iteration[50], Unexplained part[702536.460149], Percentage[96.816115%], delta%=[0.001312%]
Round[67]: Size[22×260], Iteration[50], Unexplained part[702440.589277], Percentage[96.802904%], delta%=[0.013212%]
Round[68]: Size[18×126], Iteration[50], Unexplained part[702380.613409], Percentage[96.794638%], delta%=[0.008265%]
Round[69]: Size[17×32], Iteration[0], Unexplained part[702380.613409], Percentage[96.794638%], delta%=[0.000000%]
Round[70]: Size[7×28], Iteration[50], Unexplained part[702375.429784], Percentage[96.793924%], delta%=[0.000714%]
Round[71]: Size[15×109], Iteration[0], Unexplained part[702375.429784], Percentage[96.793924%], delta%=[0.000000%]
Round[72]: Size[22×7], Iteration[50], Unexplained part[702374.418022], Percentage[96.793785%], delta%=[0.000139%]
Round[73]: Size[20×189], Iteration[50], Unexplained part[702337.292562], Percentage[96.788668%], delta%=[0.005116%]
Round[74]: Size[21×123], Iteration[50], Unexplained part[702334.670242], Percentage[96.788307%], delta%=[0.000361%]
Round[75]: Size[5014×18], Iteration[50], Unexplained part[698742.519312], Percentage[96.293275%], delta%=[0.495032%]
Round[76]: Size[18×15], Iteration[50], Unexplained part[698738.938463], Percentage[96.292781%], delta%=[0.000493%]
Round[77]: Size[5014×63], Iteration[50], Unexplained part[691234.635371], Percentage[95.258618%], delta%=[1.034163%]
Round[78]: Size[5×30], Iteration[50], Unexplained part[691208.985710], Percentage[95.255083%], delta%=[0.003535%]
Round[79]: Size[14×39], Iteration[50], Unexplained part[691194.423982], Percentage[95.253076%], delta%=[0.002007%]
Round[80]: Size[18×4], Iteration[50], Unexplained part[691193.589826], Percentage[95.252961%], delta%=[0.000115%]
Round[81]: Size[17×54], Iteration[0], Unexplained part[691193.589826], Percentage[95.252961%], delta%=[0.000000%]
Round[82]: Size[10×13], Iteration[0], Unexplained part[691193.589826], Percentage[95.252961%], delta%=[0.000000%]
Round[83]: Size[5×50], Iteration[0], Unexplained part[691193.589826], Percentage[95.252961%], delta%=[0.000000%]
Round[84]: Size[5×68], Iteration[0], Unexplained part[691193.589826], Percentage[95.252961%], delta%=[0.000000%]
Round[85]: Size[9×68], Iteration[50], Unexplained part[691189.202980], Percentage[95.252357%], delta%=[0.000605%]
Round[86]: Size[21×38], Iteration[50], Unexplained part[691188.657468], Percentage[95.252282%], delta%=[0.000075%]
Round[87]: Size[4×36], Iteration[0], Unexplained part[691188.657468], Percentage[95.252282%], delta%=[0.000000%]
Round[88]: Size[21×6], Iteration[50], Unexplained part[691186.471441], Percentage[95.251981%], delta%=[0.000301%]
Round[89]: Size[9×22], Iteration[0], Unexplained part[691186.471441], Percentage[95.251981%], delta%=[0.000000%]
Round[90]: Size[21×82], Iteration[0], Unexplained part[691186.471441], Percentage[95.251981%], delta%=[0.000000%]
Round[91]: Size[13×19], Iteration[50], Unexplained part[691178.813550], Percentage[95.250925%], delta%=[0.001055%]
Round[92]: Size[22×91], Iteration[50], Unexplained part[691172.449914], Percentage[95.250048%], delta%=[0.000877%]
Round[93]: Size[22×89], Iteration[50], Unexplained part[691172.367269], Percentage[95.250037%], delta%=[0.000011%]
Round[94]: Size[5×3], Iteration[0], Unexplained part[691172.367269], Percentage[95.250037%], delta%=[0.000000%]
Round[95]: Size[16×76], Iteration[0], Unexplained part[691172.367269], Percentage[95.250037%], delta%=[0.000000%]
Round[96]: Size[22×14], Iteration[50], Unexplained part[691167.821106], Percentage[95.249410%], delta%=[0.000627%]
Round[97]: Size[17×64], Iteration[50], Unexplained part[691162.642794], Percentage[95.248697%], delta%=[0.000714%]
Round[98]: Size[20×15], Iteration[0], Unexplained part[691162.642794], Percentage[95.248697%], delta%=[0.000000%]
Round[99]: Size[22×170], Iteration[50], Unexplained part[691146.425880], Percentage[95.246462%], delta%=[0.002235%]
Round[100]: Size[22×19], Iteration[50], Unexplained part[691145.516789], Percentage[95.246337%], delta%=[0.000125%]


==============BoostCF #[8]===============
The initial unexplained part (sum of rating matrix) is 725640.000000
learningRate=[0.000000], dim=[1], lambda=[0.00], lambda_social=[0.10], lambda_item=[0.10], sim_threshold=[0.200000]
-------------------------------------------
Round[1]: Size[26×46], Iteration[50], Unexplained part[725618.153064], Percentage[99.996989%], delta%=[0.003011%]
Round[2]: Size[15×95], Iteration[50], Unexplained part[725605.726733], Percentage[99.995277%], delta%=[0.001712%]
Round[3]: Size[29×13], Iteration[50], Unexplained part[725556.128115], Percentage[99.988442%], delta%=[0.006835%]
Round[4]: Size[40×28], Iteration[0], Unexplained part[725556.128115], Percentage[99.988442%], delta%=[0.000000%]
Round[5]: Size[16×203], Iteration[50], Unexplained part[725543.089934], Percentage[99.986645%], delta%=[0.001797%]
Round[6]: Size[14×48], Iteration[50], Unexplained part[725535.084649], Percentage[99.985542%], delta%=[0.001103%]
Round[7]: Size[29×8], Iteration[0], Unexplained part[725535.084649], Percentage[99.985542%], delta%=[0.000000%]
Round[8]: Size[44×15], Iteration[50], Unexplained part[725380.187133], Percentage[99.964195%], delta%=[0.021346%]
Round[9]: Size[51×32], Iteration[0], Unexplained part[725380.187133], Percentage[99.964195%], delta%=[0.000000%]
Round[10]: Size[48×76], Iteration[0], Unexplained part[725380.187133], Percentage[99.964195%], delta%=[0.000000%]
Round[11]: Size[30×14], Iteration[0], Unexplained part[725380.187133], Percentage[99.964195%], delta%=[0.000000%]
Round[12]: Size[28×65], Iteration[50], Unexplained part[725371.421094], Percentage[99.962987%], delta%=[0.001208%]
Round[13]: Size[46×126], Iteration[50], Unexplained part[725353.690685], Percentage[99.960544%], delta%=[0.002443%]
Round[14]: Size[21×82], Iteration[0], Unexplained part[725353.690685], Percentage[99.960544%], delta%=[0.000000%]
Round[15]: Size[28×31], Iteration[50], Unexplained part[725342.062003], Percentage[99.958941%], delta%=[0.001603%]
Round[16]: Size[31×376], Iteration[50], Unexplained part[724936.209716], Percentage[99.903011%], delta%=[0.055930%]
Round[17]: Size[23×6], Iteration[50], Unexplained part[724934.534608], Percentage[99.902780%], delta%=[0.000231%]
Round[18]: Size[24×81], Iteration[50], Unexplained part[724933.625517], Percentage[99.902655%], delta%=[0.000125%]
Round[19]: Size[24×82], Iteration[50], Unexplained part[724844.258691], Percentage[99.890339%], delta%=[0.012316%]
Round[20]: Size[3×189], Iteration[50], Unexplained part[724798.612344], Percentage[99.884049%], delta%=[0.006290%]
Round[21]: Size[8×150], Iteration[0], Unexplained part[724798.612344], Percentage[99.884049%], delta%=[0.000000%]
Round[22]: Size[44×55], Iteration[50], Unexplained part[724788.612344], Percentage[99.882671%], delta%=[0.001378%]
Round[23]: Size[20×99], Iteration[50], Unexplained part[724659.598117], Percentage[99.864891%], delta%=[0.017779%]
Round[24]: Size[20×52], Iteration[0], Unexplained part[724659.598117], Percentage[99.864891%], delta%=[0.000000%]
Round[25]: Size[19×230], Iteration[50], Unexplained part[724657.186960], Percentage[99.864559%], delta%=[0.000332%]
Round[26]: Size[25×14], Iteration[50], Unexplained part[724653.550596], Percentage[99.864058%], delta%=[0.000501%]
Round[27]: Size[27×122], Iteration[50], Unexplained part[724653.168684], Percentage[99.864005%], delta%=[0.000053%]
Round[28]: Size[15×97], Iteration[0], Unexplained part[724653.168684], Percentage[99.864005%], delta%=[0.000000%]
Round[29]: Size[12×94], Iteration[0], Unexplained part[724653.168684], Percentage[99.864005%], delta%=[0.000000%]
Round[30]: Size[24×115], Iteration[50], Unexplained part[724643.283651], Percentage[99.862643%], delta%=[0.001362%]
Round[31]: Size[17×56], Iteration[50], Unexplained part[724633.975342], Percentage[99.861360%], delta%=[0.001283%]
Round[32]: Size[21×12], Iteration[0], Unexplained part[724633.975342], Percentage[99.861360%], delta%=[0.000000%]
Round[33]: Size[27×57], Iteration[0], Unexplained part[724633.975342], Percentage[99.861360%], delta%=[0.000000%]
Round[34]: Size[34×38], Iteration[0], Unexplained part[724633.975342], Percentage[99.861360%], delta%=[0.000000%]
Round[35]: Size[23×25], Iteration[0], Unexplained part[724633.975342], Percentage[99.861360%], delta%=[0.000000%]
Round[36]: Size[21×26], Iteration[0], Unexplained part[724633.975342], Percentage[99.861360%], delta%=[0.000000%]
Round[37]: Size[84×27], Iteration[50], Unexplained part[724623.973952], Percentage[99.859982%], delta%=[0.001378%]
Round[38]: Size[21×262], Iteration[50], Unexplained part[724533.401219], Percentage[99.847500%], delta%=[0.012482%]
Round[39]: Size[28×406], Iteration[50], Unexplained part[724471.840377], Percentage[99.839017%], delta%=[0.008484%]
Round[40]: Size[25×105], Iteration[0], Unexplained part[724471.840377], Percentage[99.839017%], delta%=[0.000000%]
Round[41]: Size[8×5], Iteration[0], Unexplained part[724471.840377], Percentage[99.839017%], delta%=[0.000000%]
Round[42]: Size[31×37], Iteration[50], Unexplained part[724465.399042], Percentage[99.838129%], delta%=[0.000888%]
Round[43]: Size[28×11], Iteration[50], Unexplained part[724446.688185], Percentage[99.835550%], delta%=[0.002579%]
Round[44]: Size[64×187], Iteration[50], Unexplained part[724428.224482], Percentage[99.833006%], delta%=[0.002544%]
Round[45]: Size[55×126], Iteration[50], Unexplained part[724421.531536], Percentage[99.832084%], delta%=[0.000922%]
Round[46]: Size[24×31], Iteration[50], Unexplained part[724417.895173], Percentage[99.831582%], delta%=[0.000501%]
Round[47]: Size[37×108], Iteration[50], Unexplained part[724408.969720], Percentage[99.830352%], delta%=[0.001230%]
Round[48]: Size[26×9], Iteration[50], Unexplained part[724378.040615], Percentage[99.826090%], delta%=[0.004262%]
Round[49]: Size[26×29], Iteration[50], Unexplained part[724370.540615], Percentage[99.825057%], delta%=[0.001034%]
Round[50]: Size[22×131], Iteration[50], Unexplained part[723970.575171], Percentage[99.769938%], delta%=[0.055119%]
Round[51]: Size[10×38], Iteration[0], Unexplained part[723970.575171], Percentage[99.769938%], delta%=[0.000000%]
Round[52]: Size[10×114], Iteration[50], Unexplained part[723951.147795], Percentage[99.767260%], delta%=[0.002677%]
Round[53]: Size[16×8], Iteration[0], Unexplained part[723951.147795], Percentage[99.767260%], delta%=[0.000000%]
Round[54]: Size[24×40], Iteration[50], Unexplained part[723941.914598], Percentage[99.765988%], delta%=[0.001272%]
Round[55]: Size[13×103], Iteration[50], Unexplained part[723937.369143], Percentage[99.765361%], delta%=[0.000626%]
