==============BoostCF #[3]===============
The initial unexplained part (sum of rating matrix) is 725640.000000
dim=[1], lambda=[0.00], lambda_social=[0.00], lambda_item=[0.00], sim_threshold=[0.200000]
-------------------------------------------
Round[1]: Size[6×3890], Iteration[2], Unexplained part[725487.607179], Percentage[99.978999%], delta%=[0.021001%]
Round[2]: Size[5014×3890], Iteration[4], Unexplained part[330780.988841], Percentage[45.584724%], delta%=[54.394275%]
Round[3]: Size[5014×3890], Iteration[7], Unexplained part[330285.762252], Percentage[45.516477%], delta%=[0.068247%]
Round[4]: Size[5014×3890], Iteration[10], Unexplained part[317857.058049], Percentage[43.803685%], delta%=[1.712792%]
Round[5]: Size[5014×3890], Iteration[11], Unexplained part[306532.125289], Percentage[42.243003%], delta%=[1.560682%]
Round[6]: Size[5014×3890], Iteration[11], Unexplained part[296526.888288], Percentage[40.864187%], delta%=[1.378816%]
Round[7]: Size[4×5], Iteration[0], Unexplained part[296526.888288], Percentage[40.864187%], delta%=[0.000000%]
Round[8]: Size[5014×3890], Iteration[12], Unexplained part[286637.926451], Percentage[39.501396%], delta%=[1.362792%]
Round[9]: Size[5014×3890], Iteration[10], Unexplained part[277593.526561], Percentage[38.254992%], delta%=[1.246403%]
Round[10]: Size[5014×3890], Iteration[11], Unexplained part[269089.926773], Percentage[37.083117%], delta%=[1.171876%]
Round[11]: Size[5014×3890], Iteration[11], Unexplained part[261108.778666], Percentage[35.983239%], delta%=[1.099877%]
Round[12]: Size[5014×3890], Iteration[11], Unexplained part[253339.145940], Percentage[34.912511%], delta%=[1.070728%]
Round[13]: Size[5014×3890], Iteration[11], Unexplained part[246082.652271], Percentage[33.912498%], delta%=[1.000013%]
Round[14]: Size[5014×3890], Iteration[9], Unexplained part[238974.082466], Percentage[32.932871%], delta%=[0.979628%]
Round[15]: Size[5014×3890], Iteration[10], Unexplained part[232155.521169], Percentage[31.993209%], delta%=[0.939662%]
Round[16]: Size[5014×3890], Iteration[10], Unexplained part[225812.254381], Percentage[31.119047%], delta%=[0.874162%]
Round[17]: Size[5014×3890], Iteration[10], Unexplained part[219676.275245], Percentage[30.273452%], delta%=[0.845595%]
Round[18]: Size[5014×3890], Iteration[10], Unexplained part[213601.754023], Percentage[29.436326%], delta%=[0.837126%]
Round[19]: Size[8×3890], Iteration[29], Unexplained part[213484.249088], Percentage[29.420132%], delta%=[0.016193%]
Round[20]: Size[5014×3890], Iteration[10], Unexplained part[207664.451858], Percentage[28.618110%], delta%=[0.802023%]
Round[21]: Size[14×3890], Iteration[28], Unexplained part[207504.516915], Percentage[28.596069%], delta%=[0.022041%]
Round[22]: Size[12×3890], Iteration[24], Unexplained part[207292.764868], Percentage[28.566888%], delta%=[0.029181%]
Round[23]: Size[8×3890], Iteration[18], Unexplained part[207219.003388], Percentage[28.556723%], delta%=[0.010165%]
Round[24]: Size[5014×3890], Iteration[10], Unexplained part[201583.755079], Percentage[27.780133%], delta%=[0.776590%]
Round[25]: Size[17×3890], Iteration[34], Unexplained part[201300.568676], Percentage[27.741107%], delta%=[0.039026%]
Round[26]: Size[5014×4], Iteration[50], Unexplained part[201252.213282], Percentage[27.734443%], delta%=[0.006664%]
Round[27]: Size[5014×3890], Iteration[11], Unexplained part[195881.486776], Percentage[26.994307%], delta%=[0.740137%]
Round[28]: Size[4×3890], Iteration[34], Unexplained part[195742.651345], Percentage[26.975174%], delta%=[0.019133%]
Round[29]: Size[5014×3890], Iteration[11], Unexplained part[190563.898577], Percentage[26.261493%], delta%=[0.713681%]
Round[30]: Size[5014×3890], Iteration[10], Unexplained part[185524.907285], Percentage[25.567073%], delta%=[0.694420%]
Round[31]: Size[7×3890], Iteration[36], Unexplained part[185445.723921], Percentage[25.556161%], delta%=[0.010912%]
Round[32]: Size[6×3890], Iteration[21], Unexplained part[185360.176464], Percentage[25.544371%], delta%=[0.011789%]
Round[33]: Size[5014×3890], Iteration[9], Unexplained part[180472.287453], Percentage[24.870774%], delta%=[0.673597%]
Round[34]: Size[5×3890], Iteration[43], Unexplained part[180347.861646], Percentage[24.853627%], delta%=[0.017147%]
Round[35]: Size[5014×3890], Iteration[9], Unexplained part[175578.938772], Percentage[24.196425%], delta%=[0.657202%]
Round[36]: Size[6×4], Iteration[0], Unexplained part[175578.938772], Percentage[24.196425%], delta%=[0.000000%]
Round[37]: Size[5×3890], Iteration[32], Unexplained part[175486.534374], Percentage[24.183691%], delta%=[0.012734%]
Round[38]: Size[5014×3890], Iteration[10], Unexplained part[170853.663186], Percentage[23.545238%], delta%=[0.638453%]
Round[39]: Size[5014×3890], Iteration[9], Unexplained part[166404.296388], Percentage[22.932073%], delta%=[0.613164%]
Round[40]: Size[5014×3890], Iteration[9], Unexplained part[162059.600119], Percentage[22.333333%], delta%=[0.598740%]
Round[41]: Size[5014×3890], Iteration[9], Unexplained part[157818.745487], Percentage[21.748904%], delta%=[0.584430%]
Round[42]: Size[4×4], Iteration[0], Unexplained part[157818.745487], Percentage[21.748904%], delta%=[0.000000%]
Round[43]: Size[7×3890], Iteration[19], Unexplained part[157679.014053], Percentage[21.729647%], delta%=[0.019256%]
Round[44]: Size[13×4], Iteration[0], Unexplained part[157679.014053], Percentage[21.729647%], delta%=[0.000000%]
Round[45]: Size[5014×3890], Iteration[10], Unexplained part[153552.965763], Percentage[21.161039%], delta%=[0.568608%]
Round[46]: Size[11×3890], Iteration[23], Unexplained part[153375.400615], Percentage[21.136569%], delta%=[0.024470%]
Round[47]: Size[9×3890], Iteration[11], Unexplained part[153283.904558], Percentage[21.123960%], delta%=[0.012609%]
Round[48]: Size[4×3890], Iteration[20], Unexplained part[153233.507758], Percentage[21.117015%], delta%=[0.006945%]
Round[49]: Size[5014×3890], Iteration[10], Unexplained part[149316.805519], Percentage[20.577257%], delta%=[0.539758%]
Round[50]: Size[5014×3890], Iteration[11], Unexplained part[145462.325720], Percentage[20.046073%], delta%=[0.531183%]
Round[51]: Size[4×3890], Iteration[39], Unexplained part[145321.837621], Percentage[20.026713%], delta%=[0.019361%]
Round[52]: Size[22×3890], Iteration[18], Unexplained part[144990.248580], Percentage[19.981017%], delta%=[0.045696%]
Round[53]: Size[4×3890], Iteration[2], Unexplained part[144954.280813], Percentage[19.976060%], delta%=[0.004957%]
Round[54]: Size[5014×3890], Iteration[9], Unexplained part[141196.212223], Percentage[19.458163%], delta%=[0.517897%]
Round[55]: Size[8×3890], Iteration[25], Unexplained part[141122.408627], Percentage[19.447992%], delta%=[0.010171%]
Round[56]: Size[5014×3890], Iteration[9], Unexplained part[137404.216488], Percentage[18.935590%], delta%=[0.512402%]
Round[57]: Size[5014×3890], Iteration[10], Unexplained part[134001.808236], Percentage[18.466706%], delta%=[0.468884%]
Round[58]: Size[5014×3890], Iteration[10], Unexplained part[130529.632825], Percentage[17.988208%], delta%=[0.478498%]
Round[59]: Size[4×3890], Iteration[14], Unexplained part[130463.967671], Percentage[17.979159%], delta%=[0.009049%]
Round[60]: Size[5014×3890], Iteration[10], Unexplained part[127173.003463], Percentage[17.525633%], delta%=[0.453526%]
Round[61]: Size[5014×3890], Iteration[10], Unexplained part[123935.815927], Percentage[17.079518%], delta%=[0.446115%]
Round[62]: Size[4×3890], Iteration[21], Unexplained part[123880.277569], Percentage[17.071865%], delta%=[0.007654%]
Round[63]: Size[5014×3890], Iteration[9], Unexplained part[120713.720962], Percentage[16.635483%], delta%=[0.436381%]
Round[64]: Size[5×3890], Iteration[35], Unexplained part[120643.785854], Percentage[16.625846%], delta%=[0.009638%]
Round[65]: Size[5014×3890], Iteration[10], Unexplained part[117610.144835], Percentage[16.207781%], delta%=[0.418064%]
Round[66]: Size[5014×3890], Iteration[10], Unexplained part[114613.609478], Percentage[15.794831%], delta%=[0.412951%]
Round[67]: Size[6×3890], Iteration[21], Unexplained part[114510.187234], Percentage[15.780578%], delta%=[0.014253%]
Round[68]: Size[5014×3890], Iteration[8], Unexplained part[111610.521427], Percentage[15.380977%], delta%=[0.399601%]
Round[69]: Size[5014×3890], Iteration[10], Unexplained part[108750.431242], Percentage[14.986830%], delta%=[0.394147%]
Round[70]: Size[5014×3890], Iteration[11], Unexplained part[106043.823267], Percentage[14.613834%], delta%=[0.372996%]
Round[71]: Size[5014×3890], Iteration[9], Unexplained part[103388.540742], Percentage[14.247911%], delta%=[0.365923%]
Round[72]: Size[5014×3890], Iteration[9], Unexplained part[100840.580230], Percentage[13.896778%], delta%=[0.351133%]
Round[73]: Size[5014×3890], Iteration[10], Unexplained part[98293.251479], Percentage[13.545732%], delta%=[0.351046%]
Round[74]: Size[5014×3890], Iteration[10], Unexplained part[95897.354729], Percentage[13.215555%], delta%=[0.330177%]
Round[75]: Size[7×3890], Iteration[46], Unexplained part[95839.060084], Percentage[13.207522%], delta%=[0.008034%]
Round[76]: Size[5014×3890], Iteration[10], Unexplained part[93385.297976], Percentage[12.869370%], delta%=[0.338151%]
Round[77]: Size[5014×3890], Iteration[10], Unexplained part[91070.272534], Percentage[12.550338%], delta%=[0.319032%]
Round[78]: Size[5014×3890], Iteration[9], Unexplained part[88831.312641], Percentage[12.241788%], delta%=[0.308550%]
Round[79]: Size[6×3890], Iteration[18], Unexplained part[88815.583029], Percentage[12.239621%], delta%=[0.002168%]
Round[80]: Size[5014×3890], Iteration[9], Unexplained part[86604.893708], Percentage[11.934967%], delta%=[0.304654%]
Round[81]: Size[5014×3890], Iteration[8], Unexplained part[84539.211289], Percentage[11.650296%], delta%=[0.284670%]
Round[82]: Size[5014×3890], Iteration[10], Unexplained part[82512.524886], Percentage[11.371000%], delta%=[0.279296%]
Round[83]: Size[5014×3890], Iteration[9], Unexplained part[80477.742507], Percentage[11.090588%], delta%=[0.280412%]
Round[84]: Size[5014×3890], Iteration[9], Unexplained part[78462.872602], Percentage[10.812920%], delta%=[0.277668%]
Round[85]: Size[5014×3890], Iteration[10], Unexplained part[76430.025285], Percentage[10.532775%], delta%=[0.280145%]
Round[86]: Size[5014×3890], Iteration[9], Unexplained part[74618.354688], Percentage[10.283109%], delta%=[0.249665%]
Round[87]: Size[5014×3890], Iteration[10], Unexplained part[72771.978474], Percentage[10.028661%], delta%=[0.254448%]
Round[88]: Size[5014×3890], Iteration[9], Unexplained part[70976.443270], Percentage[9.781220%], delta%=[0.247442%]
Round[89]: Size[5014×3890], Iteration[10], Unexplained part[69195.419419], Percentage[9.535778%], delta%=[0.245442%]
Round[90]: Size[5014×3890], Iteration[10], Unexplained part[67581.756125], Percentage[9.313400%], delta%=[0.222378%]
Round[91]: Size[5014×3890], Iteration[9], Unexplained part[65922.731258], Percentage[9.084771%], delta%=[0.228629%]
Round[92]: Size[4×3890], Iteration[15], Unexplained part[65904.921130], Percentage[9.082316%], delta%=[0.002454%]
Round[93]: Size[5014×3890], Iteration[9], Unexplained part[64309.685164], Percentage[8.862478%], delta%=[0.219838%]
Round[94]: Size[5014×3890], Iteration[10], Unexplained part[62749.331090], Percentage[8.647447%], delta%=[0.215031%]
Round[95]: Size[5014×3890], Iteration[8], Unexplained part[61261.245368], Percentage[8.442374%], delta%=[0.205072%]
Round[96]: Size[5014×3890], Iteration[9], Unexplained part[59787.124935], Percentage[8.239227%], delta%=[0.203148%]
Round[97]: Size[5014×3890], Iteration[10], Unexplained part[58392.344818], Percentage[8.047013%], delta%=[0.192214%]
Round[98]: Size[5014×3890], Iteration[10], Unexplained part[56968.662483], Percentage[7.850816%], delta%=[0.196197%]
Round[99]: Size[5014×3890], Iteration[11], Unexplained part[55632.366659], Percentage[7.666662%], delta%=[0.184154%]
Round[100]: Size[5014×3890], Iteration[10], Unexplained part[54306.213350], Percentage[7.483906%], delta%=[0.182756%]


==============BoostCF #[4]===============
The initial unexplained part (sum of rating matrix) is 725640.000000
dim=[1], lambda=[0.00], lambda_social=[0.00], lambda_item=[0.00], sim_threshold=[1.000000]
-------------------------------------------
Round[1]: Size[5014×3890], Iteration[4], Unexplained part[330808.592173], Percentage[45.588528%], delta%=[54.411472%]
Round[2]: Size[5014×3890], Iteration[7], Unexplained part[330299.496713], Percentage[45.518370%], delta%=[0.070158%]
Round[3]: Size[5014×3890], Iteration[10], Unexplained part[317854.305535], Percentage[43.803305%], delta%=[1.715064%]
Round[4]: Size[5014×3890], Iteration[11], Unexplained part[306533.351223], Percentage[42.243172%], delta%=[1.560134%]
Round[5]: Size[5014×3890], Iteration[11], Unexplained part[296496.805480], Percentage[40.860042%], delta%=[1.383130%]
Round[6]: Size[5014×3890], Iteration[11], Unexplained part[286712.150278], Percentage[39.511624%], delta%=[1.348417%]
Round[7]: Size[5014×3890], Iteration[9], Unexplained part[277635.025890], Percentage[38.260711%], delta%=[1.250913%]
Round[8]: Size[5014×3890], Iteration[11], Unexplained part[269203.645803], Percentage[37.098788%], delta%=[1.161923%]
Round[9]: Size[5014×3890], Iteration[10], Unexplained part[261128.399700], Percentage[35.985943%], delta%=[1.112845%]
Round[10]: Size[5014×3890], Iteration[10], Unexplained part[253626.710345], Percentage[34.952140%], delta%=[1.033803%]
Round[11]: Size[5014×3890], Iteration[11], Unexplained part[246337.196106], Percentage[33.947577%], delta%=[1.004563%]
Round[12]: Size[5014×3890], Iteration[10], Unexplained part[239290.425388], Percentage[32.976466%], delta%=[0.971111%]
Round[13]: Size[5014×3890], Iteration[10], Unexplained part[232675.018223], Percentage[32.064800%], delta%=[0.911665%]
Round[14]: Size[5014×3890], Iteration[11], Unexplained part[226123.334695], Percentage[31.161917%], delta%=[0.902883%]
Round[15]: Size[5014×3890], Iteration[9], Unexplained part[219803.503339], Percentage[30.290985%], delta%=[0.870932%]
Round[16]: Size[5014×3890], Iteration[10], Unexplained part[213887.540035], Percentage[29.475710%], delta%=[0.815275%]
Round[17]: Size[5014×3890], Iteration[11], Unexplained part[207975.664775], Percentage[28.660998%], delta%=[0.814712%]
Round[18]: Size[5014×3890], Iteration[10], Unexplained part[202463.713366], Percentage[27.901399%], delta%=[0.759599%]
Round[19]: Size[5014×3890], Iteration[11], Unexplained part[196971.048571], Percentage[27.144458%], delta%=[0.756941%]
Round[20]: Size[5014×3890], Iteration[11], Unexplained part[191577.520905], Percentage[26.401180%], delta%=[0.743279%]
Round[21]: Size[5014×3890], Iteration[10], Unexplained part[186397.506002], Percentage[25.687325%], delta%=[0.713855%]
Round[22]: Size[5014×3890], Iteration[11], Unexplained part[181394.694286], Percentage[24.997891%], delta%=[0.689434%]
Round[23]: Size[5014×3890], Iteration[9], Unexplained part[176607.517257], Percentage[24.338173%], delta%=[0.659718%]
Round[24]: Size[5014×3890], Iteration[10], Unexplained part[172037.347891], Percentage[23.708361%], delta%=[0.629812%]
Round[25]: Size[5014×3890], Iteration[10], Unexplained part[167485.504046], Percentage[23.081074%], delta%=[0.627287%]
Round[26]: Size[5014×3890], Iteration[10], Unexplained part[163009.987609], Percentage[22.464306%], delta%=[0.616768%]
Round[27]: Size[5014×3890], Iteration[10], Unexplained part[158812.959652], Percentage[21.885916%], delta%=[0.578390%]
Round[28]: Size[5014×3890], Iteration[9], Unexplained part[154547.986990], Percentage[21.298163%], delta%=[0.587753%]
Round[29]: Size[5014×3890], Iteration[9], Unexplained part[150618.237766], Percentage[20.756606%], delta%=[0.541556%]
Round[30]: Size[5014×3890], Iteration[10], Unexplained part[146666.083192], Percentage[20.211962%], delta%=[0.544644%]
Round[31]: Size[5014×3890], Iteration[10], Unexplained part[142911.698852], Percentage[19.694573%], delta%=[0.517389%]
Round[32]: Size[5014×3890], Iteration[9], Unexplained part[139223.614417], Percentage[19.186320%], delta%=[0.508253%]
Round[33]: Size[5014×3890], Iteration[8], Unexplained part[135650.941450], Percentage[18.693972%], delta%=[0.492348%]
Round[34]: Size[5014×3890], Iteration[10], Unexplained part[132180.325887], Percentage[18.215689%], delta%=[0.478283%]
Round[35]: Size[5014×3890], Iteration[9], Unexplained part[128819.343797], Percentage[17.752514%], delta%=[0.463175%]
Round[36]: Size[5014×3890], Iteration[10], Unexplained part[125588.025752], Percentage[17.307208%], delta%=[0.445306%]
Round[37]: Size[5014×3890], Iteration[9], Unexplained part[122381.881299], Percentage[16.865371%], delta%=[0.441837%]
Round[38]: Size[5014×3890], Iteration[10], Unexplained part[119323.003264], Percentage[16.443829%], delta%=[0.421542%]
Round[39]: Size[5014×3890], Iteration[9], Unexplained part[116199.786369], Percentage[16.013421%], delta%=[0.430409%]
Round[40]: Size[5014×3890], Iteration[10], Unexplained part[113155.387563], Percentage[15.593874%], delta%=[0.419547%]
Round[41]: Size[5014×3890], Iteration[10], Unexplained part[110327.758081], Percentage[15.204200%], delta%=[0.389674%]
Round[42]: Size[5014×3890], Iteration[10], Unexplained part[107587.968452], Percentage[14.826631%], delta%=[0.377569%]
Round[43]: Size[5014×3890], Iteration[10], Unexplained part[104838.885822], Percentage[14.447782%], delta%=[0.378849%]
Round[44]: Size[5014×3890], Iteration[10], Unexplained part[102215.513177], Percentage[14.086257%], delta%=[0.361525%]
Round[45]: Size[5014×3890], Iteration[9], Unexplained part[99670.759777], Percentage[13.735566%], delta%=[0.350691%]
Round[46]: Size[5014×3890], Iteration[10], Unexplained part[97261.556610], Percentage[13.403555%], delta%=[0.332011%]
Round[47]: Size[5014×3890], Iteration[10], Unexplained part[94814.264398], Percentage[13.066295%], delta%=[0.337260%]
Round[48]: Size[5014×3890], Iteration[9], Unexplained part[92459.790281], Percentage[12.741827%], delta%=[0.324469%]
Round[49]: Size[5014×3890], Iteration[10], Unexplained part[90229.170440], Percentage[12.434426%], delta%=[0.307400%]
Round[50]: Size[5014×3890], Iteration[9], Unexplained part[87987.749498], Percentage[12.125537%], delta%=[0.308889%]
Round[51]: Size[5014×3890], Iteration[8], Unexplained part[85850.971440], Percentage[11.831069%], delta%=[0.294468%]
Round[52]: Size[5014×3890], Iteration[10], Unexplained part[83701.596138], Percentage[11.534865%], delta%=[0.296204%]
Round[53]: Size[5014×3890], Iteration[10], Unexplained part[81654.969851], Percentage[11.252821%], delta%=[0.282044%]
Round[54]: Size[5014×3890], Iteration[9], Unexplained part[79722.749027], Percentage[10.986543%], delta%=[0.266278%]
Round[55]: Size[5014×3890], Iteration[8], Unexplained part[77717.054398], Percentage[10.710139%], delta%=[0.276404%]
Round[56]: Size[5014×3890], Iteration[10], Unexplained part[75769.857365], Percentage[10.441797%], delta%=[0.268342%]
Round[57]: Size[5014×3890], Iteration[10], Unexplained part[73930.084759], Percentage[10.188259%], delta%=[0.253538%]
Round[58]: Size[5014×3890], Iteration[10], Unexplained part[72122.277720], Percentage[9.939127%], delta%=[0.249133%]
Round[59]: Size[5014×3890], Iteration[9], Unexplained part[70409.348330], Percentage[9.703069%], delta%=[0.236058%]
Round[60]: Size[5014×3890], Iteration[9], Unexplained part[68748.862030], Percentage[9.474238%], delta%=[0.228831%]
Round[61]: Size[5014×3890], Iteration[9], Unexplained part[67097.045977], Percentage[9.246602%], delta%=[0.227636%]
Round[62]: Size[5014×3890], Iteration[10], Unexplained part[65429.128407], Percentage[9.016748%], delta%=[0.229855%]
Round[63]: Size[5014×3890], Iteration[8], Unexplained part[63888.550334], Percentage[8.804442%], delta%=[0.212306%]
Round[64]: Size[5014×3890], Iteration[9], Unexplained part[62346.855497], Percentage[8.591982%], delta%=[0.212460%]
Round[65]: Size[5014×3890], Iteration[9], Unexplained part[60832.127421], Percentage[8.383238%], delta%=[0.208744%]
Round[66]: Size[5014×3890], Iteration[9], Unexplained part[59368.281217], Percentage[8.181506%], delta%=[0.201732%]
Round[67]: Size[5014×3890], Iteration[9], Unexplained part[57909.576381], Percentage[7.980483%], delta%=[0.201023%]
Round[68]: Size[5014×3890], Iteration[9], Unexplained part[56561.155302], Percentage[7.794658%], delta%=[0.185825%]
Round[69]: Size[5014×3890], Iteration[8], Unexplained part[55216.925222], Percentage[7.609410%], delta%=[0.185248%]
Round[70]: Size[5014×3890], Iteration[10], Unexplained part[53869.317490], Percentage[7.423697%], delta%=[0.185713%]
Round[71]: Size[5014×3890], Iteration[10], Unexplained part[52522.752834], Percentage[7.238128%], delta%=[0.185569%]
Round[72]: Size[5014×3890], Iteration[8], Unexplained part[51289.568371], Percentage[7.068184%], delta%=[0.169944%]
Round[73]: Size[5014×3890], Iteration[8], Unexplained part[50111.407810], Percentage[6.905822%], delta%=[0.162362%]
Round[74]: Size[5014×3890], Iteration[10], Unexplained part[48924.485739], Percentage[6.742253%], delta%=[0.163569%]
Round[75]: Size[5014×3890], Iteration[9], Unexplained part[47787.078629], Percentage[6.585508%], delta%=[0.156745%]
Round[76]: Size[5014×3890], Iteration[9], Unexplained part[46654.078934], Percentage[6.429370%], delta%=[0.156138%]
Round[77]: Size[5014×3890], Iteration[9], Unexplained part[45546.187921], Percentage[6.276692%], delta%=[0.152678%]
Round[78]: Size[5014×3890], Iteration[9], Unexplained part[44504.128299], Percentage[6.133086%], delta%=[0.143606%]
Round[79]: Size[5014×3890], Iteration[10], Unexplained part[43476.068936], Percentage[5.991410%], delta%=[0.141676%]
Round[80]: Size[5014×3890], Iteration[9], Unexplained part[42442.755991], Percentage[5.849010%], delta%=[0.142400%]
Round[81]: Size[5014×3890], Iteration[9], Unexplained part[41459.153580], Percentage[5.713460%], delta%=[0.135550%]
Round[82]: Size[5014×3890], Iteration[9], Unexplained part[40479.389773], Percentage[5.578440%], delta%=[0.135021%]
Round[83]: Size[5014×3890], Iteration[10], Unexplained part[39510.356076], Percentage[5.444898%], delta%=[0.133542%]
Round[84]: Size[5014×3890], Iteration[9], Unexplained part[38558.839248], Percentage[5.313770%], delta%=[0.131128%]
Round[85]: Size[5014×3890], Iteration[10], Unexplained part[37635.441014], Percentage[5.186517%], delta%=[0.127253%]
Round[86]: Size[5014×3890], Iteration[9], Unexplained part[36748.116440], Percentage[5.064235%], delta%=[0.122282%]
Round[87]: Size[5014×3890], Iteration[9], Unexplained part[35903.436139], Percentage[4.947830%], delta%=[0.116405%]
Round[88]: Size[5014×3890], Iteration[10], Unexplained part[35065.544318], Percentage[4.832361%], delta%=[0.115469%]
Round[89]: Size[5014×3890], Iteration[8], Unexplained part[34255.673625], Percentage[4.720753%], delta%=[0.111608%]
Round[90]: Size[5014×3890], Iteration[9], Unexplained part[33465.087962], Percentage[4.611803%], delta%=[0.108950%]
Round[91]: Size[5014×3890], Iteration[9], Unexplained part[32676.889278], Percentage[4.503182%], delta%=[0.108621%]
Round[92]: Size[5014×3890], Iteration[9], Unexplained part[31891.107354], Percentage[4.394894%], delta%=[0.108288%]
Round[93]: Size[5014×3890], Iteration[9], Unexplained part[31138.638272], Percentage[4.291196%], delta%=[0.103697%]
Round[94]: Size[5014×3890], Iteration[9], Unexplained part[30413.436882], Percentage[4.191257%], delta%=[0.099940%]
Round[95]: Size[5014×3890], Iteration[9], Unexplained part[29728.854795], Percentage[4.096915%], delta%=[0.094342%]
Round[96]: Size[5014×3890], Iteration[9], Unexplained part[29048.401312], Percentage[4.003142%], delta%=[0.093773%]
Round[97]: Size[5014×3890], Iteration[8], Unexplained part[28390.455984], Percentage[3.912471%], delta%=[0.090671%]
Round[98]: Size[5014×3890], Iteration[9], Unexplained part[27715.216442], Percentage[3.819417%], delta%=[0.093054%]
Round[99]: Size[5014×3890], Iteration[9], Unexplained part[27066.455904], Percentage[3.730012%], delta%=[0.089405%]
Round[100]: Size[5014×3890], Iteration[9], Unexplained part[26430.504384], Percentage[3.642371%], delta%=[0.087640%]


==============BoostCF #[5]===============
The initial unexplained part (sum of rating matrix) is 725640.000000
dim=[1], lambda=[0.00], lambda_social=[0.50], lambda_item=[0.50], sim_threshold=[0.200000]
-------------------------------------------
Round[1]: Size[6×3890], Iteration[3], Unexplained part[725157.128258], Percentage[99.933456%], delta%=[0.066544%]
Round[2]: Size[5014×3890], Iteration[50], Unexplained part[356033.350656], Percentage[49.064736%], delta%=[50.868720%]
Round[3]: Size[5014×3890], Iteration[4], Unexplained part[349148.599521], Percentage[48.115953%], delta%=[0.948783%]
Round[4]: Size[5014×3890], Iteration[4], Unexplained part[350285.589766], Percentage[48.272641%], delta%=[-0.156688%]
Round[5]: Size[5014×3890], Iteration[4], Unexplained part[350018.385201], Percentage[48.235817%], delta%=[0.036823%]
Round[6]: Size[5014×3890], Iteration[5], Unexplained part[350073.515403], Percentage[48.243415%], delta%=[-0.007597%]
Round[7]: Size[5014×3890], Iteration[4], Unexplained part[350031.274090], Percentage[48.237594%], delta%=[0.005821%]
Round[8]: Size[10×3890], Iteration[2], Unexplained part[349927.182775], Percentage[48.223249%], delta%=[0.014345%]
Round[9]: Size[5014×3890], Iteration[5], Unexplained part[349895.058120], Percentage[48.218822%], delta%=[0.004427%]
Round[10]: Size[5014×3890], Iteration[4], Unexplained part[349827.547421], Percentage[48.209518%], delta%=[0.009304%]
Round[11]: Size[5014×3890], Iteration[5], Unexplained part[349827.252716], Percentage[48.209478%], delta%=[0.000041%]
Round[12]: Size[5014×3890], Iteration[5], Unexplained part[349867.677728], Percentage[48.215048%], delta%=[-0.005571%]
Round[13]: Size[8×3890], Iteration[2], Unexplained part[349779.760767], Percentage[48.202933%], delta%=[0.012116%]
Round[14]: Size[5014×3890], Iteration[4], Unexplained part[349730.641172], Percentage[48.196164%], delta%=[0.006769%]
Round[15]: Size[5014×3890], Iteration[5], Unexplained part[349752.674046], Percentage[48.199200%], delta%=[-0.003036%]
Round[16]: Size[5014×3890], Iteration[5], Unexplained part[349781.411998], Percentage[48.203160%], delta%=[-0.003960%]
Round[17]: Size[5014×3890], Iteration[5], Unexplained part[349782.150489], Percentage[48.203262%], delta%=[-0.000102%]
Round[18]: Size[5014×3890], Iteration[5], Unexplained part[349784.126231], Percentage[48.203534%], delta%=[-0.000272%]
Round[19]: Size[5014×3890], Iteration[5], Unexplained part[349775.378869], Percentage[48.202329%], delta%=[0.001205%]
Round[20]: Size[5014×3890], Iteration[5], Unexplained part[349781.195015], Percentage[48.203130%], delta%=[-0.000802%]
Round[21]: Size[5014×3890], Iteration[5], Unexplained part[349781.017139], Percentage[48.203106%], delta%=[0.000025%]
Round[22]: Size[5014×3890], Iteration[5], Unexplained part[349773.771701], Percentage[48.202107%], delta%=[0.000998%]
Round[23]: Size[5014×3890], Iteration[5], Unexplained part[349776.786219], Percentage[48.202523%], delta%=[-0.000415%]
Round[24]: Size[5014×3890], Iteration[5], Unexplained part[349769.512499], Percentage[48.201520%], delta%=[0.001002%]
Round[25]: Size[5014×3890], Iteration[5], Unexplained part[349774.701577], Percentage[48.202235%], delta%=[-0.000715%]
Round[26]: Size[5014×3890], Iteration[5], Unexplained part[349770.141243], Percentage[48.201607%], delta%=[0.000628%]
Round[27]: Size[5014×3890], Iteration[5], Unexplained part[349773.823283], Percentage[48.202114%], delta%=[-0.000507%]
Round[28]: Size[5014×3890], Iteration[5], Unexplained part[349764.600063], Percentage[48.200843%], delta%=[0.001271%]
Round[29]: Size[5014×3890], Iteration[5], Unexplained part[349770.386968], Percentage[48.201641%], delta%=[-0.000797%]
Round[30]: Size[5014×3890], Iteration[5], Unexplained part[349766.689483], Percentage[48.201131%], delta%=[0.000510%]
Round[31]: Size[5014×3890], Iteration[5], Unexplained part[349770.077153], Percentage[48.201598%], delta%=[-0.000467%]
Round[32]: Size[5014×3890], Iteration[5], Unexplained part[349760.705375], Percentage[48.200307%], delta%=[0.001292%]
Round[33]: Size[5014×3890], Iteration[5], Unexplained part[349766.806574], Percentage[48.201147%], delta%=[-0.000841%]
Round[34]: Size[5014×3890], Iteration[5], Unexplained part[349763.151549], Percentage[48.200644%], delta%=[0.000504%]
Round[35]: Size[5014×3890], Iteration[5], Unexplained part[349766.466886], Percentage[48.201101%], delta%=[-0.000457%]
Round[36]: Size[5014×3890], Iteration[5], Unexplained part[349756.688191], Percentage[48.199753%], delta%=[0.001348%]
Round[37]: Size[5014×3890], Iteration[5], Unexplained part[349762.984395], Percentage[48.200621%], delta%=[-0.000868%]
Round[38]: Size[5014×3890], Iteration[5], Unexplained part[349759.322441], Percentage[48.200116%], delta%=[0.000505%]
Round[39]: Size[5014×3890], Iteration[5], Unexplained part[349762.678468], Percentage[48.200579%], delta%=[-0.000462%]
Round[40]: Size[5014×3890], Iteration[5], Unexplained part[349752.762550], Percentage[48.199212%], delta%=[0.001367%]
Round[41]: Size[5014×3890], Iteration[5], Unexplained part[349759.153109], Percentage[48.200093%], delta%=[-0.000881%]
Round[42]: Size[5014×3890], Iteration[5], Unexplained part[349755.471246], Percentage[48.199585%], delta%=[0.000507%]
Round[43]: Size[5014×3890], Iteration[5], Unexplained part[349758.898255], Percentage[48.200058%], delta%=[-0.000472%]
Round[44]: Size[5014×3890], Iteration[5], Unexplained part[349748.946035], Percentage[48.198686%], delta%=[0.001372%]
Round[45]: Size[5014×3890], Iteration[5], Unexplained part[349755.410100], Percentage[48.199577%], delta%=[-0.000891%]
Round[46]: Size[5014×3890], Iteration[5], Unexplained part[349751.688741], Percentage[48.199064%], delta%=[0.000513%]
Round[47]: Size[5014×3890], Iteration[5], Unexplained part[349755.193190], Percentage[48.199547%], delta%=[-0.000483%]
Round[48]: Size[5014×3890], Iteration[5], Unexplained part[349745.218677], Percentage[48.198172%], delta%=[0.001375%]
Round[49]: Size[5014×3890], Iteration[5], Unexplained part[349751.765697], Percentage[48.199075%], delta%=[-0.000902%]
Round[50]: Size[5014×3890], Iteration[5], Unexplained part[349747.985301], Percentage[48.198554%], delta%=[0.000521%]
Round[51]: Size[5014×3890], Iteration[5], Unexplained part[349751.564515], Percentage[48.199047%], delta%=[-0.000493%]
Round[52]: Size[5014×3890], Iteration[5], Unexplained part[349741.563371], Percentage[48.197669%], delta%=[0.001378%]
Round[53]: Size[5014×3890], Iteration[5], Unexplained part[349748.192137], Percentage[48.198582%], delta%=[-0.000914%]
Round[54]: Size[5014×3890], Iteration[5], Unexplained part[349744.359692], Percentage[48.198054%], delta%=[0.000528%]
Round[55]: Size[5014×3890], Iteration[5], Unexplained part[349748.006111], Percentage[48.198557%], delta%=[-0.000503%]
Round[56]: Size[5014×3890], Iteration[5], Unexplained part[349737.976856], Percentage[48.197174%], delta%=[0.001382%]
Round[57]: Size[5014×3890], Iteration[5], Unexplained part[349744.685680], Percentage[48.198099%], delta%=[-0.000925%]
Round[58]: Size[5014×3890], Iteration[5], Unexplained part[349740.807683], Percentage[48.197565%], delta%=[0.000534%]
Round[59]: Size[5014×3890], Iteration[5], Unexplained part[349744.514110], Percentage[48.198075%], delta%=[-0.000511%]
Round[60]: Size[5014×3890], Iteration[5], Unexplained part[349734.456239], Percentage[48.196689%], delta%=[0.001386%]
Round[61]: Size[5014×3890], Iteration[5], Unexplained part[349741.242828], Percentage[48.197625%], delta%=[-0.000935%]
Round[62]: Size[5014×3890], Iteration[5], Unexplained part[349737.320772], Percentage[48.197084%], delta%=[0.000540%]
Round[63]: Size[5014×3890], Iteration[5], Unexplained part[349741.085376], Percentage[48.197603%], delta%=[-0.000519%]
Round[64]: Size[5014×3890], Iteration[5], Unexplained part[349731.000593], Percentage[48.196213%], delta%=[0.001390%]
Round[65]: Size[5014×3890], Iteration[5], Unexplained part[349737.863157], Percentage[48.197159%], delta%=[-0.000946%]
Round[66]: Size[5014×3890], Iteration[5], Unexplained part[349733.896289], Percentage[48.196612%], delta%=[0.000547%]
Round[67]: Size[5014×3890], Iteration[5], Unexplained part[349737.717347], Percentage[48.197139%], delta%=[-0.000527%]
Round[68]: Size[5014×3890], Iteration[5], Unexplained part[349727.615041], Percentage[48.195747%], delta%=[0.001392%]
Round[69]: Size[5014×3890], Iteration[5], Unexplained part[349734.542621], Percentage[48.196701%], delta%=[-0.000955%]
Round[70]: Size[5014×3890], Iteration[5], Unexplained part[349730.531794], Percentage[48.196148%], delta%=[0.000553%]
Round[71]: Size[5014×3890], Iteration[5], Unexplained part[349734.407692], Percentage[48.196683%], delta%=[-0.000534%]
Round[72]: Size[5014×3890], Iteration[5], Unexplained part[349724.288444], Percentage[48.195288%], delta%=[0.001395%]
Round[73]: Size[5014×3890], Iteration[5], Unexplained part[349731.278724], Percentage[48.196251%], delta%=[-0.000963%]
Round[74]: Size[5014×3890], Iteration[5], Unexplained part[349727.225040], Percentage[48.195693%], delta%=[0.000559%]
Round[75]: Size[5014×3890], Iteration[5], Unexplained part[349731.154265], Percentage[48.196234%], delta%=[-0.000541%]
Round[76]: Size[5014×3890], Iteration[5], Unexplained part[349721.026681], Percentage[48.194839%], delta%=[0.001396%]
Round[77]: Size[5014×3890], Iteration[5], Unexplained part[349728.069447], Percentage[48.195809%], delta%=[-0.000971%]
Round[78]: Size[5014×3890], Iteration[5], Unexplained part[349723.973939], Percentage[48.195245%], delta%=[0.000564%]
Round[79]: Size[5014×3890], Iteration[5], Unexplained part[349727.955071], Percentage[48.195793%], delta%=[-0.000549%]
Round[80]: Size[5014×3890], Iteration[5], Unexplained part[349717.824673], Percentage[48.194397%], delta%=[0.001396%]
Round[81]: Size[5014×3890], Iteration[5], Unexplained part[349724.912921], Percentage[48.195374%], delta%=[-0.000977%]
Round[82]: Size[5014×3890], Iteration[5], Unexplained part[349720.782394], Percentage[48.194805%], delta%=[0.000569%]
Round[83]: Size[5014×3890], Iteration[5], Unexplained part[349724.808250], Percentage[48.195360%], delta%=[-0.000555%]
Round[84]: Size[5014×3890], Iteration[5], Unexplained part[349714.674959], Percentage[48.193963%], delta%=[0.001396%]
Round[85]: Size[5014×3890], Iteration[5], Unexplained part[349721.807381], Percentage[48.194946%], delta%=[-0.000983%]
Round[86]: Size[5014×3890], Iteration[5], Unexplained part[349717.647491], Percentage[48.194373%], delta%=[0.000573%]
Round[87]: Size[5014×3890], Iteration[5], Unexplained part[349721.712210], Percentage[48.194933%], delta%=[-0.000560%]
Round[88]: Size[5014×3890], Iteration[5], Unexplained part[349711.575845], Percentage[48.193536%], delta%=[0.001397%]
Round[89]: Size[5014×3890], Iteration[5], Unexplained part[349718.751176], Percentage[48.194525%], delta%=[-0.000989%]
Round[90]: Size[5014×3890], Iteration[5], Unexplained part[349714.561993], Percentage[48.193948%], delta%=[0.000577%]
Round[91]: Size[5014×3890], Iteration[5], Unexplained part[349718.665168], Percentage[48.194513%], delta%=[-0.000565%]
Round[92]: Size[5014×3890], Iteration[5], Unexplained part[349708.525727], Percentage[48.193116%], delta%=[0.001397%]
Round[93]: Size[5014×3890], Iteration[5], Unexplained part[349715.742750], Percentage[48.194110%], delta%=[-0.000995%]
Round[94]: Size[5014×3890], Iteration[5], Unexplained part[349711.525222], Percentage[48.193529%], delta%=[0.000581%]
Round[95]: Size[5014×3890], Iteration[5], Unexplained part[349715.665576], Percentage[48.194100%], delta%=[-0.000571%]
Round[96]: Size[5014×3890], Iteration[5], Unexplained part[349705.523080], Percentage[48.192702%], delta%=[0.001398%]
Round[97]: Size[5014×3890], Iteration[5], Unexplained part[349712.780637], Percentage[48.193702%], delta%=[-0.001000%]
Round[98]: Size[5014×3890], Iteration[5], Unexplained part[349708.546970], Percentage[48.193119%], delta%=[0.000583%]
Round[99]: Size[5014×3890], Iteration[5], Unexplained part[349712.711979], Percentage[48.193693%], delta%=[-0.000574%]
Round[100]: Size[5014×3890], Iteration[5], Unexplained part[349702.598272], Percentage[48.192299%], delta%=[0.001394%]


==============BoostCF #[6]===============
The initial unexplained part (sum of rating matrix) is 725640.000000
dim=[1], lambda=[0.00], lambda_social=[0.50], lambda_item=[0.50], sim_threshold=[1.000000]
-------------------------------------------
Round[1]: Size[5014×3890], Iteration[50], Unexplained part[356146.496718], Percentage[49.080329%], delta%=[50.919671%]
Round[2]: Size[5014×3890], Iteration[4], Unexplained part[349290.488488], Percentage[48.135506%], delta%=[0.944822%]
Round[3]: Size[5014×3890], Iteration[4], Unexplained part[350435.316963], Percentage[48.293274%], delta%=[-0.157768%]
Round[4]: Size[5014×3890], Iteration[4], Unexplained part[350161.119427], Percentage[48.255487%], delta%=[0.037787%]
Round[5]: Size[5014×3890], Iteration[5], Unexplained part[350219.131864], Percentage[48.263482%], delta%=[-0.007995%]
Round[6]: Size[5014×3890], Iteration[4], Unexplained part[350175.972354], Percentage[48.257534%], delta%=[0.005948%]
Round[7]: Size[5014×3890], Iteration[5], Unexplained part[350142.434830], Percentage[48.252913%], delta%=[0.004622%]
Round[8]: Size[5014×3890], Iteration[4], Unexplained part[350074.207275], Percentage[48.243510%], delta%=[0.009402%]
Round[9]: Size[5014×3890], Iteration[5], Unexplained part[350073.716758], Percentage[48.243443%], delta%=[0.000068%]
Round[10]: Size[5014×3890], Iteration[5], Unexplained part[350115.470343], Percentage[48.249197%], delta%=[-0.005754%]
Round[11]: Size[5014×3890], Iteration[4], Unexplained part[350064.612197], Percentage[48.242188%], delta%=[0.007009%]
Round[12]: Size[5014×3890], Iteration[5], Unexplained part[350089.780083], Percentage[48.245656%], delta%=[-0.003468%]
Round[13]: Size[5014×3890], Iteration[5], Unexplained part[350101.508915], Percentage[48.247273%], delta%=[-0.001616%]
Round[14]: Size[5014×3890], Iteration[5], Unexplained part[350127.682675], Percentage[48.250880%], delta%=[-0.003607%]
Round[15]: Size[5014×3890], Iteration[5], Unexplained part[350121.050674], Percentage[48.249966%], delta%=[0.000914%]
Round[16]: Size[5014×3890], Iteration[5], Unexplained part[350119.217293], Percentage[48.249713%], delta%=[0.000253%]
Round[17]: Size[5014×3890], Iteration[5], Unexplained part[350116.886414], Percentage[48.249392%], delta%=[0.000321%]
Round[18]: Size[5014×3890], Iteration[5], Unexplained part[350109.819923], Percentage[48.248418%], delta%=[0.000974%]
Round[19]: Size[5014×3890], Iteration[5], Unexplained part[350113.115348], Percentage[48.248872%], delta%=[-0.000454%]
Round[20]: Size[5014×3890], Iteration[5], Unexplained part[350105.757438], Percentage[48.247858%], delta%=[0.001014%]
Round[21]: Size[5014×3890], Iteration[5], Unexplained part[350068.489222], Percentage[48.242722%], delta%=[0.005136%]
Round[22]: Size[5014×3890], Iteration[5], Unexplained part[350056.692015], Percentage[48.241096%], delta%=[0.001626%]
Round[23]: Size[5014×3890], Iteration[5], Unexplained part[350082.146588], Percentage[48.244604%], delta%=[-0.003508%]
Round[24]: Size[5014×3890], Iteration[5], Unexplained part[350099.392045], Percentage[48.246981%], delta%=[-0.002377%]
Round[25]: Size[5014×3890], Iteration[5], Unexplained part[350075.663303], Percentage[48.243711%], delta%=[0.003270%]
Round[26]: Size[5014×3890], Iteration[5], Unexplained part[350069.440044], Percentage[48.242853%], delta%=[0.000858%]
Round[27]: Size[5014×3890], Iteration[5], Unexplained part[350074.640501], Percentage[48.243570%], delta%=[-0.000717%]
Round[28]: Size[5014×3890], Iteration[5], Unexplained part[350066.989487], Percentage[48.242516%], delta%=[0.001054%]
Round[29]: Size[5014×3890], Iteration[5], Unexplained part[350094.507026], Percentage[48.246308%], delta%=[-0.003792%]
Round[30]: Size[5014×3890], Iteration[5], Unexplained part[350081.598111], Percentage[48.244529%], delta%=[0.001779%]
Round[31]: Size[5014×3890], Iteration[5], Unexplained part[350056.798776], Percentage[48.241111%], delta%=[0.003418%]
Round[32]: Size[5014×3890], Iteration[5], Unexplained part[350070.388855], Percentage[48.242984%], delta%=[-0.001873%]
Round[33]: Size[5014×3890], Iteration[5], Unexplained part[350073.049690], Percentage[48.243351%], delta%=[-0.000367%]
Round[34]: Size[5014×3890], Iteration[5], Unexplained part[350060.573964], Percentage[48.241631%], delta%=[0.001719%]
Round[35]: Size[5014×3890], Iteration[5], Unexplained part[350089.176261], Percentage[48.245573%], delta%=[-0.003942%]
Round[36]: Size[5014×3890], Iteration[5], Unexplained part[350076.121896], Percentage[48.243774%], delta%=[0.001799%]
Round[37]: Size[5014×3890], Iteration[5], Unexplained part[350057.176211], Percentage[48.241163%], delta%=[0.002611%]
Round[38]: Size[5014×3890], Iteration[5], Unexplained part[350062.727726], Percentage[48.241928%], delta%=[-0.000765%]
Round[39]: Size[5014×3890], Iteration[5], Unexplained part[350063.788689], Percentage[48.242074%], delta%=[-0.000146%]
Round[40]: Size[5014×3890], Iteration[5], Unexplained part[350057.780351], Percentage[48.241246%], delta%=[0.000828%]
Round[41]: Size[5014×3890], Iteration[5], Unexplained part[350082.079935], Percentage[48.244595%], delta%=[-0.003349%]
Round[42]: Size[5014×3890], Iteration[5], Unexplained part[350071.211018], Percentage[48.243097%], delta%=[0.001498%]
Round[43]: Size[5014×3890], Iteration[5], Unexplained part[350056.047978], Percentage[48.241008%], delta%=[0.002090%]
Round[44]: Size[5014×3890], Iteration[5], Unexplained part[350059.150511], Percentage[48.241435%], delta%=[-0.000428%]
Round[45]: Size[5014×3890], Iteration[5], Unexplained part[350058.196644], Percentage[48.241304%], delta%=[0.000131%]
Round[46]: Size[5014×3890], Iteration[5], Unexplained part[350055.836333], Percentage[48.240978%], delta%=[0.000325%]
Round[47]: Size[5014×3890], Iteration[5], Unexplained part[350074.284132], Percentage[48.243521%], delta%=[-0.002542%]
Round[48]: Size[5014×3890], Iteration[5], Unexplained part[350064.921401], Percentage[48.242231%], delta%=[0.001290%]
Round[49]: Size[5014×3890], Iteration[5], Unexplained part[350042.891603], Percentage[48.239195%], delta%=[0.003036%]
Round[50]: Size[5014×3890], Iteration[5], Unexplained part[350048.115519], Percentage[48.239914%], delta%=[-0.000720%]
Round[51]: Size[5014×3890], Iteration[5], Unexplained part[350047.230055], Percentage[48.239792%], delta%=[0.000122%]
Round[52]: Size[5014×3890], Iteration[5], Unexplained part[350050.750396], Percentage[48.240278%], delta%=[-0.000485%]
Round[53]: Size[5014×3890], Iteration[5], Unexplained part[350056.196402], Percentage[48.241028%], delta%=[-0.000751%]
Round[54]: Size[5014×3890], Iteration[5], Unexplained part[350054.290257], Percentage[48.240765%], delta%=[0.000263%]
Round[55]: Size[5014×3890], Iteration[5], Unexplained part[350063.031177], Percentage[48.241970%], delta%=[-0.001205%]
Round[56]: Size[5014×3890], Iteration[5], Unexplained part[350045.329116], Percentage[48.239530%], delta%=[0.002440%]
Round[57]: Size[5014×3890], Iteration[5], Unexplained part[350059.567477], Percentage[48.241493%], delta%=[-0.001962%]
Round[58]: Size[5014×3890], Iteration[5], Unexplained part[350043.864417], Percentage[48.239329%], delta%=[0.002164%]
Round[59]: Size[5014×3890], Iteration[5], Unexplained part[350058.041596], Percentage[48.241282%], delta%=[-0.001954%]
Round[60]: Size[5014×3890], Iteration[5], Unexplained part[350042.262052], Percentage[48.239108%], delta%=[0.002175%]
Round[61]: Size[5014×3890], Iteration[5], Unexplained part[350056.390415], Percentage[48.241055%], delta%=[-0.001947%]
Round[62]: Size[5014×3890], Iteration[5], Unexplained part[350040.137505], Percentage[48.238815%], delta%=[0.002240%]
Round[63]: Size[5014×3890], Iteration[5], Unexplained part[350054.491235], Percentage[48.240793%], delta%=[-0.001978%]
Round[64]: Size[5014×3890], Iteration[5], Unexplained part[350038.808232], Percentage[48.238632%], delta%=[0.002161%]
Round[65]: Size[5014×3890], Iteration[5], Unexplained part[350053.051528], Percentage[48.240595%], delta%=[-0.001963%]
Round[66]: Size[5014×3890], Iteration[5], Unexplained part[350036.764700], Percentage[48.238350%], delta%=[0.002244%]
Round[67]: Size[5014×3890], Iteration[5], Unexplained part[350051.245589], Percentage[48.240346%], delta%=[-0.001996%]
Round[68]: Size[5014×3890], Iteration[5], Unexplained part[350035.299556], Percentage[48.238148%], delta%=[0.002198%]
Round[69]: Size[5014×3890], Iteration[5], Unexplained part[350049.757412], Percentage[48.240141%], delta%=[-0.001992%]
Round[70]: Size[5014×3890], Iteration[5], Unexplained part[350033.415379], Percentage[48.237889%], delta%=[0.002252%]
Round[71]: Size[5014×3890], Iteration[5], Unexplained part[350048.051897], Percentage[48.239906%], delta%=[-0.002017%]
Round[72]: Size[5014×3890], Iteration[5], Unexplained part[350031.846158], Percentage[48.237672%], delta%=[0.002233%]
Round[73]: Size[5014×3890], Iteration[5], Unexplained part[350046.520153], Percentage[48.239695%], delta%=[-0.002022%]
Round[74]: Size[5014×3890], Iteration[5], Unexplained part[350030.068171], Percentage[48.237427%], delta%=[0.002267%]
Round[75]: Size[5014×3890], Iteration[5], Unexplained part[350044.880707], Percentage[48.239469%], delta%=[-0.002041%]
Round[76]: Size[5014×3890], Iteration[5], Unexplained part[350028.449500], Percentage[48.237204%], delta%=[0.002264%]
Round[77]: Size[5014×3890], Iteration[5], Unexplained part[350043.331049], Percentage[48.239255%], delta%=[-0.002051%]
Round[78]: Size[5014×3890], Iteration[5], Unexplained part[350026.734415], Percentage[48.236968%], delta%=[0.002287%]
Round[79]: Size[5014×3890], Iteration[5], Unexplained part[350041.733071], Percentage[48.239035%], delta%=[-0.002067%]
Round[80]: Size[5014×3890], Iteration[5], Unexplained part[350025.099497], Percentage[48.236743%], delta%=[0.002292%]
Round[81]: Size[5014×3890], Iteration[5], Unexplained part[350040.181935], Percentage[48.238821%], delta%=[-0.002079%]
Round[82]: Size[5014×3890], Iteration[5], Unexplained part[350023.423269], Percentage[48.236512%], delta%=[0.002310%]
Round[83]: Size[5014×3890], Iteration[5], Unexplained part[350038.611633], Percentage[48.238605%], delta%=[-0.002093%]
Round[84]: Size[5014×3890], Iteration[5], Unexplained part[350021.788974], Percentage[48.236286%], delta%=[0.002318%]
Round[85]: Size[5014×3890], Iteration[5], Unexplained part[350037.067489], Percentage[48.238392%], delta%=[-0.002106%]
Round[86]: Size[5014×3890], Iteration[5], Unexplained part[350020.139524], Percentage[48.236059%], delta%=[0.002333%]
Round[87]: Size[5014×3890], Iteration[5], Unexplained part[350035.518051], Percentage[48.238178%], delta%=[-0.002119%]
Round[88]: Size[5014×3890], Iteration[5], Unexplained part[350018.513864], Percentage[48.235835%], delta%=[0.002343%]
Round[89]: Size[5014×3890], Iteration[5], Unexplained part[350033.984579], Percentage[48.237967%], delta%=[-0.002132%]
Round[90]: Size[5014×3890], Iteration[5], Unexplained part[350016.885256], Percentage[48.235611%], delta%=[0.002356%]
Round[91]: Size[5014×3890], Iteration[5], Unexplained part[350032.452309], Percentage[48.237756%], delta%=[-0.002145%]
Round[92]: Size[5014×3890], Iteration[5], Unexplained part[350015.271851], Percentage[48.235388%], delta%=[0.002368%]
Round[93]: Size[5014×3890], Iteration[5], Unexplained part[350030.931190], Percentage[48.237546%], delta%=[-0.002158%]
Round[94]: Size[5014×3890], Iteration[5], Unexplained part[350013.661121], Percentage[48.235166%], delta%=[0.002380%]
Round[95]: Size[5014×3890], Iteration[5], Unexplained part[350029.414245], Percentage[48.237337%], delta%=[-0.002171%]
Round[96]: Size[5014×3890], Iteration[5], Unexplained part[350012.061498], Percentage[48.234946%], delta%=[0.002391%]
Round[97]: Size[5014×3890], Iteration[5], Unexplained part[350027.906107], Percentage[48.237129%], delta%=[-0.002184%]
Round[98]: Size[5014×3890], Iteration[5], Unexplained part[350010.472446], Percentage[48.234727%], delta%=[0.002403%]
Round[99]: Size[5014×3890], Iteration[5], Unexplained part[350026.403458], Percentage[48.236922%], delta%=[-0.002195%]
Round[100]: Size[5014×3890], Iteration[5], Unexplained part[350008.903518], Percentage[48.234511%], delta%=[0.002412%]


==============BoostCF #[7]===============
The initial unexplained part (sum of rating matrix) is 725640.000000
dim=[2], lambda=[0.00], lambda_social=[0.00], lambda_item=[0.00], sim_threshold=[0.200000]
-------------------------------------------
Round[1]: Size[6×3890], Iteration[13], Unexplained part[724574.915589], Percentage[99.853221%], delta%=[0.146779%]
Round[2]: Size[5014×40], Iteration[5], Unexplained part[709979.826898], Percentage[97.841881%], delta%=[2.011340%]
Round[3]: Size[6×11], Iteration[0], Unexplained part[709979.826898], Percentage[97.841881%], delta%=[0.000000%]
Round[4]: Size[28×3890], Iteration[10], Unexplained part[706485.350090], Percentage[97.360310%], delta%=[0.481572%]
Round[5]: Size[12×13], Iteration[4], Unexplained part[706446.749811], Percentage[97.354990%], delta%=[0.005319%]
Round[6]: Size[52×3890], Iteration[9], Unexplained part[695263.864954], Percentage[95.813884%], delta%=[1.541106%]
Round[7]: Size[13×3890], Iteration[8], Unexplained part[693394.603783], Percentage[95.556282%], delta%=[0.257602%]
Round[8]: Size[43×23], Iteration[50], Unexplained part[693386.603783], Percentage[95.555179%], delta%=[0.001102%]
Round[9]: Size[5014×3890], Iteration[3], Unexplained part[346149.437294], Percentage[47.702640%], delta%=[47.852539%]
Round[10]: Size[5014×25], Iteration[3], Unexplained part[345184.750368], Percentage[47.569697%], delta%=[0.132943%]
Round[11]: Size[5014×3890], Iteration[2], Unexplained part[353968.477054], Percentage[48.780177%], delta%=[-1.210480%]
Round[12]: Size[5014×89], Iteration[3], Unexplained part[358642.462169], Percentage[49.424296%], delta%=[-0.644119%]
Round[13]: Size[5014×3890], Iteration[2], Unexplained part[353160.938778], Percentage[48.668891%], delta%=[0.755405%]
Round[14]: Size[5014×10], Iteration[20], Unexplained part[352084.350265], Percentage[48.520527%], delta%=[0.148364%]
Round[15]: Size[5014×3890], Iteration[2], Unexplained part[350294.173814], Percentage[48.273824%], delta%=[0.246703%]
Round[16]: Size[5014×3890], Iteration[2], Unexplained part[346253.734941], Percentage[47.717013%], delta%=[0.556810%]
Round[17]: Size[5014×3890], Iteration[2], Unexplained part[343952.846208], Percentage[47.399929%], delta%=[0.317084%]
Round[18]: Size[5014×3890], Iteration[3], Unexplained part[344697.815306], Percentage[47.502593%], delta%=[-0.102664%]
Round[19]: Size[5014×3890], Iteration[2], Unexplained part[345052.026613], Percentage[47.551407%], delta%=[-0.048814%]
Round[20]: Size[5014×3890], Iteration[2], Unexplained part[344034.801001], Percentage[47.411223%], delta%=[0.140183%]
Round[21]: Size[5014×3890], Iteration[2], Unexplained part[342785.492409], Percentage[47.239057%], delta%=[0.172166%]
Round[22]: Size[5×9], Iteration[50], Unexplained part[342785.202399], Percentage[47.239017%], delta%=[0.000040%]
Round[23]: Size[5014×3890], Iteration[2], Unexplained part[341011.880804], Percentage[46.994637%], delta%=[0.244380%]
Round[24]: Size[5×3890], Iteration[2], Unexplained part[340946.882402], Percentage[46.985679%], delta%=[0.008957%]
Round[25]: Size[5014×3890], Iteration[2], Unexplained part[339573.921327], Percentage[46.796472%], delta%=[0.189207%]
Round[26]: Size[5014×4], Iteration[43], Unexplained part[339522.101512], Percentage[46.789331%], delta%=[0.007141%]
Round[27]: Size[5014×3890], Iteration[2], Unexplained part[340202.050430], Percentage[46.883034%], delta%=[-0.093703%]
Round[28]: Size[5014×3890], Iteration[2], Unexplained part[341001.295402], Percentage[46.993178%], delta%=[-0.110143%]
Round[29]: Size[12×3890], Iteration[34], Unexplained part[338032.542036], Percentage[46.584056%], delta%=[0.409122%]
Round[30]: Size[5014×3890], Iteration[3], Unexplained part[336629.311005], Percentage[46.390677%], delta%=[0.193378%]
Round[31]: Size[5014×3890], Iteration[2], Unexplained part[335137.535300], Percentage[46.185097%], delta%=[0.205581%]
Round[32]: Size[4×3890], Iteration[50], Unexplained part[334133.359205], Percentage[46.046712%], delta%=[0.138385%]
Round[33]: Size[5014×6], Iteration[2], Unexplained part[333918.454617], Percentage[46.017096%], delta%=[0.029616%]
Round[34]: Size[5014×3890], Iteration[3], Unexplained part[331808.765769], Percentage[45.726361%], delta%=[0.290735%]
Round[35]: Size[5014×3890], Iteration[2], Unexplained part[331568.275770], Percentage[45.693219%], delta%=[0.033142%]
Round[36]: Size[5014×3890], Iteration[2], Unexplained part[329430.444287], Percentage[45.398606%], delta%=[0.294613%]
Round[37]: Size[5014×3890], Iteration[3], Unexplained part[327823.205251], Percentage[45.177113%], delta%=[0.221493%]
Round[38]: Size[5014×6], Iteration[16], Unexplained part[326753.133439], Percentage[45.029647%], delta%=[0.147466%]
Round[39]: Size[5014×3890], Iteration[2], Unexplained part[326125.322406], Percentage[44.943129%], delta%=[0.086518%]
Round[40]: Size[9×7], Iteration[0], Unexplained part[326125.322406], Percentage[44.943129%], delta%=[0.000000%]
Round[41]: Size[5014×3890], Iteration[3], Unexplained part[325240.468452], Percentage[44.821188%], delta%=[0.121941%]
Round[42]: Size[7×3890], Iteration[2], Unexplained part[325049.900197], Percentage[44.794926%], delta%=[0.026262%]
Round[43]: Size[5014×3890], Iteration[2], Unexplained part[325823.656456], Percentage[44.901557%], delta%=[-0.106631%]
Round[44]: Size[5014×3890], Iteration[2], Unexplained part[325378.089829], Percentage[44.840153%], delta%=[0.061403%]
Round[45]: Size[6×4], Iteration[0], Unexplained part[325378.089829], Percentage[44.840153%], delta%=[0.000000%]
Round[46]: Size[5014×3890], Iteration[2], Unexplained part[325438.988477], Percentage[44.848546%], delta%=[-0.008392%]
Round[47]: Size[5014×3890], Iteration[2], Unexplained part[327492.676535], Percentage[45.131563%], delta%=[-0.283017%]
Round[48]: Size[5014×3890], Iteration[2], Unexplained part[326287.573905], Percentage[44.965489%], delta%=[0.166074%]
Round[49]: Size[5×3890], Iteration[2], Unexplained part[326047.791121], Percentage[44.932445%], delta%=[0.033044%]
Round[50]: Size[5014×4], Iteration[2], Unexplained part[325974.196925], Percentage[44.922303%], delta%=[0.010142%]
Round[51]: Size[5014×4], Iteration[50], Unexplained part[325470.802489], Percentage[44.852930%], delta%=[0.069372%]
Round[52]: Size[5014×3890], Iteration[3], Unexplained part[322661.743779], Percentage[44.465816%], delta%=[0.387115%]
Round[53]: Size[5014×5], Iteration[5], Unexplained part[322533.237907], Percentage[44.448106%], delta%=[0.017709%]
Round[54]: Size[5014×7], Iteration[31], Unexplained part[322315.676123], Percentage[44.418124%], delta%=[0.029982%]
Round[55]: Size[5014×15], Iteration[11], Unexplained part[319903.317796], Percentage[44.085679%], delta%=[0.332446%]
Round[56]: Size[12×3890], Iteration[18], Unexplained part[318815.324126], Percentage[43.935743%], delta%=[0.149936%]
Round[57]: Size[5014×4], Iteration[50], Unexplained part[318751.381253], Percentage[43.926931%], delta%=[0.008812%]
Round[58]: Size[5014×4], Iteration[12], Unexplained part[318574.373165], Percentage[43.902538%], delta%=[0.024393%]
Round[59]: Size[8×3890], Iteration[2], Unexplained part[318249.933517], Percentage[43.857827%], delta%=[0.044711%]
Round[60]: Size[5014×3890], Iteration[3], Unexplained part[316293.206276], Percentage[43.588171%], delta%=[0.269655%]
Round[61]: Size[5014×3890], Iteration[2], Unexplained part[314702.766998], Percentage[43.368994%], delta%=[0.219177%]
Round[62]: Size[5014×3890], Iteration[2], Unexplained part[313960.987938], Percentage[43.266770%], delta%=[0.102224%]
Round[63]: Size[5×3890], Iteration[32], Unexplained part[313743.677356], Percentage[43.236822%], delta%=[0.029947%]
Round[64]: Size[4×3890], Iteration[2], Unexplained part[313558.182777], Percentage[43.211259%], delta%=[0.025563%]
Round[65]: Size[5014×3890], Iteration[2], Unexplained part[313889.564669], Percentage[43.256927%], delta%=[-0.045668%]
Round[66]: Size[5014×6], Iteration[4], Unexplained part[313850.883910], Percentage[43.251596%], delta%=[0.005331%]
Round[67]: Size[5014×6], Iteration[10], Unexplained part[313726.750204], Percentage[43.234490%], delta%=[0.017107%]
Round[68]: Size[11×3890], Iteration[7], Unexplained part[312804.675387], Percentage[43.107419%], delta%=[0.127071%]
Round[69]: Size[5014×4], Iteration[2], Unexplained part[312836.896352], Percentage[43.111859%], delta%=[-0.004440%]
Round[70]: Size[5014×19], Iteration[3], Unexplained part[311872.389265], Percentage[42.978941%], delta%=[0.132918%]
Round[71]: Size[5014×13], Iteration[3], Unexplained part[311531.104096], Percentage[42.931909%], delta%=[0.047032%]
Round[72]: Size[8×3890], Iteration[10], Unexplained part[310717.357669], Percentage[42.819767%], delta%=[0.112142%]
Round[73]: Size[5×3890], Iteration[3], Unexplained part[310352.520853], Percentage[42.769489%], delta%=[0.050278%]
Round[74]: Size[5014×8], Iteration[2], Unexplained part[310314.106208], Percentage[42.764195%], delta%=[0.005294%]
Round[75]: Size[5×47], Iteration[50], Unexplained part[310140.768958], Percentage[42.740308%], delta%=[0.023887%]
Round[76]: Size[5014×3890], Iteration[2], Unexplained part[310262.872734], Percentage[42.757135%], delta%=[-0.016827%]
Round[77]: Size[5014×3890], Iteration[2], Unexplained part[310341.111624], Percentage[42.767917%], delta%=[-0.010782%]
Round[78]: Size[5014×3890], Iteration[3], Unexplained part[309825.788298], Percentage[42.696900%], delta%=[0.071016%]
Round[79]: Size[5014×11], Iteration[4], Unexplained part[309570.162419], Percentage[42.661673%], delta%=[0.035228%]
Round[80]: Size[5014×3890], Iteration[2], Unexplained part[310353.885339], Percentage[42.769677%], delta%=[-0.108004%]
Round[81]: Size[14×13], Iteration[0], Unexplained part[310353.885339], Percentage[42.769677%], delta%=[0.000000%]
Round[82]: Size[5014×3890], Iteration[5], Unexplained part[306363.937664], Percentage[42.219825%], delta%=[0.549852%]
Round[83]: Size[6×3890], Iteration[50], Unexplained part[305945.197384], Percentage[42.162119%], delta%=[0.057706%]
Round[84]: Size[5014×3890], Iteration[2], Unexplained part[302232.789177], Percentage[41.650514%], delta%=[0.511605%]
Round[85]: Size[9×3890], Iteration[6], Unexplained part[301439.044524], Percentage[41.541128%], delta%=[0.109385%]
Round[86]: Size[5014×3890], Iteration[2], Unexplained part[300181.351710], Percentage[41.367807%], delta%=[0.173322%]
Round[87]: Size[5014×3890], Iteration[2], Unexplained part[299918.519410], Percentage[41.331586%], delta%=[0.036221%]
Round[88]: Size[5×3890], Iteration[50], Unexplained part[299848.002561], Percentage[41.321868%], delta%=[0.009718%]
Round[89]: Size[5×3890], Iteration[11], Unexplained part[299354.596003], Percentage[41.253872%], delta%=[0.067996%]
Round[90]: Size[5014×3890], Iteration[2], Unexplained part[299972.704228], Percentage[41.339053%], delta%=[-0.085181%]
Round[91]: Size[5014×3890], Iteration[3], Unexplained part[296355.561522], Percentage[40.840577%], delta%=[0.498476%]
Round[92]: Size[5014×3890], Iteration[2], Unexplained part[298100.044619], Percentage[41.080983%], delta%=[-0.240406%]
Round[93]: Size[10×3890], Iteration[10], Unexplained part[297373.338939], Percentage[40.980836%], delta%=[0.100147%]
Round[94]: Size[8×3890], Iteration[20], Unexplained part[297059.093509], Percentage[40.937530%], delta%=[0.043306%]
Round[95]: Size[5014×4], Iteration[50], Unexplained part[296988.843639], Percentage[40.927849%], delta%=[0.009681%]
Round[96]: Size[5014×21], Iteration[3], Unexplained part[295756.694694], Percentage[40.758047%], delta%=[0.169802%]
Round[97]: Size[5014×3890], Iteration[2], Unexplained part[295553.141454], Percentage[40.729996%], delta%=[0.028052%]
Round[98]: Size[5014×3890], Iteration[2], Unexplained part[294242.126341], Percentage[40.549326%], delta%=[0.180670%]
Round[99]: Size[5014×3890], Iteration[2], Unexplained part[293460.531294], Percentage[40.441614%], delta%=[0.107711%]
Round[100]: Size[5014×5], Iteration[2], Unexplained part[293446.652399], Percentage[40.439702%], delta%=[0.001913%]


==============BoostCF #[8]===============
The initial unexplained part (sum of rating matrix) is 725640.000000
dim=[2], lambda=[0.00], lambda_social=[0.00], lambda_item=[0.00], sim_threshold=[1.000000]
-------------------------------------------
Round[1]: Size[5014×3890], Iteration[5], Unexplained part[340874.861140], Percentage[46.975754%], delta%=[53.024246%]
Round[2]: Size[5014×3890], Iteration[2], Unexplained part[340836.513242], Percentage[46.970469%], delta%=[0.005285%]
Round[3]: Size[5014×3890], Iteration[2], Unexplained part[338918.238265], Percentage[46.706113%], delta%=[0.264356%]
Round[4]: Size[5014×3890], Iteration[2], Unexplained part[341690.872532], Percentage[47.088208%], delta%=[-0.382095%]
Round[5]: Size[5014×3890], Iteration[2], Unexplained part[350050.810932], Percentage[48.240286%], delta%=[-1.152078%]
Round[6]: Size[5014×3890], Iteration[2], Unexplained part[351873.644324], Percentage[48.491489%], delta%=[-0.251204%]
Round[7]: Size[5014×3890], Iteration[2], Unexplained part[354118.263315], Percentage[48.800819%], delta%=[-0.309330%]
Round[8]: Size[5014×3890], Iteration[2], Unexplained part[357976.284116], Percentage[49.332491%], delta%=[-0.531671%]
Round[9]: Size[5014×3890], Iteration[2], Unexplained part[353352.238880], Percentage[48.695254%], delta%=[0.637237%]
Round[10]: Size[5014×3890], Iteration[2], Unexplained part[352918.120670], Percentage[48.635428%], delta%=[0.059826%]
Round[11]: Size[5014×3890], Iteration[2], Unexplained part[352711.218039], Percentage[48.606915%], delta%=[0.028513%]
Round[12]: Size[5014×3890], Iteration[2], Unexplained part[361527.502857], Percentage[49.821882%], delta%=[-1.214967%]
Round[13]: Size[5014×3890], Iteration[2], Unexplained part[356050.567527], Percentage[49.067109%], delta%=[0.754773%]
Round[14]: Size[5014×3890], Iteration[5], Unexplained part[355232.370171], Percentage[48.954353%], delta%=[0.112755%]
Round[15]: Size[5014×3890], Iteration[2], Unexplained part[356597.370343], Percentage[49.142463%], delta%=[-0.188110%]
Round[16]: Size[5014×3890], Iteration[4], Unexplained part[354518.680665], Percentage[48.856000%], delta%=[0.286463%]
Round[17]: Size[5014×3890], Iteration[4], Unexplained part[352477.899431], Percentage[48.574762%], delta%=[0.281239%]
Round[18]: Size[5014×3890], Iteration[3], Unexplained part[343403.398338], Percentage[47.324210%], delta%=[1.250551%]
Round[19]: Size[5014×3890], Iteration[4], Unexplained part[338151.065119], Percentage[46.600389%], delta%=[0.723821%]
Round[20]: Size[5014×3890], Iteration[2], Unexplained part[335777.528620], Percentage[46.273294%], delta%=[0.327096%]
Round[21]: Size[5014×3890], Iteration[2], Unexplained part[334853.394268], Percentage[46.145939%], delta%=[0.127354%]
Round[22]: Size[5014×3890], Iteration[2], Unexplained part[333551.123328], Percentage[45.966474%], delta%=[0.179465%]
Round[23]: Size[5014×3890], Iteration[2], Unexplained part[330402.093563], Percentage[45.532508%], delta%=[0.433966%]
Round[24]: Size[5014×3890], Iteration[2], Unexplained part[329212.419834], Percentage[45.368560%], delta%=[0.163948%]
Round[25]: Size[5014×3890], Iteration[2], Unexplained part[325942.560200], Percentage[44.917943%], delta%=[0.450617%]
Round[26]: Size[5014×3890], Iteration[2], Unexplained part[325552.219079], Percentage[44.864150%], delta%=[0.053793%]
Round[27]: Size[5014×3890], Iteration[2], Unexplained part[325227.851083], Percentage[44.819449%], delta%=[0.044701%]
Round[28]: Size[5014×3890], Iteration[2], Unexplained part[324720.112305], Percentage[44.749478%], delta%=[0.069971%]
Round[29]: Size[5014×3890], Iteration[2], Unexplained part[321675.994268], Percentage[44.329970%], delta%=[0.419508%]
Round[30]: Size[5014×3890], Iteration[3], Unexplained part[319831.506218], Percentage[44.075782%], delta%=[0.254188%]
Round[31]: Size[5014×3890], Iteration[2], Unexplained part[319697.740256], Percentage[44.057348%], delta%=[0.018434%]
Round[32]: Size[5014×3890], Iteration[3], Unexplained part[317886.068447], Percentage[43.807683%], delta%=[0.249665%]
Round[33]: Size[5014×3890], Iteration[3], Unexplained part[315276.982867], Percentage[43.448126%], delta%=[0.359556%]
Round[34]: Size[5014×3890], Iteration[2], Unexplained part[315836.605979], Percentage[43.525248%], delta%=[-0.077121%]
Round[35]: Size[5014×3890], Iteration[2], Unexplained part[314969.498188], Percentage[43.405752%], delta%=[0.119496%]
Round[36]: Size[5014×3890], Iteration[3], Unexplained part[314074.058010], Percentage[43.282352%], delta%=[0.123400%]
Round[37]: Size[5014×3890], Iteration[2], Unexplained part[313927.934914], Percentage[43.262215%], delta%=[0.020137%]
Round[38]: Size[5014×3890], Iteration[4], Unexplained part[308686.345838], Percentage[42.539875%], delta%=[0.722340%]
Round[39]: Size[5014×3890], Iteration[6], Unexplained part[308061.168074], Percentage[42.453719%], delta%=[0.086155%]
Round[40]: Size[5014×3890], Iteration[3], Unexplained part[304027.920624], Percentage[41.897900%], delta%=[0.555819%]
Round[41]: Size[5014×3890], Iteration[2], Unexplained part[304675.316138], Percentage[41.987117%], delta%=[-0.089217%]
Round[42]: Size[5014×3890], Iteration[2], Unexplained part[305087.548776], Percentage[42.043927%], delta%=[-0.056810%]
Round[43]: Size[5014×3890], Iteration[2], Unexplained part[305464.702758], Percentage[42.095902%], delta%=[-0.051975%]
Round[44]: Size[5014×3890], Iteration[2], Unexplained part[303908.478491], Percentage[41.881440%], delta%=[0.214462%]
Round[45]: Size[5014×3890], Iteration[2], Unexplained part[305612.707085], Percentage[42.116298%], delta%=[-0.234859%]
Round[46]: Size[5014×3890], Iteration[2], Unexplained part[304486.370216], Percentage[41.961079%], delta%=[0.155220%]
Round[47]: Size[5014×3890], Iteration[3], Unexplained part[303672.842009], Percentage[41.848967%], delta%=[0.112112%]
Round[48]: Size[5014×3890], Iteration[2], Unexplained part[302454.940343], Percentage[41.681128%], delta%=[0.167838%]
Round[49]: Size[5014×3890], Iteration[2], Unexplained part[302633.142935], Percentage[41.705686%], delta%=[-0.024558%]
Round[50]: Size[5014×3890], Iteration[2], Unexplained part[301809.532590], Percentage[41.592185%], delta%=[0.113501%]
Round[51]: Size[5014×3890], Iteration[2], Unexplained part[301882.976126], Percentage[41.602306%], delta%=[-0.010121%]
Round[52]: Size[5014×3890], Iteration[2], Unexplained part[299591.246875], Percentage[41.286485%], delta%=[0.315822%]
Round[53]: Size[5014×3890], Iteration[2], Unexplained part[298911.843932], Percentage[41.192857%], delta%=[0.093628%]
Round[54]: Size[5014×3890], Iteration[2], Unexplained part[298002.311221], Percentage[41.067514%], delta%=[0.125342%]
Round[55]: Size[5014×3890], Iteration[3], Unexplained part[295351.624285], Percentage[40.702225%], delta%=[0.365290%]
Round[56]: Size[5014×3890], Iteration[2], Unexplained part[293130.786683], Percentage[40.396173%], delta%=[0.306052%]
Round[57]: Size[5014×3890], Iteration[2], Unexplained part[293361.436134], Percentage[40.427958%], delta%=[-0.031786%]
Round[58]: Size[5014×3890], Iteration[2], Unexplained part[291351.768373], Percentage[40.151007%], delta%=[0.276951%]
Round[59]: Size[5014×3890], Iteration[2], Unexplained part[291753.056322], Percentage[40.206308%], delta%=[-0.055301%]
Round[60]: Size[5014×3890], Iteration[2], Unexplained part[298303.462024], Percentage[41.109016%], delta%=[-0.902707%]
Round[61]: Size[5014×3890], Iteration[2], Unexplained part[295560.022402], Percentage[40.730944%], delta%=[0.378072%]
Round[62]: Size[5014×3890], Iteration[2], Unexplained part[295566.298153], Percentage[40.731809%], delta%=[-0.000865%]
Round[63]: Size[5014×3890], Iteration[2], Unexplained part[294101.988426], Percentage[40.530013%], delta%=[0.201796%]
Round[64]: Size[5014×3890], Iteration[2], Unexplained part[293686.068399], Percentage[40.472696%], delta%=[0.057318%]
Round[65]: Size[5014×3890], Iteration[3], Unexplained part[292867.841036], Percentage[40.359936%], delta%=[0.112759%]
Round[66]: Size[5014×3890], Iteration[2], Unexplained part[292464.485055], Percentage[40.304350%], delta%=[0.055586%]
Round[67]: Size[5014×3890], Iteration[2], Unexplained part[293866.645794], Percentage[40.497581%], delta%=[-0.193231%]
Round[68]: Size[5014×3890], Iteration[3], Unexplained part[296439.069852], Percentage[40.852085%], delta%=[-0.354504%]
Round[69]: Size[5014×3890], Iteration[2], Unexplained part[324797.762203], Percentage[44.760179%], delta%=[-3.908094%]
Round[70]: Size[5014×3890], Iteration[3], Unexplained part[308709.926448], Percentage[42.543124%], delta%=[2.217055%]
Round[71]: Size[5014×3890], Iteration[2], Unexplained part[309398.297152], Percentage[42.637988%], delta%=[-0.094864%]
Round[72]: Size[5014×3890], Iteration[3], Unexplained part[306638.865425], Percentage[42.257713%], delta%=[0.380276%]
Round[73]: Size[5014×3890], Iteration[2], Unexplained part[306818.086315], Percentage[42.282411%], delta%=[-0.024698%]
Round[74]: Size[5014×3890], Iteration[2], Unexplained part[307215.047069], Percentage[42.337116%], delta%=[-0.054705%]
Round[75]: Size[5014×3890], Iteration[3], Unexplained part[307555.835968], Percentage[42.384080%], delta%=[-0.046964%]
Round[76]: Size[5014×3890], Iteration[2], Unexplained part[303964.921540], Percentage[41.889218%], delta%=[0.494862%]
Round[77]: Size[5014×3890], Iteration[2], Unexplained part[304966.996636], Percentage[42.027313%], delta%=[-0.138095%]
Round[78]: Size[5014×3890], Iteration[2], Unexplained part[301115.883963], Percentage[41.496594%], delta%=[0.530719%]
Round[79]: Size[5014×3890], Iteration[2], Unexplained part[302077.131073], Percentage[41.629063%], delta%=[-0.132469%]
Round[80]: Size[5014×3890], Iteration[3], Unexplained part[301264.807022], Percentage[41.517117%], delta%=[0.111946%]
Round[81]: Size[5014×3890], Iteration[2], Unexplained part[302029.799864], Percentage[41.622540%], delta%=[-0.105423%]
Round[82]: Size[5014×3890], Iteration[3], Unexplained part[301397.450960], Percentage[41.535396%], delta%=[0.087144%]
Round[83]: Size[5014×3890], Iteration[3], Unexplained part[297687.727239], Percentage[41.024162%], delta%=[0.511235%]
Round[84]: Size[5014×3890], Iteration[2], Unexplained part[294882.099540], Percentage[40.637520%], delta%=[0.386642%]
Round[85]: Size[5014×3890], Iteration[3], Unexplained part[294279.953451], Percentage[40.554539%], delta%=[0.082981%]
Round[86]: Size[5014×3890], Iteration[2], Unexplained part[293747.918940], Percentage[40.481219%], delta%=[0.073319%]
Round[87]: Size[5014×3890], Iteration[3], Unexplained part[293339.529548], Percentage[40.424939%], delta%=[0.056280%]
Round[88]: Size[5014×3890], Iteration[2], Unexplained part[290420.958586], Percentage[40.022733%], delta%=[0.402206%]
Round[89]: Size[5014×3890], Iteration[2], Unexplained part[289573.243259], Percentage[39.905910%], delta%=[0.116823%]
Round[90]: Size[5014×3890], Iteration[2], Unexplained part[289515.348646], Percentage[39.897931%], delta%=[0.007978%]
Round[91]: Size[5014×3890], Iteration[2], Unexplained part[287472.819696], Percentage[39.616452%], delta%=[0.281480%]
Round[92]: Size[5014×3890], Iteration[2], Unexplained part[287225.237092], Percentage[39.582332%], delta%=[0.034119%]
Round[93]: Size[5014×3890], Iteration[2], Unexplained part[284022.621920], Percentage[39.140982%], delta%=[0.441350%]
Round[94]: Size[5014×3890], Iteration[3], Unexplained part[282210.559708], Percentage[38.891263%], delta%=[0.249719%]
Round[95]: Size[5014×3890], Iteration[2], Unexplained part[281918.289113], Percentage[38.850985%], delta%=[0.040278%]
Round[96]: Size[5014×3890], Iteration[2], Unexplained part[283251.074893], Percentage[39.034656%], delta%=[-0.183670%]
Round[97]: Size[5014×3890], Iteration[3], Unexplained part[281755.895902], Percentage[38.828606%], delta%=[0.206050%]
Round[98]: Size[5014×3890], Iteration[2], Unexplained part[280713.115936], Percentage[38.684901%], delta%=[0.143705%]
Round[99]: Size[5014×3890], Iteration[2], Unexplained part[279729.820384], Percentage[38.549394%], delta%=[0.135507%]
Round[100]: Size[5014×3890], Iteration[2], Unexplained part[278763.060601], Percentage[38.416165%], delta%=[0.133229%]


==============BoostCF #[9]===============
The initial unexplained part (sum of rating matrix) is 725640.000000
dim=[2], lambda=[0.00], lambda_social=[0.50], lambda_item=[0.50], sim_threshold=[0.200000]
-------------------------------------------
Round[1]: Size[6×3890], Iteration[28], Unexplained part[724988.992294], Percentage[99.910285%], delta%=[0.089715%]
Round[2]: Size[5014×40], Iteration[2], Unexplained part[717087.622817], Percentage[98.821402%], delta%=[1.088883%]
Round[3]: Size[5×11], Iteration[0], Unexplained part[717087.622817], Percentage[98.821402%], delta%=[0.000000%]
Round[4]: Size[28×91], Iteration[0], Unexplained part[717087.622817], Percentage[98.821402%], delta%=[0.000000%]
Round[5]: Size[32×3890], Iteration[12], Unexplained part[714620.300712], Percentage[98.481382%], delta%=[0.340020%]
Round[6]: Size[20×3890], Iteration[14], Unexplained part[711421.797663], Percentage[98.040598%], delta%=[0.440784%]
Round[7]: Size[46×79], Iteration[3], Unexplained part[711412.941457], Percentage[98.039378%], delta%=[0.001220%]
Round[8]: Size[22×3890], Iteration[24], Unexplained part[709625.000856], Percentage[97.792983%], delta%=[0.246395%]
Round[9]: Size[25×11], Iteration[2], Unexplained part[709404.262977], Percentage[97.762563%], delta%=[0.030420%]
Round[10]: Size[5×119], Iteration[0], Unexplained part[709404.262977], Percentage[97.762563%], delta%=[0.000000%]
Round[11]: Size[10×3890], Iteration[8], Unexplained part[706742.064851], Percentage[97.395687%], delta%=[0.366876%]
Round[12]: Size[5014×3890], Iteration[49], Unexplained part[343265.940565], Percentage[47.305267%], delta%=[50.090420%]
Round[13]: Size[5014×3890], Iteration[4], Unexplained part[345616.799996], Percentage[47.629238%], delta%=[-0.323970%]
Round[14]: Size[5014×3890], Iteration[4], Unexplained part[347384.749928], Percentage[47.872878%], delta%=[-0.243640%]
Round[15]: Size[5014×3890], Iteration[4], Unexplained part[348343.410831], Percentage[48.004990%], delta%=[-0.132112%]
Round[16]: Size[5×3890], Iteration[7], Unexplained part[348249.468993], Percentage[47.992044%], delta%=[0.012946%]
Round[17]: Size[5014×4], Iteration[2], Unexplained part[348220.033536], Percentage[47.987988%], delta%=[0.004056%]
Round[18]: Size[5014×3890], Iteration[8], Unexplained part[349506.453993], Percentage[48.165268%], delta%=[-0.177281%]
Round[19]: Size[5014×3890], Iteration[4], Unexplained part[351577.438415], Percentage[48.450670%], delta%=[-0.285401%]
Round[20]: Size[5014×3890], Iteration[5], Unexplained part[351842.889749], Percentage[48.487251%], delta%=[-0.036582%]
Round[21]: Size[5014×4], Iteration[4], Unexplained part[351771.611978], Percentage[48.477428%], delta%=[0.009823%]
Round[22]: Size[5014×3890], Iteration[8], Unexplained part[350853.822327], Percentage[48.350948%], delta%=[0.126480%]
Round[23]: Size[9×3890], Iteration[3], Unexplained part[350640.520545], Percentage[48.321553%], delta%=[0.029395%]
Round[24]: Size[5014×3890], Iteration[5], Unexplained part[350952.044051], Percentage[48.364484%], delta%=[-0.042931%]
Round[25]: Size[5014×3890], Iteration[6], Unexplained part[351809.075514], Percentage[48.482591%], delta%=[-0.118107%]
Round[26]: Size[5014×3890], Iteration[5], Unexplained part[350333.611719], Percentage[48.279259%], delta%=[0.203333%]
Round[27]: Size[12×53], Iteration[14], Unexplained part[350331.493062], Percentage[48.278967%], delta%=[0.000292%]
Round[28]: Size[5014×3890], Iteration[5], Unexplained part[351198.977228], Percentage[48.398514%], delta%=[-0.119547%]
Round[29]: Size[4×3890], Iteration[4], Unexplained part[351149.941023], Percentage[48.391756%], delta%=[0.006758%]
Round[30]: Size[5014×3890], Iteration[5], Unexplained part[351407.688002], Percentage[48.427276%], delta%=[-0.035520%]
Round[31]: Size[5014×3890], Iteration[4], Unexplained part[350830.568752], Percentage[48.347744%], delta%=[0.079532%]
Round[32]: Size[10×3890], Iteration[3], Unexplained part[350704.168840], Percentage[48.330325%], delta%=[0.017419%]
Round[33]: Size[5014×3890], Iteration[3], Unexplained part[349440.324689], Percentage[48.156155%], delta%=[0.174170%]
Round[34]: Size[5014×3890], Iteration[6], Unexplained part[350312.970001], Percentage[48.276414%], delta%=[-0.120259%]
Round[35]: Size[4×3890], Iteration[2], Unexplained part[350275.597534], Percentage[48.271264%], delta%=[0.005150%]
Round[36]: Size[5014×3890], Iteration[4], Unexplained part[350351.183227], Percentage[48.281680%], delta%=[-0.010416%]
Round[37]: Size[5014×3890], Iteration[5], Unexplained part[350034.021006], Percentage[48.237972%], delta%=[0.043708%]
Round[38]: Size[5014×3890], Iteration[5], Unexplained part[349974.876467], Percentage[48.229821%], delta%=[0.008151%]
Round[39]: Size[5014×3890], Iteration[5], Unexplained part[350142.892645], Percentage[48.252976%], delta%=[-0.023154%]
Round[40]: Size[5014×3890], Iteration[4], Unexplained part[350216.925505], Percentage[48.263178%], delta%=[-0.010202%]
Round[41]: Size[5014×3890], Iteration[5], Unexplained part[351350.993852], Percentage[48.419463%], delta%=[-0.156285%]
Round[42]: Size[5014×3890], Iteration[5], Unexplained part[349419.424864], Percentage[48.153275%], delta%=[0.266188%]
Round[43]: Size[5014×3890], Iteration[4], Unexplained part[350455.166656], Percentage[48.296010%], delta%=[-0.142735%]
Round[44]: Size[5014×3890], Iteration[4], Unexplained part[349894.152672], Percentage[48.218697%], delta%=[0.077313%]
Round[45]: Size[5014×3890], Iteration[5], Unexplained part[350615.190945], Percentage[48.318063%], delta%=[-0.099366%]
Round[46]: Size[6×3890], Iteration[2], Unexplained part[350419.066762], Percentage[48.291035%], delta%=[0.027028%]
Round[47]: Size[5014×3890], Iteration[5], Unexplained part[350472.042906], Percentage[48.298336%], delta%=[-0.007301%]
Round[48]: Size[5014×3890], Iteration[8], Unexplained part[349520.477799], Percentage[48.167201%], delta%=[0.131135%]
Round[49]: Size[5014×3890], Iteration[5], Unexplained part[349970.439889], Percentage[48.229210%], delta%=[-0.062009%]
Round[50]: Size[4×3890], Iteration[11], Unexplained part[349915.114796], Percentage[48.221586%], delta%=[0.007624%]
Round[51]: Size[5014×3890], Iteration[6], Unexplained part[349398.404914], Percentage[48.150378%], delta%=[0.071207%]
Round[52]: Size[5014×3890], Iteration[5], Unexplained part[349526.341339], Percentage[48.168009%], delta%=[-0.017631%]
Round[53]: Size[5014×3890], Iteration[5], Unexplained part[349371.687504], Percentage[48.146696%], delta%=[0.021313%]
Round[54]: Size[5014×3890], Iteration[5], Unexplained part[349263.088981], Percentage[48.131730%], delta%=[0.014966%]
Round[55]: Size[5014×3890], Iteration[5], Unexplained part[349643.331085], Percentage[48.184131%], delta%=[-0.052401%]
Round[56]: Size[5014×3890], Iteration[5], Unexplained part[350853.815748], Percentage[48.350948%], delta%=[-0.166816%]
Round[57]: Size[5014×3890], Iteration[6], Unexplained part[348139.224341], Percentage[47.976851%], delta%=[0.374096%]
Round[58]: Size[5014×3890], Iteration[6], Unexplained part[348873.856928], Percentage[48.078091%], delta%=[-0.101239%]
Round[59]: Size[5014×3890], Iteration[4], Unexplained part[349336.484393], Percentage[48.141845%], delta%=[-0.063754%]
Round[60]: Size[5014×3890], Iteration[4], Unexplained part[349371.814339], Percentage[48.146714%], delta%=[-0.004869%]
Round[61]: Size[5014×3890], Iteration[4], Unexplained part[349655.751025], Percentage[48.185843%], delta%=[-0.039129%]
Round[62]: Size[5014×3890], Iteration[6], Unexplained part[349098.758724], Percentage[48.109084%], delta%=[0.076759%]
Round[63]: Size[5014×3890], Iteration[5], Unexplained part[349284.295012], Percentage[48.134653%], delta%=[-0.025569%]
Round[64]: Size[5014×3890], Iteration[5], Unexplained part[349685.028505], Percentage[48.189878%], delta%=[-0.055225%]
Round[65]: Size[5014×3890], Iteration[5], Unexplained part[348985.650601], Percentage[48.093497%], delta%=[0.096381%]
Round[66]: Size[5014×3890], Iteration[4], Unexplained part[349295.364361], Percentage[48.136178%], delta%=[-0.042681%]
Round[67]: Size[5014×3890], Iteration[5], Unexplained part[349031.872788], Percentage[48.099867%], delta%=[0.036312%]
Round[68]: Size[5014×3890], Iteration[5], Unexplained part[349142.627990], Percentage[48.115130%], delta%=[-0.015263%]
Round[69]: Size[7×3890], Iteration[2], Unexplained part[349020.403466], Percentage[48.098286%], delta%=[0.016844%]
Round[70]: Size[5014×4], Iteration[2], Unexplained part[348977.807705], Percentage[48.092416%], delta%=[0.005870%]
Round[71]: Size[5014×3890], Iteration[6], Unexplained part[348813.118540], Percentage[48.069720%], delta%=[0.022696%]
Round[72]: Size[5014×3890], Iteration[5], Unexplained part[348981.521137], Percentage[48.092928%], delta%=[-0.023207%]
Round[73]: Size[5014×3890], Iteration[5], Unexplained part[349926.700189], Percentage[48.223182%], delta%=[-0.130255%]
Round[74]: Size[6×3890], Iteration[2], Unexplained part[349877.893191], Percentage[48.216456%], delta%=[0.006726%]
Round[75]: Size[5014×4], Iteration[3], Unexplained part[349767.666144], Percentage[48.201266%], delta%=[0.015190%]
Round[76]: Size[5014×3890], Iteration[5], Unexplained part[347752.899666], Percentage[47.923612%], delta%=[0.277654%]
Round[77]: Size[5014×3890], Iteration[6], Unexplained part[348506.711925], Percentage[48.027495%], delta%=[-0.103882%]
Round[78]: Size[5014×3890], Iteration[4], Unexplained part[349520.654893], Percentage[48.167225%], delta%=[-0.139731%]
Round[79]: Size[5014×3890], Iteration[7], Unexplained part[348447.937396], Percentage[48.019395%], delta%=[0.147831%]
Round[80]: Size[5014×3890], Iteration[4], Unexplained part[348871.283893], Percentage[48.077736%], delta%=[-0.058341%]
Round[81]: Size[5014×3890], Iteration[4], Unexplained part[349329.816710], Percentage[48.140926%], delta%=[-0.063190%]
Round[82]: Size[5014×3890], Iteration[6], Unexplained part[348134.067732], Percentage[47.976141%], delta%=[0.164785%]
Round[83]: Size[5014×3890], Iteration[4], Unexplained part[348727.985846], Percentage[48.057988%], delta%=[-0.081847%]
Round[84]: Size[5014×3890], Iteration[4], Unexplained part[348742.609808], Percentage[48.060004%], delta%=[-0.002015%]
Round[85]: Size[5014×3890], Iteration[4], Unexplained part[348425.263852], Percentage[48.016270%], delta%=[0.043733%]
Round[86]: Size[5014×3890], Iteration[5], Unexplained part[348827.854481], Percentage[48.071751%], delta%=[-0.055481%]
Round[87]: Size[5014×3890], Iteration[4], Unexplained part[348340.383179], Percentage[48.004573%], delta%=[0.067178%]
Round[88]: Size[5014×3890], Iteration[5], Unexplained part[348655.994168], Percentage[48.048067%], delta%=[-0.043494%]
Round[89]: Size[5×3890], Iteration[17], Unexplained part[348582.163513], Percentage[48.037893%], delta%=[0.010175%]
Round[90]: Size[5014×3890], Iteration[6], Unexplained part[348627.248492], Percentage[48.044106%], delta%=[-0.006213%]
Round[91]: Size[5014×3890], Iteration[5], Unexplained part[349245.855065], Percentage[48.129355%], delta%=[-0.085250%]
Round[92]: Size[5014×3890], Iteration[6], Unexplained part[348246.696657], Percentage[47.991662%], delta%=[0.137693%]
Round[93]: Size[5014×3890], Iteration[4], Unexplained part[348415.666025], Percentage[48.014948%], delta%=[-0.023286%]
Round[94]: Size[5014×3890], Iteration[4], Unexplained part[348383.470551], Percentage[48.010511%], delta%=[0.004437%]
Round[95]: Size[5014×3890], Iteration[4], Unexplained part[349286.665392], Percentage[48.134980%], delta%=[-0.124469%]
Round[96]: Size[20×7], Iteration[0], Unexplained part[349286.665392], Percentage[48.134980%], delta%=[0.000000%]
Round[97]: Size[5×3890], Iteration[2], Unexplained part[349172.978867], Percentage[48.119312%], delta%=[0.015667%]
Round[98]: Size[5014×3890], Iteration[6], Unexplained part[347870.287512], Percentage[47.939789%], delta%=[0.179523%]
Round[99]: Size[5014×3890], Iteration[4], Unexplained part[348880.243692], Percentage[48.078971%], delta%=[-0.139181%]
Round[100]: Size[5014×3890], Iteration[4], Unexplained part[347576.429335], Percentage[47.899293%], delta%=[0.179678%]


==============BoostCF #[10]===============
The initial unexplained part (sum of rating matrix) is 725640.000000
dim=[2], lambda=[0.00], lambda_social=[0.50], lambda_item=[0.50], sim_threshold=[1.000000]
-------------------------------------------
Round[1]: Size[5014×3890], Iteration[44], Unexplained part[340706.646998], Percentage[46.952572%], delta%=[53.047428%]
Round[2]: Size[5014×3890], Iteration[3], Unexplained part[342145.486182], Percentage[47.150858%], delta%=[-0.198286%]
Round[3]: Size[5014×3890], Iteration[4], Unexplained part[345509.373925], Percentage[47.614433%], delta%=[-0.463575%]
Round[4]: Size[5014×3890], Iteration[6], Unexplained part[346901.070462], Percentage[47.806222%], delta%=[-0.191789%]
Round[5]: Size[5014×3890], Iteration[3], Unexplained part[347579.351344], Percentage[47.899696%], delta%=[-0.093473%]
Round[6]: Size[5014×3890], Iteration[6], Unexplained part[348703.427588], Percentage[48.054604%], delta%=[-0.154908%]
Round[7]: Size[5014×3890], Iteration[5], Unexplained part[350531.341504], Percentage[48.306508%], delta%=[-0.251904%]
Round[8]: Size[5014×3890], Iteration[4], Unexplained part[349983.157326], Percentage[48.230963%], delta%=[0.075545%]
Round[9]: Size[5014×3890], Iteration[5], Unexplained part[349886.408831], Percentage[48.217630%], delta%=[0.013333%]
Round[10]: Size[5014×3890], Iteration[5], Unexplained part[349690.727730], Percentage[48.190663%], delta%=[0.026967%]
Round[11]: Size[5014×3890], Iteration[5], Unexplained part[349718.202713], Percentage[48.194449%], delta%=[-0.003786%]
Round[12]: Size[5014×3890], Iteration[4], Unexplained part[349935.305372], Percentage[48.224368%], delta%=[-0.029919%]
Round[13]: Size[5014×3890], Iteration[5], Unexplained part[349593.403517], Percentage[48.177251%], delta%=[0.047117%]
Round[14]: Size[5014×3890], Iteration[4], Unexplained part[349908.964993], Percentage[48.220738%], delta%=[-0.043487%]
Round[15]: Size[5014×3890], Iteration[7], Unexplained part[349677.368565], Percentage[48.188822%], delta%=[0.031916%]
Round[16]: Size[5014×3890], Iteration[5], Unexplained part[349544.714122], Percentage[48.170541%], delta%=[0.018281%]
Round[17]: Size[5014×3890], Iteration[4], Unexplained part[349464.056144], Percentage[48.159426%], delta%=[0.011115%]
Round[18]: Size[5014×3890], Iteration[4], Unexplained part[350575.504639], Percentage[48.312594%], delta%=[-0.153168%]
Round[19]: Size[5014×3890], Iteration[3], Unexplained part[349029.022733], Percentage[48.099474%], delta%=[0.213120%]
Round[20]: Size[5014×3890], Iteration[3], Unexplained part[350181.259775], Percentage[48.258263%], delta%=[-0.158789%]
Round[21]: Size[5014×3890], Iteration[4], Unexplained part[350521.668801], Percentage[48.305175%], delta%=[-0.046912%]
Round[22]: Size[5014×3890], Iteration[4], Unexplained part[349979.468008], Percentage[48.230454%], delta%=[0.074720%]
Round[23]: Size[5014×3890], Iteration[3], Unexplained part[350262.283964], Percentage[48.269429%], delta%=[-0.038975%]
Round[24]: Size[5014×3890], Iteration[5], Unexplained part[349544.013000], Percentage[48.170444%], delta%=[0.098984%]
Round[25]: Size[5014×3890], Iteration[4], Unexplained part[349884.696941], Percentage[48.217394%], delta%=[-0.046949%]
Round[26]: Size[5014×3890], Iteration[5], Unexplained part[350090.204413], Percentage[48.245715%], delta%=[-0.028321%]
Round[27]: Size[5014×3890], Iteration[3], Unexplained part[349672.239743], Percentage[48.188115%], delta%=[0.057599%]
Round[28]: Size[5014×3890], Iteration[4], Unexplained part[349984.337071], Percentage[48.231125%], delta%=[-0.043010%]
Round[29]: Size[5014×3890], Iteration[4], Unexplained part[349755.046413], Percentage[48.199527%], delta%=[0.031598%]
Round[30]: Size[5014×3890], Iteration[4], Unexplained part[350119.770032], Percentage[48.249789%], delta%=[-0.050262%]
Round[31]: Size[5014×3890], Iteration[7], Unexplained part[349194.828489], Percentage[48.122324%], delta%=[0.127466%]
Round[32]: Size[5014×3890], Iteration[5], Unexplained part[349351.106746], Percentage[48.143860%], delta%=[-0.021537%]
Round[33]: Size[5014×3890], Iteration[4], Unexplained part[350101.178461], Percentage[48.247227%], delta%=[-0.103367%]
Round[34]: Size[5014×3890], Iteration[4], Unexplained part[348989.061029], Percentage[48.093967%], delta%=[0.153260%]
Round[35]: Size[5014×3890], Iteration[4], Unexplained part[349535.929800], Percentage[48.169330%], delta%=[-0.075364%]
Round[36]: Size[5014×3890], Iteration[4], Unexplained part[349258.804337], Percentage[48.131140%], delta%=[0.038190%]
Round[37]: Size[5014×3890], Iteration[4], Unexplained part[349967.613972], Percentage[48.228821%], delta%=[-0.097681%]
Round[38]: Size[5014×3890], Iteration[5], Unexplained part[350579.690745], Percentage[48.313171%], delta%=[-0.084350%]
Round[39]: Size[5014×3890], Iteration[4], Unexplained part[351416.779569], Percentage[48.428529%], delta%=[-0.115359%]
Round[40]: Size[5014×3890], Iteration[3], Unexplained part[348154.680344], Percentage[47.978981%], delta%=[0.449548%]
Round[41]: Size[5014×3890], Iteration[5], Unexplained part[348318.560758], Percentage[48.001566%], delta%=[-0.022584%]
Round[42]: Size[5014×3890], Iteration[6], Unexplained part[348823.683813], Percentage[48.071176%], delta%=[-0.069611%]
Round[43]: Size[5014×3890], Iteration[3], Unexplained part[349099.775697], Percentage[48.109224%], delta%=[-0.038048%]
Round[44]: Size[5014×3890], Iteration[3], Unexplained part[350130.489026], Percentage[48.251266%], delta%=[-0.142042%]
Round[45]: Size[5014×3890], Iteration[3], Unexplained part[349262.242996], Percentage[48.131614%], delta%=[0.119652%]
Round[46]: Size[5014×3890], Iteration[4], Unexplained part[349295.660857], Percentage[48.136219%], delta%=[-0.004605%]
Round[47]: Size[5014×3890], Iteration[5], Unexplained part[349383.269690], Percentage[48.148292%], delta%=[-0.012073%]
Round[48]: Size[5014×3890], Iteration[5], Unexplained part[349785.510782], Percentage[48.203725%], delta%=[-0.055433%]
Round[49]: Size[5014×3890], Iteration[6], Unexplained part[348886.360058], Percentage[48.079814%], delta%=[0.123911%]
Round[50]: Size[5014×3890], Iteration[6], Unexplained part[349422.387688], Percentage[48.153683%], delta%=[-0.073870%]
Round[51]: Size[5014×3890], Iteration[6], Unexplained part[348472.036967], Percentage[48.022716%], delta%=[0.130967%]
Round[52]: Size[5014×3890], Iteration[4], Unexplained part[348697.664010], Percentage[48.053810%], delta%=[-0.031094%]
Round[53]: Size[5014×3890], Iteration[4], Unexplained part[349086.519125], Percentage[48.107397%], delta%=[-0.053588%]
Round[54]: Size[5014×3890], Iteration[4], Unexplained part[349114.510919], Percentage[48.111255%], delta%=[-0.003858%]
Round[55]: Size[5014×3890], Iteration[5], Unexplained part[348609.791743], Percentage[48.041700%], delta%=[0.069555%]
Round[56]: Size[5014×3890], Iteration[4], Unexplained part[348598.392335], Percentage[48.040129%], delta%=[0.001571%]
Round[57]: Size[5014×3890], Iteration[5], Unexplained part[348570.536275], Percentage[48.036290%], delta%=[0.003839%]
Round[58]: Size[5014×3890], Iteration[4], Unexplained part[348733.267740], Percentage[48.058716%], delta%=[-0.022426%]
Round[59]: Size[5014×3890], Iteration[4], Unexplained part[349293.782655], Percentage[48.135960%], delta%=[-0.077244%]
Round[60]: Size[5014×3890], Iteration[4], Unexplained part[348227.422457], Percentage[47.989006%], delta%=[0.146954%]
Round[61]: Size[5014×3890], Iteration[4], Unexplained part[350202.305669], Percentage[48.261163%], delta%=[-0.272157%]
Round[62]: Size[5014×3890], Iteration[5], Unexplained part[349123.407338], Percentage[48.112481%], delta%=[0.148682%]
Round[63]: Size[5014×3890], Iteration[5], Unexplained part[348673.441783], Percentage[48.050472%], delta%=[0.062009%]
Round[64]: Size[5014×3890], Iteration[4], Unexplained part[348855.920323], Percentage[48.075619%], delta%=[-0.025147%]
Round[65]: Size[5014×3890], Iteration[3], Unexplained part[349361.079774], Percentage[48.145235%], delta%=[-0.069616%]
Round[66]: Size[5014×3890], Iteration[5], Unexplained part[348179.818045], Percentage[47.982446%], delta%=[0.162789%]
Round[67]: Size[5014×3890], Iteration[4], Unexplained part[348265.205664], Percentage[47.994213%], delta%=[-0.011767%]
Round[68]: Size[5014×3890], Iteration[5], Unexplained part[348098.026767], Percentage[47.971174%], delta%=[0.023039%]
Round[69]: Size[5014×3890], Iteration[5], Unexplained part[348096.704309], Percentage[47.970992%], delta%=[0.000182%]
Round[70]: Size[5014×3890], Iteration[4], Unexplained part[348967.505272], Percentage[48.090996%], delta%=[-0.120005%]
Round[71]: Size[5014×3890], Iteration[5], Unexplained part[347919.723405], Percentage[47.946602%], delta%=[0.144394%]
Round[72]: Size[5014×3890], Iteration[5], Unexplained part[348217.012344], Percentage[47.987571%], delta%=[-0.040969%]
Round[73]: Size[5014×3890], Iteration[4], Unexplained part[348629.171008], Percentage[48.044371%], delta%=[-0.056799%]
Round[74]: Size[5014×3890], Iteration[5], Unexplained part[348034.245599], Percentage[47.962384%], delta%=[0.081986%]
Round[75]: Size[5014×3890], Iteration[5], Unexplained part[348343.573394], Percentage[48.005013%], delta%=[-0.042628%]
Round[76]: Size[5014×3890], Iteration[4], Unexplained part[349837.517013], Percentage[48.210892%], delta%=[-0.205879%]
Round[77]: Size[5014×3890], Iteration[4], Unexplained part[348241.119188], Percentage[47.990893%], delta%=[0.219999%]
Round[78]: Size[5014×3890], Iteration[5], Unexplained part[348010.808777], Percentage[47.959155%], delta%=[0.031739%]
Round[79]: Size[5014×3890], Iteration[4], Unexplained part[349055.073784], Percentage[48.103064%], delta%=[-0.143910%]
Round[80]: Size[5014×3890], Iteration[4], Unexplained part[349606.851965], Percentage[48.179104%], delta%=[-0.076040%]
Round[81]: Size[5014×3890], Iteration[4], Unexplained part[347165.362345], Percentage[47.842644%], delta%=[0.336460%]
Round[82]: Size[5014×3890], Iteration[3], Unexplained part[349354.172228], Percentage[48.144283%], delta%=[-0.301639%]
Round[83]: Size[5014×3890], Iteration[6], Unexplained part[347159.774474], Percentage[47.841874%], delta%=[0.302409%]
Round[84]: Size[5014×3890], Iteration[4], Unexplained part[349144.860432], Percentage[48.115437%], delta%=[-0.273563%]
Round[85]: Size[5014×3890], Iteration[6], Unexplained part[347491.819097], Percentage[47.887633%], delta%=[0.227805%]
Round[86]: Size[5014×3890], Iteration[4], Unexplained part[348879.893869], Percentage[48.078923%], delta%=[-0.191290%]
Round[87]: Size[5014×3890], Iteration[5], Unexplained part[347430.456443], Percentage[47.879177%], delta%=[0.199746%]
Round[88]: Size[5014×3890], Iteration[4], Unexplained part[347985.960235], Percentage[47.955730%], delta%=[-0.076554%]
Round[89]: Size[5014×3890], Iteration[4], Unexplained part[348589.432055], Percentage[48.038894%], delta%=[-0.083164%]
Round[90]: Size[5014×3890], Iteration[5], Unexplained part[346902.965724], Percentage[47.806483%], delta%=[0.232411%]
Round[91]: Size[5014×3890], Iteration[5], Unexplained part[347419.698810], Percentage[47.877694%], delta%=[-0.071211%]
Round[92]: Size[5014×3890], Iteration[4], Unexplained part[347333.268782], Percentage[47.865783%], delta%=[0.011911%]
Round[93]: Size[5014×3890], Iteration[4], Unexplained part[347321.705633], Percentage[47.864190%], delta%=[0.001594%]
Round[94]: Size[5014×3890], Iteration[5], Unexplained part[347240.853602], Percentage[47.853047%], delta%=[0.011142%]
Round[95]: Size[5014×3890], Iteration[5], Unexplained part[347177.013089], Percentage[47.844250%], delta%=[0.008798%]
Round[96]: Size[5014×3890], Iteration[5], Unexplained part[347187.042844], Percentage[47.845632%], delta%=[-0.001382%]
Round[97]: Size[5014×3890], Iteration[5], Unexplained part[347849.871828], Percentage[47.936976%], delta%=[-0.091344%]
Round[98]: Size[5014×3890], Iteration[5], Unexplained part[346993.501550], Percentage[47.818960%], delta%=[0.118016%]
Round[99]: Size[5014×3890], Iteration[4], Unexplained part[347349.226379], Percentage[47.867982%], delta%=[-0.049022%]
Round[100]: Size[5014×3890], Iteration[4], Unexplained part[348196.090025], Percentage[47.984688%], delta%=[-0.116706%]



===================== Average measures over K======================
map	precision	recall	NDCG	hr	arhr	
Random	0.56604	0.56604	0.11526	0.79078	0.56604	0.56604	
SparseNMF	0.54138	0.54138	0.11348	0.77927	0.54138	0.54138	
BoostCF, dim=1, l=0.00, ls=0.00, li=0.00, samle=0.20	0.50091	0.50091	0.10614	0.75189	0.50091	0.50091	
BoostCF, dim=1, l=0.00, ls=0.00, li=0.00, samle=1.00	0.48284	0.48284	0.1076	0.74757	0.48284	0.48284	
BoostCF, dim=1, l=0.00, ls=0.50, li=0.50, samle=0.20	0.47177	0.47177	0.096041	0.67912	0.47177	0.47177	
BoostCF, dim=1, l=0.00, ls=0.50, li=0.50, samle=1.00	0.40557	0.41945	0.11954	0.69804	0.4766	0.44695	
BoostCF, dim=2, l=0.00, ls=0.00, li=0.00, samle=0.20	0.4283	0.4283	0.10017	0.71015	0.4283	0.4283	
BoostCF, dim=2, l=0.00, ls=0.00, li=0.00, samle=1.00	0.42307	0.42307	0.089385	0.65048	0.42307	0.42307	
BoostCF, dim=2, l=0.00, ls=0.50, li=0.50, samle=0.20	0.0081025	0.0081025	0.00047787	0.12678	0.0081025	0.0081025	
BoostCF, dim=2, l=0.00, ls=0.50, li=0.50, samle=1.00	0.0069699	0.0069699	0.00044993	0.12628	0.0069699	0.0069699	


================ Largest measures over max_K=20 ==================
map	precision	recall	NDCG	hr	arhr	
Random	0.56769	0.56769	0.11552	0.79147	0.56769	0.56769	
SparseNMF	0.53894	0.53894	0.11314	0.77856	0.53894	0.53894	
BoostCF, dim=1, l=0.00, ls=0.00, li=0.00, samle=0.20	0.46733	0.46733	0.099532	0.72887	0.46733	0.46733	
BoostCF, dim=1, l=0.00, ls=0.00, li=0.00, samle=1.00	0.50497	0.50497	0.11007	0.76059	0.50497	0.50497	
BoostCF, dim=1, l=0.00, ls=0.50, li=0.50, samle=0.20	0.56717	0.56717	0.11548	0.79134	0.56717	0.56717	
BoostCF, dim=1, l=0.00, ls=0.50, li=0.50, samle=1.00	0.43551	0.51877	0.22645	0.7238	0.86171	0.68378	
BoostCF, dim=2, l=0.00, ls=0.00, li=0.00, samle=0.20	0.44511	0.44511	0.10233	0.71825	0.44511	0.44511	
BoostCF, dim=2, l=0.00, ls=0.00, li=0.00, samle=1.00	0.47177	0.47177	0.099956	0.73355	0.47177	0.47177	
BoostCF, dim=2, l=0.00, ls=0.50, li=0.50, samle=0.20	0.009932	0.009932	0.00054432	0.12887	0.009932	0.009932	
BoostCF, dim=2, l=0.00, ls=0.50, li=0.50, samle=1.00	0.0081025	0.0081025	0.00049965	0.12794	0.0081025	0.0081025	
