==============BoostCF #[3]===============
The initial unexplained part (sum of rating matrix) is 17925018.000000
dim=[1], lambda=[0.00], lambda_social=[0.00], lambda_item=[0.00], sim_threshold=[0.800000]
-------------------------------------------
Round[1]: Size[350×1518169], Iteration[50], Unexplained part[NaN], Percentage[NaN%], delta%=[NaN%]
Sample fail, the weight has some NaN, break!
-------------------------------------------


==============BoostCF #[4]===============
The initial unexplained part (sum of rating matrix) is 17925018.000000
dim=[1], lambda=[0.00], lambda_social=[0.00], lambda_item=[0.00], sim_threshold=[0.500000]
-------------------------------------------
Round[1]: Size[350×12], Iteration[0], Unexplained part[17925018.000000], Percentage[100.000000%], delta%=[0.000000%]
Round[2]: Size[348×1518169], Iteration[50], Unexplained part[NaN], Percentage[NaN%], delta%=[NaN%]
Sample fail, the weight has some NaN, break!
-------------------------------------------


==============BoostCF #[5]===============
The initial unexplained part (sum of rating matrix) is 17925018.000000
dim=[1], lambda=[0.00], lambda_social=[0.00], lambda_item=[0.00], sim_threshold=[0.200000]
-------------------------------------------
Round[1]: Size[350×49], Iteration[0], Unexplained part[17925018.000000], Percentage[100.000000%], delta%=[0.000000%]
Round[2]: Size[348×561], Iteration[50], Unexplained part[17925014.000000], Percentage[99.999978%], delta%=[0.000022%]
Round[3]: Size[259×215], Iteration[50], Unexplained part[17924970.000000], Percentage[99.999732%], delta%=[0.000245%]
Round[4]: Size[338×94], Iteration[50], Unexplained part[17924967.000000], Percentage[99.999715%], delta%=[0.000017%]
Round[5]: Size[285×287], Iteration[0], Unexplained part[17924967.000000], Percentage[99.999715%], delta%=[0.000000%]
Round[6]: Size[83×231], Iteration[0], Unexplained part[17924967.000000], Percentage[99.999715%], delta%=[0.000000%]
Round[7]: Size[347×265], Iteration[50], Unexplained part[17924947.000000], Percentage[99.999604%], delta%=[0.000112%]
Round[8]: Size[74×10], Iteration[0], Unexplained part[17924947.000000], Percentage[99.999604%], delta%=[0.000000%]
Round[9]: Size[346×26], Iteration[0], Unexplained part[17924947.000000], Percentage[99.999604%], delta%=[0.000000%]
Round[10]: Size[99×523], Iteration[50], Unexplained part[17924922.000000], Percentage[99.999464%], delta%=[0.000139%]
Round[11]: Size[224×124], Iteration[0], Unexplained part[17924922.000000], Percentage[99.999464%], delta%=[0.000000%]
Round[12]: Size[347×145], Iteration[50], Unexplained part[17924644.308894], Percentage[99.997915%], delta%=[0.001549%]
Round[13]: Size[128×551], Iteration[0], Unexplained part[17924644.308894], Percentage[99.997915%], delta%=[0.000000%]
Round[14]: Size[40×417], Iteration[0], Unexplained part[17924644.308894], Percentage[99.997915%], delta%=[0.000000%]
Round[15]: Size[345×27], Iteration[50], Unexplained part[17924618.318551], Percentage[99.997770%], delta%=[0.000145%]
Round[16]: Size[325×67], Iteration[50], Unexplained part[17924604.318552], Percentage[99.997692%], delta%=[0.000078%]
Round[17]: Size[325×14], Iteration[0], Unexplained part[17924604.318552], Percentage[99.997692%], delta%=[0.000000%]
Round[18]: Size[130×20], Iteration[0], Unexplained part[17924604.318552], Percentage[99.997692%], delta%=[0.000000%]
Round[19]: Size[98×284], Iteration[0], Unexplained part[17924604.318552], Percentage[99.997692%], delta%=[0.000000%]
Round[20]: Size[229×19], Iteration[50], Unexplained part[17924596.318552], Percentage[99.997648%], delta%=[0.000045%]
Round[21]: Size[290×1193], Iteration[50], Unexplained part[17924564.318552], Percentage[99.997469%], delta%=[0.000179%]
Round[22]: Size[141×21], Iteration[0], Unexplained part[17924564.318552], Percentage[99.997469%], delta%=[0.000000%]
Round[23]: Size[55×1538], Iteration[50], Unexplained part[17924559.318552], Percentage[99.997441%], delta%=[0.000028%]
Round[24]: Size[352×3199], Iteration[50], Unexplained part[17924524.318552], Percentage[99.997246%], delta%=[0.000195%]
Round[25]: Size[253×240], Iteration[50], Unexplained part[17924504.318552], Percentage[99.997134%], delta%=[0.000112%]
Round[26]: Size[349×366], Iteration[50], Unexplained part[17924480.323056], Percentage[99.997000%], delta%=[0.000134%]
Round[27]: Size[52×18], Iteration[0], Unexplained part[17924480.323056], Percentage[99.997000%], delta%=[0.000000%]
Round[28]: Size[258×169], Iteration[50], Unexplained part[17924443.336459], Percentage[99.996794%], delta%=[0.000206%]
Round[29]: Size[188×189], Iteration[0], Unexplained part[17924443.336459], Percentage[99.996794%], delta%=[0.000000%]
Round[30]: Size[293×119], Iteration[0], Unexplained part[17924443.336459], Percentage[99.996794%], delta%=[0.000000%]
Round[31]: Size[167×18], Iteration[0], Unexplained part[17924443.336459], Percentage[99.996794%], delta%=[0.000000%]
Round[32]: Size[254×3587], Iteration[0], Unexplained part[17924443.336459], Percentage[99.996794%], delta%=[0.000000%]
Round[33]: Size[348×2671], Iteration[50], Unexplained part[17924429.336034], Percentage[99.996716%], delta%=[0.000078%]
Round[34]: Size[216×38], Iteration[0], Unexplained part[17924429.336034], Percentage[99.996716%], delta%=[0.000000%]
Round[35]: Size[349×16], Iteration[0], Unexplained part[17924429.336034], Percentage[99.996716%], delta%=[0.000000%]
Round[36]: Size[226×727], Iteration[50], Unexplained part[17924425.336034], Percentage[99.996694%], delta%=[0.000022%]
Round[37]: Size[89×128], Iteration[0], Unexplained part[17924425.336034], Percentage[99.996694%], delta%=[0.000000%]
Round[38]: Size[270×115], Iteration[0], Unexplained part[17924425.336034], Percentage[99.996694%], delta%=[0.000000%]
Round[39]: Size[349×106], Iteration[50], Unexplained part[17924422.336034], Percentage[99.996677%], delta%=[0.000017%]
Round[40]: Size[49×2192], Iteration[50], Unexplained part[17924418.336034], Percentage[99.996655%], delta%=[0.000022%]
Round[41]: Size[140×17], Iteration[0], Unexplained part[17924418.336034], Percentage[99.996655%], delta%=[0.000000%]
Round[42]: Size[349×218], Iteration[50], Unexplained part[17924412.336034], Percentage[99.996621%], delta%=[0.000033%]
Round[43]: Size[347×17], Iteration[0], Unexplained part[17924412.336034], Percentage[99.996621%], delta%=[0.000000%]
Round[44]: Size[140×49], Iteration[0], Unexplained part[17924412.336034], Percentage[99.996621%], delta%=[0.000000%]
Round[45]: Size[340×159], Iteration[0], Unexplained part[17924412.336034], Percentage[99.996621%], delta%=[0.000000%]
Round[46]: Size[350×29], Iteration[50], Unexplained part[17924399.610238], Percentage[99.996550%], delta%=[0.000071%]
Round[47]: Size[346×355], Iteration[0], Unexplained part[17924399.610238], Percentage[99.996550%], delta%=[0.000000%]
Round[48]: Size[347×26], Iteration[0], Unexplained part[17924399.610238], Percentage[99.996550%], delta%=[0.000000%]
Round[49]: Size[336×548], Iteration[50], Unexplained part[17924379.610238], Percentage[99.996439%], delta%=[0.000112%]
Round[50]: Size[185×172], Iteration[0], Unexplained part[17924379.610238], Percentage[99.996439%], delta%=[0.000000%]
Round[51]: Size[304×97], Iteration[0], Unexplained part[17924379.610238], Percentage[99.996439%], delta%=[0.000000%]
Round[52]: Size[291×238], Iteration[50], Unexplained part[17924307.610238], Percentage[99.996037%], delta%=[0.000402%]
Round[53]: Size[18×1420], Iteration[0], Unexplained part[17924307.610238], Percentage[99.996037%], delta%=[0.000000%]
Round[54]: Size[220×112], Iteration[0], Unexplained part[17924307.610238], Percentage[99.996037%], delta%=[0.000000%]
Round[55]: Size[348×8], Iteration[0], Unexplained part[17924307.610238], Percentage[99.996037%], delta%=[0.000000%]
Round[56]: Size[96×126], Iteration[0], Unexplained part[17924307.610238], Percentage[99.996037%], delta%=[0.000000%]
Round[57]: Size[40×37], Iteration[0], Unexplained part[17924307.610238], Percentage[99.996037%], delta%=[0.000000%]
Round[58]: Size[220×252], Iteration[50], Unexplained part[17924304.610238], Percentage[99.996020%], delta%=[0.000017%]
Round[59]: Size[223×143], Iteration[0], Unexplained part[17924304.610238], Percentage[99.996020%], delta%=[0.000000%]
Round[60]: Size[336×579], Iteration[50], Unexplained part[17924238.610238], Percentage[99.995652%], delta%=[0.000368%]
Round[61]: Size[59×113], Iteration[0], Unexplained part[17924238.610238], Percentage[99.995652%], delta%=[0.000000%]
Round[62]: Size[328×158], Iteration[50], Unexplained part[17924212.800953], Percentage[99.995508%], delta%=[0.000144%]
Round[63]: Size[219×55], Iteration[0], Unexplained part[17924212.800953], Percentage[99.995508%], delta%=[0.000000%]
Round[64]: Size[77×540], Iteration[0], Unexplained part[17924212.800953], Percentage[99.995508%], delta%=[0.000000%]
Round[65]: Size[127×65], Iteration[0], Unexplained part[17924212.800953], Percentage[99.995508%], delta%=[0.000000%]
Round[66]: Size[324×466], Iteration[0], Unexplained part[17924212.800953], Percentage[99.995508%], delta%=[0.000000%]
Round[67]: Size[87×319], Iteration[0], Unexplained part[17924212.800953], Percentage[99.995508%], delta%=[0.000000%]
Round[68]: Size[144×257], Iteration[0], Unexplained part[17924212.800953], Percentage[99.995508%], delta%=[0.000000%]
Round[69]: Size[216×1729], Iteration[50], Unexplained part[17924201.800953], Percentage[99.995447%], delta%=[0.000061%]
Round[70]: Size[435×218], Iteration[0], Unexplained part[17924201.800953], Percentage[99.995447%], delta%=[0.000000%]
Round[71]: Size[275×295], Iteration[50], Unexplained part[17924198.800953], Percentage[99.995430%], delta%=[0.000017%]
Round[72]: Size[348×542], Iteration[50], Unexplained part[17923317.350182], Percentage[99.990512%], delta%=[0.004917%]
Round[73]: Size[47×4664], Iteration[0], Unexplained part[17923317.350182], Percentage[99.990512%], delta%=[0.000000%]
Round[74]: Size[306×4], Iteration[0], Unexplained part[17923317.350182], Percentage[99.990512%], delta%=[0.000000%]
Round[75]: Size[27062×1689], Iteration[50], Unexplained part[17923132.424378], Percentage[99.989481%], delta%=[0.001032%]
Round[76]: Size[230×919], Iteration[0], Unexplained part[17923132.424378], Percentage[99.989481%], delta%=[0.000000%]
Round[77]: Size[323×10], Iteration[50], Unexplained part[17923121.802341], Percentage[99.989422%], delta%=[0.000059%]
Round[78]: Size[347×941], Iteration[50], Unexplained part[17923118.802341], Percentage[99.989405%], delta%=[0.000017%]
Round[79]: Size[310×210], Iteration[50], Unexplained part[17923091.808142], Percentage[99.989254%], delta%=[0.000151%]
Round[80]: Size[129×425], Iteration[0], Unexplained part[17923091.808142], Percentage[99.989254%], delta%=[0.000000%]
Round[81]: Size[26210×498], Iteration[50], Unexplained part[17923061.808560], Percentage[99.989087%], delta%=[0.000167%]
Round[82]: Size[347×96], Iteration[50], Unexplained part[17923054.808560], Percentage[99.989048%], delta%=[0.000039%]
Round[83]: Size[346×58], Iteration[0], Unexplained part[17923054.808560], Percentage[99.989048%], delta%=[0.000000%]
Round[84]: Size[264×1906], Iteration[50], Unexplained part[17923015.808560], Percentage[99.988830%], delta%=[0.000218%]
Round[85]: Size[58×435], Iteration[0], Unexplained part[17923015.808560], Percentage[99.988830%], delta%=[0.000000%]
Round[86]: Size[52×2213], Iteration[0], Unexplained part[17923015.808560], Percentage[99.988830%], delta%=[0.000000%]
Round[87]: Size[82×174], Iteration[0], Unexplained part[17923015.808560], Percentage[99.988830%], delta%=[0.000000%]
Round[88]: Size[31×240], Iteration[0], Unexplained part[17923015.808560], Percentage[99.988830%], delta%=[0.000000%]
Round[89]: Size[293×137], Iteration[0], Unexplained part[17923015.808560], Percentage[99.988830%], delta%=[0.000000%]
Round[90]: Size[125×67], Iteration[0], Unexplained part[17923015.808560], Percentage[99.988830%], delta%=[0.000000%]
Round[91]: Size[346×172], Iteration[0], Unexplained part[17923015.808560], Percentage[99.988830%], delta%=[0.000000%]
Round[92]: Size[214×7], Iteration[0], Unexplained part[17923015.808560], Percentage[99.988830%], delta%=[0.000000%]
Round[93]: Size[347×265], Iteration[50], Unexplained part[17923010.808560], Percentage[99.988802%], delta%=[0.000028%]
Round[94]: Size[346×59], Iteration[0], Unexplained part[17923010.808560], Percentage[99.988802%], delta%=[0.000000%]
Round[95]: Size[347×7], Iteration[0], Unexplained part[17923010.808560], Percentage[99.988802%], delta%=[0.000000%]
Round[96]: Size[320×983], Iteration[50], Unexplained part[17922994.808560], Percentage[99.988713%], delta%=[0.000089%]
Round[97]: Size[205×70], Iteration[50], Unexplained part[17922984.085686], Percentage[99.988653%], delta%=[0.000060%]
Round[98]: Size[5269×123], Iteration[0], Unexplained part[17922984.085686], Percentage[99.988653%], delta%=[0.000000%]
Round[99]: Size[334×77], Iteration[50], Unexplained part[17922981.085686], Percentage[99.988636%], delta%=[0.000017%]
Round[100]: Size[301×120], Iteration[0], Unexplained part[17922981.085686], Percentage[99.988636%], delta%=[0.000000%]


==============BoostCF #[6]===============
The initial unexplained part (sum of rating matrix) is 17925018.000000
dim=[1], lambda=[0.00], lambda_social=[0.10], lambda_item=[0.10], sim_threshold=[0.800000]
-------------------------------------------
Round[1]: Size[350×1518169], Iteration[50], Unexplained part[17918441.584014], Percentage[99.963312%], delta%=[0.036688%]
Round[2]: Size[39×1518169], Iteration[50], Unexplained part[17917067.912543], Percentage[99.955648%], delta%=[0.007663%]
Round[3]: Size[238×5], Iteration[0], Unexplained part[17917067.912543], Percentage[99.955648%], delta%=[0.000000%]
Round[4]: Size[290×7], Iteration[50], Unexplained part[17917052.262781], Percentage[99.955561%], delta%=[0.000087%]
Round[5]: Size[349×1518169], Iteration[50], Unexplained part[17912918.201474], Percentage[99.932498%], delta%=[0.023063%]
Round[6]: Size[335×3], Iteration[0], Unexplained part[17912918.201474], Percentage[99.932498%], delta%=[0.000000%]
Round[7]: Size[193×99], Iteration[0], Unexplained part[17912918.201474], Percentage[99.932498%], delta%=[0.000000%]
Round[8]: Size[41×19], Iteration[0], Unexplained part[17912918.201474], Percentage[99.932498%], delta%=[0.000000%]
Round[9]: Size[346×14], Iteration[50], Unexplained part[17912896.706082], Percentage[99.932378%], delta%=[0.000120%]
Round[10]: Size[49×1518169], Iteration[50], Unexplained part[17912276.950651], Percentage[99.928920%], delta%=[0.003457%]
