==============BoostCF #[3]===============
The initial unexplained part (sum of rating matrix) is 725640.000000
dim=[1], lambda=[0.00], lambda_social=[0.00], lambda_item=[0.00], sim_threshold=[0.800000]
-------------------------------------------
Round[1]: Size[22×45], Iteration[50], Unexplained part[725627.000000], Percentage[99.998208%], delta%=[0.001792%]
Round[2]: Size[13×84], Iteration[50], Unexplained part[725611.000012], Percentage[99.996004%], delta%=[0.002205%]
Round[3]: Size[22×13], Iteration[50], Unexplained part[725561.767651], Percentage[99.989219%], delta%=[0.006785%]
Round[4]: Size[5014×23], Iteration[50], Unexplained part[720185.727495], Percentage[99.248350%], delta%=[0.740869%]
Round[5]: Size[11×8], Iteration[50], Unexplained part[720163.727628], Percentage[99.245318%], delta%=[0.003032%]
Round[6]: Size[10×19], Iteration[50], Unexplained part[720146.728591], Percentage[99.242976%], delta%=[0.002343%]
Round[7]: Size[21×7], Iteration[0], Unexplained part[720146.728591], Percentage[99.242976%], delta%=[0.000000%]
Round[8]: Size[12×15], Iteration[0], Unexplained part[720146.728591], Percentage[99.242976%], delta%=[0.000000%]
Round[9]: Size[22×72], Iteration[50], Unexplained part[720136.728591], Percentage[99.241598%], delta%=[0.001378%]
Round[10]: Size[16×20], Iteration[50], Unexplained part[720102.766865], Percentage[99.236917%], delta%=[0.004680%]
Round[11]: Size[14×13], Iteration[0], Unexplained part[720102.766865], Percentage[99.236917%], delta%=[0.000000%]
Round[12]: Size[18×3890], Iteration[50], Unexplained part[4556290.601616], Percentage[627.899592%], delta%=[-528.662675%]
Round[13]: Size[704×132], Iteration[50], Unexplained part[3775582.041147], Percentage[520.310628%], delta%=[107.588964%]
Round[14]: Size[5014×40], Iteration[50], Unexplained part[3735365.448512], Percentage[514.768404%], delta%=[5.542224%]
Round[15]: Size[42×114], Iteration[50], Unexplained part[3699495.033191], Percentage[509.825124%], delta%=[4.943280%]
Round[16]: Size[18×53], Iteration[50], Unexplained part[3375007.763231], Percentage[465.107734%], delta%=[44.717390%]
Round[17]: Size[18×29], Iteration[50], Unexplained part[3289210.564032], Percentage[453.284075%], delta%=[11.823659%]
Round[18]: Size[1011×106], Iteration[50], Unexplained part[3215164.673406], Percentage[443.079857%], delta%=[10.204218%]
Round[19]: Size[1191×70], Iteration[50], Unexplained part[3211722.637995], Percentage[442.605512%], delta%=[0.474345%]
Round[20]: Size[1122×129], Iteration[50], Unexplained part[3140141.856395], Percentage[432.741009%], delta%=[9.864503%]
Round[21]: Size[1191×137], Iteration[50], Unexplained part[3140099.856656], Percentage[432.735221%], delta%=[0.005788%]
Round[22]: Size[1191×152], Iteration[50], Unexplained part[2997991.219469], Percentage[413.151317%], delta%=[19.583903%]
Round[23]: Size[1044×109], Iteration[50], Unexplained part[2630291.644283], Percentage[362.478866%], delta%=[50.672451%]
Round[24]: Size[18×163], Iteration[50], Unexplained part[2015535.758648], Percentage[277.759737%], delta%=[84.719129%]
Round[25]: Size[5014×34], Iteration[50], Unexplained part[1888459.539072], Percentage[260.247442%], delta%=[17.512295%]
Round[26]: Size[5×21], Iteration[0], Unexplained part[1888459.539072], Percentage[260.247442%], delta%=[0.000000%]
Round[27]: Size[17×139], Iteration[50], Unexplained part[1855455.533054], Percentage[255.699180%], delta%=[4.548262%]
Round[28]: Size[732×23], Iteration[50], Unexplained part[1855447.646879], Percentage[255.698094%], delta%=[0.001087%]
Round[29]: Size[31×46], Iteration[50], Unexplained part[1855443.646879], Percentage[255.697542%], delta%=[0.000551%]
Round[30]: Size[7×193], Iteration[50], Unexplained part[1832042.241138], Percentage[252.472609%], delta%=[3.224933%]
Round[31]: Size[13×212], Iteration[50], Unexplained part[1806192.721295], Percentage[248.910303%], delta%=[3.562306%]
Round[32]: Size[7×69], Iteration[50], Unexplained part[1806190.721295], Percentage[248.910027%], delta%=[0.000276%]
Round[33]: Size[5×163], Iteration[50], Unexplained part[1797885.012269], Percentage[247.765423%], delta%=[1.144605%]
Round[34]: Size[18×233], Iteration[50], Unexplained part[1747170.756092], Percentage[240.776522%], delta%=[6.988900%]
Round[35]: Size[13×115], Iteration[50], Unexplained part[1741015.424138], Percentage[239.928260%], delta%=[0.848262%]
Round[36]: Size[732×39], Iteration[50], Unexplained part[1740883.921359], Percentage[239.910137%], delta%=[0.018122%]
Round[37]: Size[13×157], Iteration[50], Unexplained part[1731313.791591], Percentage[238.591284%], delta%=[1.318854%]
Round[38]: Size[16×80], Iteration[50], Unexplained part[1720917.819268], Percentage[237.158621%], delta%=[1.432663%]
Round[39]: Size[5014×52], Iteration[50], Unexplained part[1668431.267475], Percentage[229.925482%], delta%=[7.233139%]
Round[40]: Size[22×13], Iteration[50], Unexplained part[1668431.267475], Percentage[229.925482%], delta%=[0.000000%]
Round[41]: Size[5×22], Iteration[0], Unexplained part[1668431.267475], Percentage[229.925482%], delta%=[0.000000%]
Round[42]: Size[21×102], Iteration[50], Unexplained part[1662581.947463], Percentage[229.119391%], delta%=[0.806091%]
Round[43]: Size[18×106], Iteration[50], Unexplained part[1662426.122267], Percentage[229.097917%], delta%=[0.021474%]
Round[44]: Size[12×161], Iteration[50], Unexplained part[1656660.929798], Percentage[228.303419%], delta%=[0.794498%]
Round[45]: Size[1119×189], Iteration[50], Unexplained part[1628722.518441], Percentage[224.453244%], delta%=[3.850175%]
Round[46]: Size[4×8], Iteration[0], Unexplained part[1628722.518441], Percentage[224.453244%], delta%=[0.000000%]
Round[47]: Size[13×7], Iteration[50], Unexplained part[1628718.772723], Percentage[224.452728%], delta%=[0.000516%]
Round[48]: Size[20×72], Iteration[50], Unexplained part[1628716.772723], Percentage[224.452452%], delta%=[0.000276%]
Round[49]: Size[13×45], Iteration[50], Unexplained part[1627874.542845], Percentage[224.336385%], delta%=[0.116067%]
Round[50]: Size[1122×68], Iteration[50], Unexplained part[1591521.999315], Percentage[219.326663%], delta%=[5.009722%]
Round[51]: Size[1011×3], Iteration[50], Unexplained part[1591142.557840], Percentage[219.274373%], delta%=[0.052291%]
Round[52]: Size[13×131], Iteration[50], Unexplained part[1579580.062796], Percentage[217.680952%], delta%=[1.593420%]
Round[53]: Size[1059×240], Iteration[50], Unexplained part[1576069.134415], Percentage[217.197114%], delta%=[0.483839%]
Round[54]: Size[8×158], Iteration[50], Unexplained part[1572848.998986], Percentage[216.753349%], delta%=[0.443765%]
Round[55]: Size[22×58], Iteration[0], Unexplained part[1572848.998986], Percentage[216.753349%], delta%=[0.000000%]
Round[56]: Size[1119×43], Iteration[50], Unexplained part[1572807.513127], Percentage[216.747631%], delta%=[0.005717%]
Round[57]: Size[15×62], Iteration[50], Unexplained part[1568588.103486], Percentage[216.166157%], delta%=[0.581474%]
Round[58]: Size[15×125], Iteration[50], Unexplained part[1565554.604010], Percentage[215.748113%], delta%=[0.418045%]
Round[59]: Size[5014×27], Iteration[50], Unexplained part[1532374.798387], Percentage[211.175624%], delta%=[4.572489%]
Round[60]: Size[16×54], Iteration[50], Unexplained part[1532369.293020], Percentage[211.174865%], delta%=[0.000759%]
Round[61]: Size[22×370], Iteration[50], Unexplained part[1532272.225716], Percentage[211.161489%], delta%=[0.013377%]
Round[62]: Size[9×15], Iteration[50], Unexplained part[1522033.306738], Percentage[209.750469%], delta%=[1.411019%]
Round[63]: Size[21×28], Iteration[50], Unexplained part[1521188.907858], Percentage[209.634103%], delta%=[0.116366%]
Round[64]: Size[13×63], Iteration[50], Unexplained part[1516794.085280], Percentage[209.028456%], delta%=[0.605648%]
Round[65]: Size[18×18], Iteration[0], Unexplained part[1516794.085280], Percentage[209.028456%], delta%=[0.000000%]
Round[66]: Size[14×23], Iteration[50], Unexplained part[1516628.844684], Percentage[209.005684%], delta%=[0.022772%]
Round[67]: Size[22×5], Iteration[0], Unexplained part[1516628.844684], Percentage[209.005684%], delta%=[0.000000%]
Round[68]: Size[20×84], Iteration[50], Unexplained part[1516539.393859], Percentage[208.993357%], delta%=[0.012327%]
Round[69]: Size[6×13], Iteration[50], Unexplained part[1481199.972062], Percentage[204.123253%], delta%=[4.870104%]
Round[70]: Size[1283×35], Iteration[50], Unexplained part[1467917.918095], Percentage[202.292861%], delta%=[1.830392%]
Round[71]: Size[17×46], Iteration[50], Unexplained part[1467871.234303], Percentage[202.286428%], delta%=[0.006433%]
Round[72]: Size[1191×9], Iteration[50], Unexplained part[1456891.095987], Percentage[200.773262%], delta%=[1.513166%]
Round[73]: Size[14×189], Iteration[50], Unexplained part[1456853.326944], Percentage[200.768057%], delta%=[0.005205%]
Round[74]: Size[1035×29], Iteration[50], Unexplained part[1454864.423681], Percentage[200.493967%], delta%=[0.274090%]
Round[75]: Size[5014×44], Iteration[50], Unexplained part[1433397.436091], Percentage[197.535615%], delta%=[2.958352%]
Round[76]: Size[16×96], Iteration[50], Unexplained part[1433369.967336], Percentage[197.531829%], delta%=[0.003785%]
Round[77]: Size[18×26], Iteration[50], Unexplained part[1433043.086158], Percentage[197.486782%], delta%=[0.045047%]
Round[78]: Size[23×54], Iteration[50], Unexplained part[1432660.745772], Percentage[197.434092%], delta%=[0.052690%]
Round[79]: Size[21×24], Iteration[0], Unexplained part[1432660.745772], Percentage[197.434092%], delta%=[0.000000%]
Round[80]: Size[28×38], Iteration[50], Unexplained part[1432649.637932], Percentage[197.432561%], delta%=[0.001531%]
Round[81]: Size[17×233], Iteration[50], Unexplained part[1425636.974653], Percentage[196.466151%], delta%=[0.966411%]
Round[82]: Size[13×10], Iteration[0], Unexplained part[1425636.974653], Percentage[196.466151%], delta%=[0.000000%]
Round[83]: Size[18×9], Iteration[50], Unexplained part[1424813.331215], Percentage[196.352645%], delta%=[0.113506%]
Round[84]: Size[22×29], Iteration[0], Unexplained part[1424813.331215], Percentage[196.352645%], delta%=[0.000000%]
Round[85]: Size[7×11], Iteration[50], Unexplained part[1424803.174231], Percentage[196.351245%], delta%=[0.001400%]
Round[86]: Size[1035×15], Iteration[50], Unexplained part[1400546.650278], Percentage[193.008468%], delta%=[3.342777%]
Round[87]: Size[21×23], Iteration[50], Unexplained part[1400544.180676], Percentage[193.008128%], delta%=[0.000340%]
Round[88]: Size[18×73], Iteration[50], Unexplained part[1400402.210365], Percentage[192.988563%], delta%=[0.019565%]
Round[89]: Size[13×36], Iteration[50], Unexplained part[1392563.167947], Percentage[191.908270%], delta%=[1.080294%]
Round[90]: Size[22×64], Iteration[0], Unexplained part[1392563.167947], Percentage[191.908270%], delta%=[0.000000%]
Round[91]: Size[18×43], Iteration[0], Unexplained part[1392563.167947], Percentage[191.908270%], delta%=[0.000000%]
Round[92]: Size[18×137], Iteration[50], Unexplained part[1389439.442666], Percentage[191.477791%], delta%=[0.430479%]
Round[93]: Size[13×94], Iteration[50], Unexplained part[1389438.297107], Percentage[191.477633%], delta%=[0.000158%]
Round[94]: Size[14×66], Iteration[50], Unexplained part[1385966.039548], Percentage[190.999123%], delta%=[0.478510%]
Round[95]: Size[17×370], Iteration[50], Unexplained part[1379020.600283], Percentage[190.041977%], delta%=[0.957147%]
Round[96]: Size[18×154], Iteration[50], Unexplained part[1376778.414221], Percentage[189.732983%], delta%=[0.308994%]
Round[97]: Size[1059×551], Iteration[50], Unexplained part[1371407.154421], Percentage[188.992773%], delta%=[0.740210%]
Round[98]: Size[5014×63], Iteration[50], Unexplained part[1342369.087601], Percentage[184.991054%], delta%=[4.001718%]
Round[99]: Size[22×21], Iteration[0], Unexplained part[1342369.087601], Percentage[184.991054%], delta%=[0.000000%]
Round[100]: Size[20×21], Iteration[50], Unexplained part[1342369.087601], Percentage[184.991054%], delta%=[0.000000%]


==============BoostCF #[4]===============
The initial unexplained part (sum of rating matrix) is 725640.000000
dim=[1], lambda=[0.00], lambda_social=[0.00], lambda_item=[0.00], sim_threshold=[0.500000]
-------------------------------------------
Round[1]: Size[22×45], Iteration[50], Unexplained part[725627.000000], Percentage[99.998208%], delta%=[0.001792%]
Round[2]: Size[13×84], Iteration[50], Unexplained part[725611.000012], Percentage[99.996004%], delta%=[0.002205%]
Round[3]: Size[22×13], Iteration[50], Unexplained part[725561.767651], Percentage[99.989219%], delta%=[0.006785%]
Round[4]: Size[5014×23], Iteration[50], Unexplained part[720185.727495], Percentage[99.248350%], delta%=[0.740869%]
